  -5.000000000e-01  -3.894003915e-01  -4.692701701e-01  -5.855887997e-01  -3.529515405e-01  -5.614386918e-01  -3.771016485e-01  -5.000000000e-01   5.210133843e-01  -4.209849301e-01  -3.894003915e-01  -5.855887997e-01  -8.358521172e-02
  -4.924623116e-01  -3.864099315e-01  -4.595446623e-01  -5.758632919e-01  -3.432260327e-01  -5.518345413e-01  -3.672547833e-01  -5.000000000e-01   5.210133843e-01  -4.205763759e-01  -3.803978758e-01  -5.812504824e-01  -7.924689446e-02
  -4.849246231e-01  -3.833090460e-01  -4.498735706e-01  -5.661922002e-01  -3.335549410e-01  -5.422848069e-01  -3.574623343e-01  -5.000000000e-01   5.210133843e-01  -4.201319067e-01  -3.714008703e-01  -5.769121652e-01  -7.490857720e-02
  -4.773869347e-01  -3.800979796e-01  -4.402568949e-01  -5.565755245e-01  -3.239382653e-01  -5.327894886e-01  -3.477243013e-01  -5.000000000e-01   5.210133843e-01  -4.196515224e-01  -3.624093544e-01  -5.725738479e-01  -7.057025993e-02
  -4.698492462e-01  -3.767770286e-01  -4.306946353e-01  -5.470132649e-01  -3.143760057e-01  -5.233485863e-01  -3.380406843e-01  -5.000000000e-01   5.210133843e-01  -4.191352231e-01  -3.534233075e-01  -5.682355307e-01  -6.623194267e-02
  -4.623115578e-01  -3.733465418e-01  -4.211867918e-01  -5.375054214e-01  -3.048681622e-01  -5.139621001e-01  -3.284114835e-01  -5.000000000e-01   5.210133843e-01  -4.185830087e-01  -3.444427089e-01  -5.638972134e-01  -6.189362541e-02
  -4.547738693e-01  -3.698069204e-01  -4.117333643e-01  -5.280519939e-01  -2.954147347e-01  -5.046300300e-01  -3.188366987e-01  -5.000000000e-01   5.210133843e-01  -4.179948794e-01  -3.354675382e-01  -5.595588961e-01  -5.755530814e-02
  -4.472361809e-01  -3.661586182e-01  -4.023343529e-01  -5.186529825e-01  -2.860157233e-01  -4.953523759e-01  -3.093163300e-01  -5.000000000e-01   5.210133843e-01  -4.173708349e-01  -3.264977750e-01  -5.552205789e-01  -5.321699088e-02
  -4.396984925e-01  -3.624021415e-01  -3.929897576e-01  -5.093083872e-01  -2.766711280e-01  -4.861291379e-01  -2.998503773e-01  -5.000000000e-01   5.210133843e-01  -4.167108755e-01  -3.175333989e-01  -5.508822616e-01  -4.887867362e-02
  -4.321608040e-01  -3.585380496e-01  -3.836995783e-01  -5.000182079e-01  -2.673809487e-01  -4.769603159e-01  -2.904388407e-01  -5.000000000e-01   5.210133843e-01  -4.160150010e-01  -3.085743896e-01  -5.465439443e-01  -4.454035635e-02
  -4.246231156e-01  -3.545669545e-01  -3.744638151e-01  -4.907824447e-01  -2.581451855e-01  -4.678459100e-01  -2.810817202e-01  -5.000000000e-01   5.210133843e-01  -4.152832115e-01  -2.996207269e-01  -5.422056271e-01  -4.020203909e-02
  -4.170854271e-01  -3.504895209e-01  -3.652824680e-01  -4.816010975e-01  -2.489638384e-01  -4.587859202e-01  -2.717790157e-01  -5.000000000e-01   5.210133843e-01  -4.145155069e-01  -2.906723908e-01  -5.378673098e-01  -3.586372183e-02
  -4.095477387e-01  -3.463064665e-01  -3.561555369e-01  -4.724741665e-01  -2.398369073e-01  -4.497803465e-01  -2.625307273e-01  -5.000000000e-01   5.210133843e-01  -4.137118873e-01  -2.817293612e-01  -5.335289925e-01  -3.152540457e-02
  -4.020100503e-01  -3.420185613e-01  -3.470830219e-01  -4.634016515e-01  -2.307643923e-01  -4.408291888e-01  -2.533368550e-01  -5.000000000e-01   5.210133843e-01  -4.128723527e-01  -2.727916182e-01  -5.291906753e-01  -2.718708730e-02
  -3.944723618e-01  -3.376266283e-01  -3.380649229e-01  -4.543835525e-01  -2.217462934e-01  -4.319324472e-01  -2.441973987e-01  -5.000000000e-01   5.210133843e-01  -4.119969031e-01  -2.638591418e-01  -5.248523580e-01  -2.284877004e-02
  -3.869346734e-01  -3.331315426e-01  -3.291012401e-01  -4.454198696e-01  -2.127826105e-01  -4.230901216e-01  -2.351123585e-01  -5.000000000e-01   5.210133843e-01  -4.110855384e-01  -2.549319122e-01  -5.205140408e-01  -1.851045278e-02
  -3.793969849e-01  -3.285342316e-01  -3.201919733e-01  -4.365106028e-01  -2.038733437e-01  -4.143022122e-01  -2.260817344e-01  -5.000000000e-01   5.210133843e-01  -4.101382587e-01  -2.460099098e-01  -5.161757235e-01  -1.417213551e-02
  -3.718592965e-01  -3.238356750e-01  -3.113371225e-01  -4.276557521e-01  -1.950184929e-01  -4.055687187e-01  -2.171055263e-01  -5.000000000e-01   5.210133843e-01  -4.091550639e-01  -2.370931148e-01  -5.118374062e-01  -9.833818249e-03
  -3.643216080e-01  -3.190369038e-01  -3.025366878e-01  -4.188553174e-01  -1.862180583e-01  -3.968896414e-01  -2.081837343e-01  -5.000000000e-01   5.210133843e-01  -4.081359541e-01  -2.281815077e-01  -5.074990890e-01  -5.495500986e-03
  -3.567839196e-01  -3.141390009e-01  -2.937906692e-01  -4.101092988e-01  -1.774720396e-01  -3.882649801e-01  -1.993163584e-01  -5.000000000e-01   5.210133843e-01  -4.070809293e-01  -2.192750689e-01  -5.031607717e-01  -1.157183723e-03
  -3.492462312e-01  -3.091431001e-01  -2.850990667e-01  -4.014176963e-01  -1.687804371e-01  -3.796947349e-01  -1.905033985e-01  -5.000000000e-01   5.210133843e-01  -4.059899894e-01  -2.103737790e-01  -4.988224544e-01   3.181133540e-03
  -3.417085427e-01  -3.040503861e-01  -2.764618802e-01  -3.927805098e-01  -1.601432506e-01  -3.711789057e-01  -1.817448547e-01  -5.000000000e-01   5.210133843e-01  -4.048631345e-01  -2.014776186e-01  -4.944841372e-01   7.519450804e-03
  -3.341708543e-01  -2.988620937e-01  -2.678791098e-01  -3.841977394e-01  -1.515604802e-01  -3.627174926e-01  -1.730407269e-01  -5.000000000e-01   5.210133843e-01  -4.037003646e-01  -1.925865685e-01  -4.901458199e-01   1.185776807e-02
  -3.266331658e-01  -2.935795081e-01  -2.593507554e-01  -3.756693850e-01  -1.430321259e-01  -3.543104956e-01  -1.643910153e-01  -5.000000000e-01   5.210133843e-01  -3.996923259e-01  -1.837006093e-01  -4.858075027e-01   1.619608533e-02
  -3.190954774e-01  -2.882039636e-01  -2.508768172e-01  -3.671954467e-01  -1.345581876e-01  -3.459579147e-01  -1.557957197e-01  -5.000000000e-01   5.210133843e-01  -3.953311227e-01  -1.748197221e-01  -4.814691854e-01   2.053440259e-02
  -3.115577889e-01  -2.827368435e-01  -2.424572949e-01  -3.587759245e-01  -1.261386654e-01  -3.376597498e-01  -1.472548401e-01  -5.000000000e-01   5.210133843e-01  -3.909699195e-01  -1.659438876e-01  -4.771308681e-01   2.487271986e-02
  -3.040201005e-01  -2.771795796e-01  -2.340921888e-01  -3.504108184e-01  -1.177735592e-01  -3.294160010e-01  -1.387683766e-01  -5.000000000e-01   5.210133843e-01  -3.866087162e-01  -1.570730869e-01  -4.727925509e-01   2.921103712e-02
  -2.964824121e-01  -2.715336513e-01  -2.257814987e-01  -3.421001283e-01  -1.094628691e-01  -3.212266682e-01  -1.303363292e-01  -5.000000000e-01   5.210133843e-01  -3.822475130e-01  -1.482073010e-01  -4.684542336e-01   3.354935438e-02
  -2.889447236e-01  -2.658005854e-01  -2.175252247e-01  -3.338438543e-01  -1.012065951e-01  -3.130917515e-01  -1.219586979e-01  -5.000000000e-01   5.210133843e-01  -3.778863098e-01  -1.393465111e-01  -4.641159163e-01   3.788767165e-02
  -2.814070352e-01  -2.599819552e-01  -2.093233667e-01  -3.256419963e-01  -9.300473717e-02  -3.050112509e-01  -1.136354826e-01  -5.000000000e-01   5.210133843e-01  -3.735251066e-01  -1.304906983e-01  -4.597775991e-01   4.222598891e-02
  -2.738693467e-01  -2.540793797e-01  -2.011759249e-01  -3.174945544e-01  -8.485729528e-02  -2.969851663e-01  -1.053666834e-01  -5.000000000e-01   5.210133843e-01  -3.691639033e-01  -1.216398441e-01  -4.554392818e-01   4.656430617e-02
  -2.663316583e-01  -2.480945232e-01  -1.930828990e-01  -3.094015286e-01  -7.676426946e-02  -2.890134978e-01  -9.715230026e-02  -5.000000000e-01   5.210133843e-01  -3.648027001e-01  -1.127939296e-01  -4.511009645e-01   5.090262344e-02
  -2.587939698e-01  -2.420290942e-01  -1.850442893e-01  -3.013629189e-01  -6.872565971e-02  -2.810962454e-01  -8.899233318e-02  -5.000000000e-01   5.210133843e-01  -3.604414969e-01  -1.039529363e-01  -4.467626473e-01   5.524094070e-02
  -2.512562814e-01  -2.358848449e-01  -1.770600956e-01  -2.933787252e-01  -6.074146602e-02  -2.732334090e-01  -8.088678216e-02  -5.000000000e-01   5.210133843e-01  -3.560802937e-01  -9.511684580e-02  -4.424243300e-01   5.957925796e-02
  -2.437185930e-01  -2.296635702e-01  -1.691303180e-01  -2.854489476e-01  -5.281168840e-02  -2.654249887e-01  -7.283564722e-02  -5.000000000e-01   5.210133843e-01  -3.517190905e-01  -8.628563952e-02  -4.380860128e-01   6.391757523e-02
  -2.361809045e-01  -2.233671067e-01  -1.612549564e-01  -2.775735860e-01  -4.493632685e-02  -2.576709845e-01  -6.483892834e-02  -5.000000000e-01   5.210133843e-01  -3.473578872e-01  -7.745929913e-02  -4.337476955e-01   6.825589249e-02
  -2.286432161e-01  -2.169973323e-01  -1.534340109e-01  -2.697526405e-01  -3.711538136e-02  -2.499713964e-01  -5.689662552e-02  -5.000000000e-01   5.210133843e-01  -3.429966840e-01  -6.863780633e-02  -4.294093782e-01   7.259420975e-02
  -2.211055276e-01  -2.105561648e-01  -1.456674815e-01  -2.619861111e-01  -2.934885194e-02  -2.423262243e-01  -4.900873877e-02  -5.000000000e-01   5.210133843e-01  -3.386354808e-01  -5.982114289e-02  -4.250710610e-01   7.693252702e-02
  -2.135678392e-01  -2.040455612e-01  -1.379553682e-01  -2.542739977e-01  -2.163673858e-02  -2.347354682e-01  -4.117526809e-02  -5.000000000e-01   5.210133843e-01  -3.342742776e-01  -5.100929063e-02  -4.207327437e-01   8.127084428e-02
  -2.060301508e-01  -1.974675166e-01  -1.302976709e-01  -2.466163005e-01  -1.397904129e-02  -2.271991283e-01  -3.339621347e-02  -5.000000000e-01   5.210133843e-01  -3.299130743e-01  -4.220223145e-02  -4.163944264e-01   8.560916154e-02
  -1.984924623e-01  -1.908240632e-01  -1.226943896e-01  -2.390130192e-01  -6.375760064e-03  -2.197172044e-01  -2.567157492e-02  -5.000000000e-01   5.210133843e-01  -3.255518711e-01  -3.339994734e-02  -4.120561092e-01   8.994747880e-02
  -1.909547739e-01  -1.841172694e-01  -1.151455245e-01  -2.314641541e-01   1.173105095e-03  -2.122896965e-01  -1.800135244e-02  -5.000000000e-01   5.210133843e-01  -3.211906679e-01  -2.460242031e-02  -4.077177919e-01   9.428579607e-02
  -1.834170854e-01  -1.773492385e-01  -1.076510754e-01  -2.239697050e-01   8.667554187e-03  -2.049166048e-01  -1.038554602e-02  -5.000000000e-01   5.210133843e-01  -3.168294647e-01  -1.580963249e-02  -4.033794747e-01   9.862411333e-02
  -1.758793970e-01  -1.705221079e-01  -1.002110424e-01  -2.165296719e-01   1.610758721e-02  -1.975979291e-01  -2.824155667e-03  -5.000000000e-01   5.210133843e-01  -3.124682615e-01  -7.021566037e-03  -3.990411574e-01   1.029624306e-01
  -1.683417085e-01  -1.636380477e-01  -9.282542541e-02  -2.091440550e-01   2.349320417e-02  -1.903336694e-01   4.682818620e-03  -5.000000000e-01   5.210133843e-01  -3.081070582e-01   1.761796805e-03  -3.947028401e-01   1.073007479e-01
  -1.608040201e-01  -1.566992596e-01  -8.549422451e-02  -2.018128541e-01   3.082440507e-02  -1.831238259e-01   1.213537684e-02  -5.000000000e-01   5.210133843e-01  -3.037458550e-01   1.054047373e-02  -3.903645229e-01   1.116390651e-01
  -1.532663317e-01  -1.497079759e-01  -7.821743968e-02  -1.945360693e-01   3.810118990e-02  -1.759683984e-01   1.953351900e-02  -5.000000000e-01   5.210133843e-01  -2.993846518e-01   1.931448236e-02  -3.860262056e-01   1.159773824e-01
  -1.457286432e-01  -1.426664584e-01  -7.099507092e-02  -1.873137005e-01   4.532355866e-02  -1.688673869e-01   2.687724508e-02  -5.000000000e-01   5.210133843e-01  -2.950234486e-01   2.687724508e-02  -3.816878883e-01   1.203156996e-01
  -1.381909548e-01  -1.355769965e-01  -6.382711822e-02  -1.801457478e-01   5.249151136e-02  -1.618207916e-01   3.416655511e-02  -5.000000000e-01   5.210133843e-01  -2.906622453e-01   3.416655511e-02  -3.773495711e-01   1.246540169e-01
  -1.306532663e-01  -1.284419070e-01  -5.671358159e-02  -1.730322112e-01   5.960504799e-02  -1.548286123e-01   4.140144906e-02  -5.000000000e-01   5.210133843e-01  -2.863010421e-01   4.140144906e-02  -3.730112538e-01   1.289923342e-01
  -1.231155779e-01  -1.212635318e-01  -4.965446103e-02  -1.659730906e-01   6.666416855e-02  -1.478908490e-01   4.858192695e-02  -5.000000000e-01   5.210133843e-01  -2.819398389e-01   4.858192695e-02  -3.686729365e-01   1.333306514e-01
  -1.155778894e-01  -1.140442375e-01  -4.264975653e-02  -1.589683861e-01   7.366887305e-02  -1.410075018e-01   5.570798878e-02  -5.000000000e-01   5.210133843e-01  -2.775786357e-01   5.570798878e-02  -3.643346193e-01   1.376689687e-01
  -1.080402010e-01  -1.067864135e-01  -3.569946810e-02  -1.520180977e-01   8.061916148e-02  -1.341785707e-01   6.277963454e-02  -5.000000000e-01   5.210133843e-01  -2.732174325e-01   6.277963454e-02  -3.599963020e-01   1.420072860e-01
  -1.005025126e-01  -9.949247098e-02  -2.880359573e-02  -1.451222253e-01   8.751503385e-02  -1.274040557e-01   6.979686423e-02  -5.000000000e-01   5.210133843e-01  -2.688562292e-01   6.979686423e-02  -3.556579848e-01   1.463456032e-01
  -9.296482412e-02  -9.216484137e-02  -2.196213943e-02  -1.382807690e-01   9.435649015e-02  -1.206839567e-01   7.675967786e-02  -5.000000000e-01   5.210133843e-01  -2.644950260e-01   7.675967786e-02  -3.513196675e-01   1.506839205e-01
  -8.542713568e-02  -8.480597522e-02  -1.517509920e-02  -1.314937288e-01   1.011435304e-01  -1.140182738e-01   8.366807542e-02  -5.000000000e-01   5.210133843e-01  -2.601338228e-01   8.366807542e-02  -3.469813502e-01   1.550222378e-01
  -7.788944724e-02  -7.741834068e-02  -8.442475031e-03  -1.247611046e-01   1.078761546e-01  -1.074070070e-01   9.052205691e-02  -5.000000000e-01   5.210133843e-01  -2.557726196e-01   9.052205691e-02  -3.426430330e-01   1.593605550e-01
  -7.035175879e-02  -7.000442217e-02  -1.764266928e-03  -1.180828965e-01   1.145543627e-01  -1.008501562e-01   9.732162234e-02  -5.000000000e-01   5.210133843e-01  -2.514114163e-01   9.732162234e-02  -3.383047157e-01   1.636988723e-01
  -6.281407035e-02  -6.256671899e-02   4.859525108e-03  -1.114591045e-01   1.211781547e-01  -9.434772149e-02   1.040667717e-01  -5.000000000e-01   5.210133843e-01  -2.470502131e-01   1.040667717e-01  -3.339663984e-01   1.680371895e-01
  -5.527638191e-02  -5.510774388e-02   1.142890108e-02  -1.048897285e-01   1.277475307e-01  -8.789970284e-02   1.107575050e-01  -5.000000000e-01   5.210133843e-01  -2.426890099e-01   1.107575050e-01  -3.296280812e-01   1.723755068e-01
  -4.773869347e-02  -4.763002168e-02   1.794386098e-02  -9.837476860e-02   1.342624906e-01  -8.150610026e-02   1.173938222e-01  -5.000000000e-01   5.210133843e-01  -2.383278067e-01   1.173938222e-01  -3.252897639e-01   1.767138241e-01
  -4.020100503e-02  -4.013608782e-02   2.440440482e-02  -9.191422476e-02   1.407230344e-01  -7.516691375e-02   1.239757234e-01  -5.000000000e-01   5.210133843e-01  -2.339666035e-01   1.239757234e-01  -3.209514467e-01   1.810521413e-01
  -3.266331658e-02  -3.262848693e-02   3.081053259e-02  -8.550809699e-02   1.471291622e-01  -6.888214331e-02   1.305032085e-01  -5.000000000e-01   5.210133843e-01  -2.296054002e-01   1.305032085e-01  -3.166131294e-01   1.853904586e-01
  -2.512562814e-02  -2.510977141e-02   3.716224430e-02  -7.915638528e-02   1.534808739e-01  -6.265178893e-02   1.369762775e-01  -5.000000000e-01   5.210133843e-01  -2.252441970e-01   1.369762775e-01  -3.122748121e-01   1.897287759e-01
  -1.758793970e-02  -1.758249996e-02   4.345953994e-02  -7.285908964e-02   1.597781695e-01  -5.647585061e-02   1.433949305e-01  -5.000000000e-01   5.210133843e-01  -2.208829938e-01   1.433949305e-01  -3.079364949e-01   1.940670931e-01
  -1.005025126e-02  -1.004923616e-02   4.970241951e-02  -6.661621007e-02   1.660210491e-01  -5.035432836e-02   1.497591674e-01  -5.000000000e-01   5.210133843e-01  -2.165217906e-01   1.497591674e-01  -3.035981776e-01   1.984054104e-01
  -2.512562814e-03  -2.512546952e-03   5.589088302e-02  -6.042774656e-02   1.722095126e-01  -4.428722218e-02   1.560689882e-01  -5.000000000e-01   5.210133843e-01  -2.121605874e-01   1.560689882e-01  -2.992598603e-01   2.027437276e-01
   5.025125628e-03   5.024998736e-03   6.202493046e-02  -5.429369912e-02   1.783435600e-01  -3.827453207e-02   1.623243930e-01  -5.000000000e-01   5.210133843e-01  -2.077993841e-01   1.623243930e-01  -2.949215431e-01   2.070820449e-01
   1.256281407e-02   1.256083151e-02   6.810456184e-02  -4.821406774e-02   1.844231914e-01  -3.231625802e-02   1.685253817e-01  -5.000000000e-01   5.210133843e-01  -2.034381809e-01   1.685253817e-01  -2.905832258e-01   2.114203622e-01
   2.010050251e-02   2.009238294e-02   7.412977715e-02  -4.218885243e-02   1.904484067e-01  -2.641240003e-02   1.746719543e-01  -5.000000000e-01   5.210133843e-01  -1.990769777e-01   1.746719543e-01  -2.862449085e-01   2.157586794e-01
   2.763819095e-02   2.761708704e-02   8.010057639e-02  -3.621805319e-02   1.964192060e-01  -2.056295811e-02   1.807641109e-01  -5.000000000e-01   5.210133843e-01  -1.947157745e-01   1.807641109e-01  -2.819065913e-01   2.200969967e-01
   3.517587940e-02   3.513238170e-02   8.601695957e-02  -3.030167001e-02   2.023355892e-01  -1.476793226e-02   1.868018514e-01  -5.000000000e-01   5.210133843e-01  -1.903545712e-01   1.868018514e-01  -2.775682740e-01   2.244353140e-01
   4.271356784e-02   4.263571016e-02   9.187892668e-02  -2.443970290e-02   2.081975563e-01  -9.027322477e-03   1.927851758e-01  -5.000000000e-01   5.210133843e-01  -1.859933680e-01   1.927851758e-01  -2.732299568e-01   2.287736312e-01
   5.025125628e-02   5.012452245e-02   9.768647773e-02  -1.863215185e-02   2.140051073e-01  -3.341128758e-03   1.987140842e-01  -5.000000000e-01   5.210133843e-01  -1.816321648e-01   1.987140842e-01  -2.688916395e-01   2.331119485e-01
   5.778894472e-02   5.759627684e-02   1.034396127e-01  -1.287901687e-02   2.197582423e-01   2.290648896e-03   2.045885765e-01  -5.000000000e-01   5.210133843e-01  -1.772709616e-01   2.045885765e-01  -2.645533222e-01   2.374502658e-01
   6.532663317e-02   6.504844127e-02   1.091383316e-01  -7.180297960e-03   2.254569612e-01   7.868010484e-03   2.104086528e-01  -5.000000000e-01   5.210133843e-01  -1.729097584e-01   2.104086528e-01  -2.602150050e-01   2.417885830e-01
   7.286432161e-02   7.247849479e-02   1.147826345e-01  -1.535995112e-03   2.311012640e-01   1.339095601e-02   2.161743129e-01  -5.000000000e-01   5.210133843e-01  -1.685485551e-01   2.161743129e-01  -2.558766877e-01   2.461269003e-01
   8.040201005e-02   7.988392897e-02   1.203725213e-01   4.053891670e-03   2.366911508e-01   1.885948546e-02   2.218855570e-01  -5.000000000e-01   5.210133843e-01  -1.641873519e-01   2.218855570e-01  -2.515383704e-01   2.504652175e-01
   8.793969849e-02   8.726224932e-02   1.259079920e-01   9.589362386e-03   2.422266215e-01   2.427359885e-02   2.275423851e-01  -5.000000000e-01   5.210133843e-01  -1.598261487e-01   2.275423851e-01  -2.472000532e-01   2.548035348e-01
   9.547738693e-02   9.461097669e-02   1.313890466e-01   1.507041704e-02   2.477076762e-01   2.963329617e-02   2.331447971e-01  -5.000000000e-01   5.210133843e-01  -1.554649455e-01   2.331447971e-01  -2.428617359e-01   2.591418521e-01
   1.030150754e-01   1.019276487e-01   1.368156852e-01   2.049705562e-02   2.531343148e-01   3.493857743e-02   2.386927930e-01  -5.000000000e-01   5.210133843e-01  -1.511037422e-01   2.386927930e-01  -2.385234186e-01   2.634801693e-01
   1.105527638e-01   1.092098209e-01   1.421879077e-01   2.586927814e-02   2.585065373e-01   4.018944262e-02   2.441863728e-01  -5.000000000e-01   5.210133843e-01  -1.467425390e-01   2.441863728e-01  -2.341851014e-01   2.678184866e-01
   1.180904523e-01   1.164550685e-01   1.475057142e-01   3.118708459e-02   2.638243438e-01   4.538589175e-02   2.496255366e-01  -5.000000000e-01   5.210133843e-01  -1.423813358e-01   2.496255366e-01  -2.298467841e-01   2.721568039e-01
   1.256281407e-01   1.236609875e-01   1.527691046e-01   3.645047497e-02   2.690877341e-01   5.052792481e-02   2.550102843e-01  -5.000000000e-01   5.210133843e-01  -1.380201326e-01   2.550102843e-01  -2.255084669e-01   2.764951211e-01
   1.331658291e-01   1.308251958e-01   1.579780789e-01   4.165944929e-02   2.742967085e-01   5.561554180e-02   2.603406159e-01  -5.000000000e-01   5.210133843e-01  -1.336589294e-01   2.603406159e-01  -2.211701496e-01   2.808334384e-01
   1.407035176e-01   1.379453351e-01   1.631326371e-01   4.681400755e-02   2.794512667e-01   6.064874273e-02   2.656165315e-01  -5.000000000e-01   5.210133843e-01  -1.292977261e-01   2.656165315e-01  -2.168318323e-01   2.851717556e-01
   1.482412060e-01   1.450190717e-01   1.682327793e-01   5.191414973e-02   2.845514089e-01   6.562752759e-02   2.708380310e-01  -5.000000000e-01   5.210133843e-01  -1.249365229e-01   2.708380310e-01  -2.124935151e-01   2.895100729e-01
   1.557788945e-01   1.520440976e-01   1.732785054e-01   5.695987586e-02   2.895971350e-01   7.055189639e-02   2.760051145e-01  -5.000000000e-01   5.210133843e-01  -1.205753197e-01   2.760051145e-01  -2.081551978e-01   2.938483902e-01
   1.633165829e-01   1.590181326e-01   1.782698155e-01   6.195118591e-02   2.945884451e-01   7.542184911e-02   2.811177819e-01  -5.000000000e-01   5.210133843e-01  -1.162141165e-01   2.811177819e-01  -2.038168805e-01   2.981867074e-01
   1.708542714e-01   1.659389246e-01   1.832067095e-01   6.688807990e-02   2.995253391e-01   8.023738578e-02   2.861760332e-01  -5.000000000e-01   5.210133843e-01  -1.118529132e-01   2.861760332e-01  -1.994785633e-01   3.025250247e-01
   1.783919598e-01   1.728042515e-01   1.880891874e-01   7.177055782e-02   3.044078170e-01   8.499850638e-02   2.911798684e-01  -5.000000000e-01   5.210133843e-01  -1.074917100e-01   2.911798684e-01  -1.951402460e-01   3.068633420e-01
   1.859296482e-01   1.796119217e-01   1.929172493e-01   7.659861968e-02   3.092358788e-01   8.970521091e-02   2.961292876e-01  -5.000000000e-01   5.210133843e-01  -1.031305068e-01   2.961292876e-01  -1.908019288e-01   3.112016592e-01
   1.934673367e-01   1.863597760e-01   1.976908951e-01   8.137226547e-02   3.140095246e-01   9.435749937e-02   3.010242907e-01  -5.000000000e-01   5.210133843e-01  -9.876930358e-02   3.010242907e-01  -1.864636115e-01   3.155399765e-01
   2.010050251e-01   1.930456884e-01   2.024101248e-01   8.609149520e-02   3.187287544e-01   9.895537177e-02   3.058648778e-01  -5.000000000e-01   5.210133843e-01  -9.440810036e-02   3.058648778e-01  -1.821252942e-01   3.198782938e-01
   2.085427136e-01   1.996675669e-01   2.070749384e-01   9.075630886e-02   3.233935680e-01   1.034988281e-01   3.106510488e-01  -5.000000000e-01   5.210133843e-01  -9.004689714e-02   3.106510488e-01  -1.777869770e-01   3.242166110e-01
   2.160804020e-01   2.062233552e-01   2.116853360e-01   9.536670645e-02   3.280039656e-01   1.079878684e-01   3.153828037e-01  -5.000000000e-01   5.210133843e-01  -8.568569391e-02   3.153828037e-01  -1.734486597e-01   3.285549283e-01
   2.236180905e-01   2.127110332e-01   2.162413176e-01   9.992268798e-02   3.325599471e-01   1.124224926e-01   3.200601425e-01  -5.000000000e-01   5.210133843e-01  -8.132449069e-02   3.200601425e-01  -1.691103424e-01   3.328932455e-01
   2.311557789e-01   2.191286185e-01   2.207428830e-01   1.044242534e-01   3.370615126e-01   1.168027007e-01   3.246830653e-01  -5.000000000e-01   5.210133843e-01  -7.696328747e-02   3.246830653e-01  -1.647720252e-01   3.372315628e-01
   2.386934673e-01   2.254741671e-01   2.251900324e-01   1.088714028e-01   3.415086620e-01   1.211284928e-01   3.292515721e-01  -5.000000000e-01   5.210133843e-01  -7.260208425e-02   3.292515721e-01  -1.604337079e-01   3.415698801e-01
   2.462311558e-01   2.317457743e-01   2.295827657e-01   1.132641362e-01   3.459013953e-01   1.253998688e-01   3.337656627e-01  -5.000000000e-01   5.210133843e-01  -6.824088103e-02   3.337656627e-01  -1.560953906e-01   3.459081973e-01
   2.537688442e-01   2.379415759e-01   2.339210830e-01   1.176024534e-01   3.502397126e-01   1.296168287e-01   3.382253373e-01  -5.000000000e-01   5.210133843e-01  -6.387967780e-02   3.382253373e-01  -1.517570734e-01   3.502465146e-01
   2.613065327e-01   2.440597491e-01   2.382049842e-01   1.218863546e-01   3.545236138e-01   1.337793726e-01   3.426305958e-01  -5.000000000e-01   5.210133843e-01  -5.951847458e-02   3.426305958e-01  -1.474187561e-01   3.545848319e-01
   2.688442211e-01   2.500985132e-01   2.424344693e-01   1.261158398e-01   3.587530989e-01   1.378875004e-01   3.469814383e-01  -5.000000000e-01   5.210133843e-01  -5.515727136e-02   3.469814383e-01  -1.430804389e-01   3.589231491e-01
   2.763819095e-01   2.560561303e-01   2.466095384e-01   1.302909088e-01   3.629281680e-01   1.419412121e-01   3.512778647e-01  -5.000000000e-01   5.210133843e-01  -5.079606814e-02   3.512778647e-01  -1.387421216e-01   3.632614664e-01
   2.839195980e-01   2.619309067e-01   2.507301914e-01   1.344115618e-01   3.670488210e-01   1.459405078e-01   3.555198750e-01  -5.000000000e-01   5.210133843e-01  -4.643486492e-02   3.555198750e-01  -1.344038043e-01   3.675997837e-01
   2.914572864e-01   2.677211932e-01   2.547964283e-01   1.384777988e-01   3.711150579e-01   1.498853874e-01   3.597074693e-01  -5.000000000e-01   5.210133843e-01  -4.207366169e-02   3.597074693e-01  -1.300654871e-01   3.719381009e-01
   2.989949749e-01   2.734253857e-01   2.588082492e-01   1.424896196e-01   3.751268788e-01   1.537758510e-01   3.638406474e-01  -5.000000000e-01   5.210133843e-01  -3.771245847e-02   3.638406474e-01  -1.257271698e-01   3.762764182e-01
   3.065326633e-01   2.790419265e-01   2.627656540e-01   1.464470244e-01   3.790842836e-01   1.576118984e-01   3.679194096e-01  -5.000000000e-01   5.210133843e-01  -3.335125525e-02   3.679194096e-01  -1.213888525e-01   3.806147354e-01
   3.140703518e-01   2.845693046e-01   2.666686427e-01   1.503500132e-01   3.829872723e-01   1.613935298e-01   3.719437556e-01  -5.000000000e-01   5.210133843e-01  -2.899005203e-02   3.719437556e-01  -1.170505353e-01   3.849530527e-01
   3.216080402e-01   2.900060562e-01   2.705172154e-01   1.541985858e-01   3.868358450e-01   1.651207452e-01   3.759136856e-01  -5.000000000e-01   5.210133843e-01  -2.462884881e-02   3.759136856e-01  -1.127122180e-01   3.892913700e-01
   3.291457286e-01   2.953507657e-01   2.743113720e-01   1.579927424e-01   3.906300016e-01   1.687935445e-01   3.798291996e-01  -5.000000000e-01   5.210133843e-01  -2.026764558e-02   3.798291996e-01  -1.083739008e-01   3.936296872e-01
   3.366834171e-01   3.006020660e-01   2.780511125e-01   1.617324830e-01   3.943697421e-01   1.724119277e-01   3.836902974e-01  -5.000000000e-01   5.210133843e-01  -1.590644236e-02   3.836902974e-01  -1.040355835e-01   3.979680045e-01
   3.442211055e-01   3.057586392e-01   2.817364370e-01   1.654178074e-01   3.980550666e-01   1.759758948e-01   3.874969792e-01  -5.000000000e-01   5.210133843e-01  -1.154523914e-02   3.874969792e-01  -9.969726623e-02   4.023063218e-01
   3.517587940e-01   3.108192169e-01   2.853673454e-01   1.690487158e-01   4.016859750e-01   1.794854459e-01   3.912492450e-01  -5.000000000e-01   5.210133843e-01  -7.184035918e-03   3.912492450e-01  -9.535894896e-02   4.066446390e-01
   3.592964824e-01   3.157825809e-01   2.889438378e-01   1.726252082e-01   4.052624673e-01   1.829405809e-01   3.949470946e-01  -5.000000000e-01   5.210133843e-01  -2.822832696e-03   3.949470946e-01  -9.102063170e-02   4.109829563e-01
   3.668341709e-01   3.206475634e-01   2.924659140e-01   1.761472845e-01   4.087845436e-01   1.863412999e-01   3.985905282e-01  -5.000000000e-01   5.210133843e-01   1.538370526e-03   3.985905282e-01  -8.668231444e-02   4.153212735e-01
   3.743718593e-01   3.254130474e-01   2.959335742e-01   1.796149447e-01   4.122522038e-01   1.896876027e-01   4.021795458e-01  -5.000000000e-01   5.210133843e-01   5.899573748e-03   4.021795458e-01  -8.234399717e-02   4.196595908e-01
   3.819095477e-01   3.300779676e-01   2.993468184e-01   1.830281888e-01   4.156654480e-01   1.929794895e-01   4.057141472e-01  -5.000000000e-01   5.210133843e-01   1.026077697e-02   4.057141472e-01  -7.800567991e-02   4.239979081e-01
   3.894472362e-01   3.346413097e-01   3.027056465e-01   1.863870169e-01   4.190242760e-01   1.962169603e-01   4.091943326e-01  -5.000000000e-01   5.210133843e-01   1.462198019e-02   4.091943326e-01  -7.366736265e-02   4.283362253e-01
   3.969849246e-01   3.391021117e-01   3.060100585e-01   1.896914289e-01   4.223286880e-01   1.994000150e-01   4.126201020e-01  -5.000000000e-01   5.210133843e-01   1.898318341e-02   4.126201020e-01  -6.932904538e-02   4.326745426e-01
   4.045226131e-01   3.434594634e-01   3.092600544e-01   1.929414248e-01   4.255786840e-01   2.025286536e-01   4.159914552e-01  -5.000000000e-01   5.210133843e-01   2.334438664e-02   4.159914552e-01  -6.499072812e-02   4.370128599e-01
   4.120603015e-01   3.477125071e-01   3.124556343e-01   1.961370047e-01   4.287742639e-01   2.056028761e-01   4.193083924e-01  -5.000000000e-01   5.210133843e-01   2.770558986e-02   4.193083924e-01  -6.065241086e-02   4.413511771e-01
   4.195979899e-01   3.518604376e-01   3.155967981e-01   1.992781685e-01   4.319154277e-01   2.086226826e-01   4.225709136e-01  -5.000000000e-01   5.210133843e-01   3.206679308e-02   4.225709136e-01  -5.631409359e-02   4.456894944e-01
   4.271356784e-01   3.559025022e-01   3.186835458e-01   2.023649163e-01   4.350021754e-01   2.115880730e-01   4.257790186e-01  -5.000000000e-01   5.210133843e-01   3.642799630e-02   4.257790186e-01  -5.197577633e-02   4.500278117e-01
   4.346733668e-01   3.598380008e-01   3.217158775e-01   2.053972479e-01   4.380345071e-01   2.144990474e-01   4.289327076e-01  -5.000000000e-01   5.210133843e-01   4.078919952e-02   4.289327076e-01  -4.763745907e-02   4.543661289e-01
   4.422110553e-01   3.636662863e-01   3.246937931e-01   2.083751636e-01   4.410124227e-01   2.173556057e-01   4.320319806e-01  -5.000000000e-01   5.210133843e-01   4.515040275e-02   4.320319806e-01  -4.329914180e-02   4.587044462e-01
   4.497487437e-01   3.673867644e-01   3.276172927e-01   2.112986631e-01   4.439359223e-01   2.201577479e-01   4.350768374e-01  -5.000000000e-01   5.210133843e-01   4.951160597e-02   4.350768374e-01  -3.896082454e-02   4.630427634e-01
   4.572864322e-01   3.709988934e-01   3.304863762e-01   2.141677466e-01   4.468050057e-01   2.229054741e-01   4.380672783e-01  -5.000000000e-01   5.210133843e-01   5.387280919e-02   4.380672783e-01  -3.462250728e-02   4.673810807e-01
   4.648241206e-01   3.745021844e-01   3.333010436e-01   2.169824140e-01   4.496196732e-01   2.255987841e-01   4.410033030e-01  -5.000000000e-01   5.210133843e-01   5.823401241e-02   4.410033030e-01  -3.028419002e-02   4.717193980e-01
   4.723618090e-01   3.778962012e-01   3.360612949e-01   2.197426653e-01   4.523799245e-01   2.282376782e-01   4.438849117e-01  -5.000000000e-01   5.210133843e-01   6.259521563e-02   4.438849117e-01  -2.594587275e-02   4.760577152e-01
   4.798994975e-01   3.811805602e-01   3.387671302e-01   2.224485006e-01   4.550857598e-01   2.308221561e-01   4.467121043e-01  -5.000000000e-01   5.210133843e-01   6.695641886e-02   4.467121043e-01  -2.160755549e-02   4.803960325e-01
   4.874371859e-01   3.843549300e-01   3.414185494e-01   2.250999198e-01   4.577371790e-01   2.333522180e-01   4.494848808e-01  -5.000000000e-01   5.210133843e-01   7.131762208e-02   4.494848808e-01  -1.726923823e-02   4.847343498e-01
   4.949748744e-01   3.874190316e-01   3.440155526e-01   2.276969230e-01   4.603341822e-01   2.358278638e-01   4.522032413e-01  -5.000000000e-01   5.210133843e-01   7.567882530e-02   4.522032413e-01  -1.293092096e-02   4.890726670e-01
   5.025125628e-01   3.903726378e-01   3.465581397e-01   2.302395101e-01   4.628767692e-01   2.382490936e-01   4.548671857e-01  -5.000000000e-01   5.210133843e-01   8.004002852e-02   4.548671857e-01  -8.592603699e-03   4.934109843e-01
   5.100502513e-01   3.932155733e-01   3.490463107e-01   2.327276811e-01   4.653649403e-01   2.406159073e-01   4.574767141e-01  -5.000000000e-01   5.210133843e-01   8.440123174e-02   4.574767141e-01  -4.254286436e-03   4.977493015e-01
   5.175879397e-01   3.959477140e-01   3.514800656e-01   2.351614360e-01   4.677986952e-01   2.429283049e-01   4.600318263e-01  -5.000000000e-01   5.210133843e-01   8.876243497e-02   4.600318263e-01   8.403082726e-05   5.020876188e-01
   5.251256281e-01   3.985689872e-01   3.538594045e-01   2.375407749e-01   4.701780341e-01   2.451862865e-01   4.625325225e-01  -5.000000000e-01   5.210133843e-01   9.312363819e-02   4.625325225e-01   4.422348090e-03   5.064259361e-01
   5.326633166e-01   4.010793707e-01   3.561843273e-01   2.398656978e-01   4.725029569e-01   2.473898520e-01   4.649788027e-01  -5.000000000e-01   5.210133843e-01   9.748484141e-02   4.649788027e-01   8.760665354e-03   5.107642533e-01
   5.402010050e-01   4.034788928e-01   3.584548341e-01   2.421362045e-01   4.747734637e-01   2.495390014e-01   4.673706668e-01  -5.000000000e-01   5.210133843e-01   1.018460446e-01   4.673706668e-01   1.309898262e-02   5.151025706e-01
   5.477386935e-01   4.057676318e-01   3.606709248e-01   2.443522952e-01   4.769895544e-01   2.516337348e-01   4.697081148e-01  -5.000000000e-01   5.210133843e-01   1.062072479e-01   4.697081148e-01   1.743729988e-02   5.194408879e-01
   5.552763819e-01   4.079457153e-01   3.628325994e-01   2.465139698e-01   4.791512290e-01   2.536740521e-01   4.719911467e-01  -5.000000000e-01   5.210133843e-01   1.105684511e-01   4.719911467e-01   2.177561714e-02   5.237792051e-01
   5.628140704e-01   4.100133203e-01   3.649398580e-01   2.486212284e-01   4.812584875e-01   2.556599533e-01   4.742197626e-01  -5.000000000e-01   5.210133843e-01   1.149296543e-01   4.742197626e-01   2.611393441e-02   5.281175224e-01
   5.703517588e-01   4.119706720e-01   3.669927004e-01   2.506740709e-01   4.833113300e-01   2.575914385e-01   4.763939624e-01  -5.000000000e-01   5.210133843e-01   1.192908575e-01   4.763939624e-01   3.045225167e-02   5.324558397e-01
   5.778894472e-01   4.138180438e-01   3.689911269e-01   2.526724973e-01   4.853097565e-01   2.594685076e-01   4.785137462e-01  -5.000000000e-01   5.210133843e-01   1.236520607e-01   4.785137462e-01   3.479056893e-02   5.367941569e-01
   5.854271357e-01   4.155557563e-01   3.709351372e-01   2.546165076e-01   4.872537668e-01   2.612911606e-01   4.805791139e-01  -5.000000000e-01   5.210133843e-01   1.280132640e-01   4.805791139e-01   3.912888620e-02   5.411324742e-01
   5.929648241e-01   4.171841771e-01   3.728247315e-01   2.565061019e-01   4.891433611e-01   2.630593976e-01   4.825900655e-01  -5.000000000e-01   5.210133843e-01   1.323744672e-01   4.825900655e-01   4.346720346e-02   5.454707914e-01
   6.005025126e-01   4.187037202e-01   3.746599097e-01   2.583412802e-01   4.909785393e-01   2.647732185e-01   4.845466010e-01  -5.000000000e-01   5.210133843e-01   1.367356704e-01   4.845466010e-01   4.780552072e-02   5.498091087e-01
   6.080402010e-01   4.201148448e-01   3.764406719e-01   2.601220423e-01   4.927593015e-01   2.664326233e-01   4.864487205e-01  -5.000000000e-01   5.210133843e-01   1.410968736e-01   4.864487205e-01   5.214383799e-02   5.541474260e-01
   6.155778894e-01   4.214180552e-01   3.781670180e-01   2.618483884e-01   4.944856476e-01   2.680376121e-01   4.882964239e-01  -5.000000000e-01   5.210133843e-01   1.454580769e-01   4.882964239e-01   5.648215525e-02   5.584857432e-01
   6.231155779e-01   4.226139001e-01   3.798389480e-01   2.635203184e-01   4.961575776e-01   2.695881848e-01   4.900897113e-01  -5.000000000e-01   5.210133843e-01   1.498192801e-01   4.900897113e-01   6.082047251e-02   5.628240605e-01
   6.306532663e-01   4.237029714e-01   3.814564620e-01   2.651378324e-01   4.977750916e-01   2.710843414e-01   4.918285826e-01  -5.000000000e-01   5.210133843e-01   1.541804833e-01   4.918285826e-01   6.515878978e-02   5.671623778e-01
   6.381909548e-01   4.246859039e-01   3.830195599e-01   2.667009303e-01   4.993381895e-01   2.725260820e-01   4.935130378e-01  -5.000000000e-01   5.210133843e-01   1.585416865e-01   4.935130378e-01   6.949710704e-02   5.715006950e-01
   6.457286432e-01   4.255633744e-01   3.845282417e-01   2.682096121e-01   5.008468713e-01   2.739134065e-01   4.951430770e-01  -5.000000000e-01   5.210133843e-01   1.629028897e-01   4.951430770e-01   7.383542430e-02   5.758390123e-01
   6.532663317e-01   4.263361010e-01   3.859825075e-01   2.696638779e-01   5.023011371e-01   2.752463149e-01   4.967187001e-01  -5.000000000e-01   5.210133843e-01   1.672640930e-01   4.967187001e-01   7.817374157e-02   5.801773295e-01
   6.608040201e-01   4.270048421e-01   3.873823572e-01   2.710637276e-01   5.037009868e-01   2.765248073e-01   4.982399071e-01  -5.000000000e-01   5.210133843e-01   1.716252962e-01   4.982399071e-01   8.251205883e-02   5.845156468e-01
   6.683417085e-01   4.275703957e-01   3.887277908e-01   2.724091612e-01   5.050464204e-01   2.777488836e-01   4.997066980e-01  -5.000000000e-01   5.210133843e-01   1.759864994e-01   4.997066980e-01   8.685037609e-02   5.888539641e-01
   6.758793970e-01   4.280335987e-01   3.900188084e-01   2.737001788e-01   5.063374380e-01   2.789185438e-01   5.011190729e-01  -5.000000000e-01   5.210133843e-01   1.803477026e-01   5.011190729e-01   9.118869335e-02   5.931922813e-01
   6.834170854e-01   4.283953257e-01   3.912554099e-01   2.749367803e-01   5.075740395e-01   2.800337880e-01   5.024770318e-01  -5.000000000e-01   5.210133843e-01   1.847089058e-01   5.024770318e-01   9.552701062e-02   5.975305986e-01
   6.909547739e-01   4.286564884e-01   3.924375953e-01   2.761189657e-01   5.087562249e-01   2.810946161e-01   5.037805745e-01  -5.000000000e-01   5.210133843e-01   1.890701091e-01   5.037805745e-01   9.986532788e-02   6.018689159e-01
   6.984924623e-01   4.288180347e-01   3.935653647e-01   2.772467351e-01   5.098839943e-01   2.821010281e-01   5.050297012e-01  -5.000000000e-01   5.210133843e-01   1.934313123e-01   5.050297012e-01   1.042036451e-01   6.062072331e-01
   7.060301508e-01   4.288809477e-01   3.946387180e-01   2.783200884e-01   5.109573476e-01   2.830530241e-01   5.062244118e-01  -5.000000000e-01   5.210133843e-01   1.977925155e-01   5.062244118e-01   1.085419624e-01   6.105455504e-01
   7.135678392e-01   4.288462447e-01   3.956576552e-01   2.793390256e-01   5.119762848e-01   2.839506040e-01   5.073647064e-01  -5.000000000e-01   5.210133843e-01   2.021537187e-01   5.073647064e-01   1.128802797e-01   6.148838677e-01
   7.211055276e-01   4.287149764e-01   3.966221764e-01   2.803035468e-01   5.129408060e-01   2.847937679e-01   5.084505849e-01  -5.000000000e-01   5.210133843e-01   2.065149220e-01   5.084505849e-01   1.172185969e-01   6.192221849e-01
   7.286432161e-01   4.284882260e-01   3.975322815e-01   2.812136519e-01   5.138509111e-01   2.855825156e-01   5.094820473e-01  -5.000000000e-01   5.210133843e-01   2.108761252e-01   5.094820473e-01   1.215569142e-01   6.235605022e-01
   7.361809045e-01   4.281671080e-01   3.983879705e-01   2.820693409e-01   5.147066001e-01   2.863168474e-01   5.104590937e-01  -5.000000000e-01   5.210133843e-01   2.152373284e-01   5.104590937e-01   1.258952315e-01   6.278988194e-01
   7.437185930e-01   4.277527674e-01   3.991892435e-01   2.828706139e-01   5.155078731e-01   2.869967630e-01   5.113817240e-01  -5.000000000e-01   5.210133843e-01   2.195985316e-01   5.113817240e-01   1.302335487e-01   6.322371367e-01
   7.512562814e-01   4.272463790e-01   3.999361004e-01   2.836174708e-01   5.162547300e-01   2.876222626e-01   5.122499382e-01  -5.000000000e-01   5.210133843e-01   2.239597348e-01   5.122499382e-01   1.345718660e-01   6.365754540e-01
   7.587939698e-01   4.266491456e-01   4.006285412e-01   2.843099117e-01   5.169471708e-01   2.881933461e-01   5.130637364e-01  -5.000000000e-01   5.210133843e-01   2.283209381e-01   5.130637364e-01   1.389101833e-01   6.409137712e-01
   7.663316583e-01   4.259622979e-01   4.012665660e-01   2.849479364e-01   5.175851956e-01   2.887100135e-01   5.138231185e-01  -5.000000000e-01   5.210133843e-01   2.326821413e-01   5.138231185e-01   1.432485005e-01   6.452520885e-01
   7.738693467e-01   4.251870930e-01   4.018501747e-01   2.855315451e-01   5.181688043e-01   2.891722649e-01   5.145280845e-01  -5.000000000e-01   5.210133843e-01   2.370433445e-01   5.145280845e-01   1.475868178e-01   6.495904058e-01
   7.814070352e-01   4.243248134e-01   4.023793674e-01   2.860607378e-01   5.186979969e-01   2.895801002e-01   5.151786345e-01  -5.000000000e-01   5.210133843e-01   2.414045477e-01   5.151786345e-01   1.519251350e-01   6.539287230e-01
   7.889447236e-01   4.233767661e-01   4.028541439e-01   2.865355144e-01   5.191727735e-01   2.899335195e-01   5.157747684e-01  -5.000000000e-01   5.210133843e-01   2.457657510e-01   5.157747684e-01   1.562634523e-01   6.582670403e-01
   7.964824121e-01   4.223442817e-01   4.032745045e-01   2.869558749e-01   5.195931340e-01   2.902325227e-01   5.163164862e-01  -5.000000000e-01   5.210133843e-01   2.501269542e-01   5.163164862e-01   1.606017696e-01   6.626053575e-01
   8.040201005e-01   4.212287130e-01   4.036404489e-01   2.873218193e-01   5.199590785e-01   2.904771098e-01   5.168037880e-01  -5.000000000e-01   5.210133843e-01   2.544881574e-01   5.168037880e-01   1.649400868e-01   6.669436748e-01
   8.115577889e-01   4.200314343e-01   4.039519773e-01   2.876333477e-01   5.202706069e-01   2.906672808e-01   5.172366737e-01  -5.000000000e-01   5.210133843e-01   2.588493606e-01   5.143449212e-01   1.692784041e-01   6.712819921e-01
   8.190954774e-01   4.187538403e-01   4.042090896e-01   2.878904600e-01   5.205277192e-01   2.908030358e-01   5.176151433e-01  -5.000000000e-01   5.210133843e-01   2.632105638e-01   5.093482628e-01   1.736167214e-01   6.756203093e-01
   8.266331658e-01   4.173973449e-01   4.044117858e-01   2.880931562e-01   5.207304154e-01   2.908843748e-01   5.179391969e-01  -5.000000000e-01   5.210133843e-01   2.675717671e-01   5.042797744e-01   1.779550386e-01   6.799586266e-01
   8.341708543e-01   4.159633804e-01   4.045600660e-01   2.882414364e-01   5.208786956e-01   2.909112976e-01   5.182088344e-01  -5.000000000e-01   5.210133843e-01   2.719329703e-01   4.991394558e-01   1.822933559e-01   6.842969439e-01
   8.417085427e-01   4.144533963e-01   4.046539301e-01   2.883353005e-01   5.209725597e-01   2.908838044e-01   5.184240559e-01  -5.000000000e-01   5.210133843e-01   2.762941735e-01   4.939273072e-01   1.866316731e-01   6.886352611e-01
   8.492462312e-01   4.128688583e-01   4.046933782e-01   2.883747486e-01   5.210120078e-01   2.908018951e-01   5.185848612e-01  -5.000000000e-01   5.210133843e-01   2.806553767e-01   4.886433286e-01   1.909699904e-01   6.929735784e-01
   8.567839196e-01   4.112112473e-01   4.046784102e-01   2.883597806e-01   5.209970397e-01   2.906655698e-01   5.186912505e-01  -5.000000000e-01   5.210133843e-01   2.850165800e-01   4.832875199e-01   1.953083077e-01   6.973118957e-01
   8.643216080e-01   4.094820584e-01   4.046090261e-01   2.882903965e-01   5.209276556e-01   2.904748284e-01   5.187432238e-01  -5.000000000e-01   5.210133843e-01   2.893777832e-01   4.778598811e-01   1.996466249e-01   7.016502129e-01
   8.718592965e-01   4.076827999e-01   4.044852259e-01   2.881665963e-01   5.208038555e-01   2.902296709e-01   5.187407810e-01  -5.000000000e-01   5.210133843e-01   2.937389864e-01   4.723604122e-01   2.039849422e-01   7.059885302e-01
   8.793969849e-01   4.058149920e-01   4.043070097e-01   2.879883801e-01   5.206256393e-01   2.899300973e-01   5.186839221e-01  -5.000000000e-01   5.210133843e-01   2.981001896e-01   4.667891133e-01   2.083232595e-01   7.103268474e-01
   8.869346734e-01   4.038801663e-01   4.040743774e-01   2.877557478e-01   5.203930070e-01   2.895761077e-01   5.185726471e-01  -5.000000000e-01   5.210133843e-01   3.024613928e-01   4.611459843e-01   2.126615767e-01   7.146651647e-01
   8.944723618e-01   4.018798641e-01   4.037873291e-01   2.874686995e-01   5.201059586e-01   2.891677021e-01   5.184069561e-01  -5.000000000e-01   5.210133843e-01   3.068225961e-01   4.554310252e-01   2.169998940e-01   7.190034820e-01
   9.020100503e-01   3.998156362e-01   4.034458647e-01   2.871272351e-01   5.197644942e-01   2.887048803e-01   5.181868490e-01  -5.000000000e-01   5.210133843e-01   3.111837993e-01   4.496442361e-01   2.213382113e-01   7.233417992e-01
   9.095477387e-01   3.976890413e-01   4.030499842e-01   2.867313546e-01   5.193686138e-01   2.881876425e-01   5.179123258e-01  -5.000000000e-01   5.210133843e-01   3.155450025e-01   4.437856169e-01   2.256765285e-01   7.276801165e-01
   9.170854271e-01   3.955016450e-01   4.025996876e-01   2.862810580e-01   5.189183172e-01   2.876159886e-01   5.175833866e-01  -5.000000000e-01   5.210133843e-01   3.199062057e-01   4.378551676e-01   2.300148458e-01   7.320184338e-01
   9.246231156e-01   3.932550195e-01   4.020949750e-01   2.857763454e-01   5.184136046e-01   2.869899187e-01   5.172000313e-01  -5.000000000e-01   5.210133843e-01   3.242674090e-01   4.318528883e-01   2.343531630e-01   7.363567510e-01
   9.321608040e-01   3.909507417e-01   4.015358463e-01   2.852172168e-01   5.178544759e-01   2.863094327e-01   5.167622600e-01  -5.000000000e-01   5.210133843e-01   3.286286122e-01   4.257787789e-01   2.386914803e-01   7.406950683e-01
   9.396984925e-01   3.885903929e-01   4.009223016e-01   2.846036720e-01   5.172409312e-01   2.855745306e-01   5.162700726e-01  -5.000000000e-01   5.210133843e-01   3.329898154e-01   4.196328394e-01   2.430297976e-01   7.450333856e-01
   9.472361809e-01   3.861755577e-01   4.002543408e-01   2.839357112e-01   5.165729704e-01   2.847852125e-01   5.157234691e-01  -5.000000000e-01   5.210133843e-01   3.373510186e-01   4.134150699e-01   2.473681148e-01   7.493717028e-01
   9.547738693e-01   3.837078228e-01   3.995319639e-01   2.832133343e-01   5.158505935e-01   2.839414783e-01   5.151224495e-01  -5.000000000e-01   5.210133843e-01   3.417122218e-01   4.071254702e-01   2.517064321e-01   7.537100201e-01
   9.623115578e-01   3.811887764e-01   3.987551710e-01   2.824365414e-01   5.150738005e-01   2.830433280e-01   5.144670139e-01  -5.000000000e-01   5.210133843e-01   3.460734251e-01   4.007640406e-01   2.560447494e-01   7.580483373e-01
   9.698492462e-01   3.786200073e-01   3.979239620e-01   2.816053324e-01   5.142425915e-01   2.820907617e-01   5.137571622e-01  -5.000000000e-01   5.210133843e-01   3.504346283e-01   3.943307808e-01   2.603830666e-01   7.623866546e-01
   9.773869347e-01   3.760031035e-01   3.970383369e-01   2.807197073e-01   5.133569665e-01   2.810837793e-01   5.129928945e-01  -5.000000000e-01   5.210133843e-01   3.547958315e-01   3.878256910e-01   2.647213839e-01   7.667249719e-01
   9.849246231e-01   3.733396519e-01   3.960982957e-01   2.797796662e-01   5.124169253e-01   2.800223808e-01   5.121742107e-01  -5.000000000e-01   5.210133843e-01   3.591570347e-01   3.812487711e-01   2.690597011e-01   7.710632891e-01
   9.924623116e-01   3.706312373e-01   3.951038385e-01   2.787852089e-01   5.114224681e-01   2.789065663e-01   5.113011108e-01  -5.000000000e-01   5.210133843e-01   3.635182379e-01   3.746000212e-01   2.733980184e-01   7.754016064e-01
   1.000000000e+00   3.678794412e-01   3.940549653e-01   2.777363357e-01   5.103735948e-01   2.777363357e-01   5.103735948e-01  -5.000000000e-01   5.210133843e-01   3.678794412e-01   3.678794412e-01   2.777363357e-01   7.797399237e-01
