   5.23599e-01   6.07662e-01  -9.62654e-01   9.62654e-01   6.07662e-01   6.07662e-01  -3.71960e+01   3.60944e+00  -1.61582e+00   9.74350e-01
   5.24648e-01   5.75819e-01  -9.62654e-01   9.62654e-01   5.68784e-01   6.11438e-01  -3.69070e+01   3.58836e+00  -1.61212e+00   9.73656e-01
   5.25697e-01   5.43257e-01  -9.62654e-01   9.62654e-01   5.30208e-01   6.15193e-01  -3.66209e+01   3.56749e+00  -1.60842e+00   9.72963e-01
   5.26747e-01   5.10052e-01  -9.62654e-01   9.62654e-01   4.91931e-01   6.18925e-01  -3.63377e+01   3.54682e+00  -1.60473e+00   9.72269e-01
   5.27796e-01   4.76281e-01  -9.62654e-01   9.62654e-01   4.53950e-01   6.22636e-01  -3.60572e+01   3.52636e+00  -1.60103e+00   9.71575e-01
   5.28845e-01   4.42015e-01  -9.62654e-01   9.62654e-01   4.16261e-01   6.26326e-01  -3.57795e+01   3.50611e+00  -1.59734e+00   9.70882e-01
   5.29895e-01   4.07327e-01  -9.62654e-01   9.62654e-01   3.78862e-01   6.29994e-01  -3.55046e+01   3.48605e+00  -1.59364e+00   9.70188e-01
   5.30944e-01   3.72287e-01  -9.62654e-01   9.62654e-01   3.41750e-01   6.33642e-01  -3.52324e+01   3.46619e+00  -1.58995e+00   9.69494e-01
   5.31993e-01   3.36961e-01  -9.62654e-01   9.62654e-01   3.04922e-01   6.37268e-01  -3.49629e+01   3.44653e+00  -1.58625e+00   9.68801e-01
   5.33042e-01   3.01416e-01  -9.62654e-01   9.62654e-01   2.68376e-01   6.40875e-01  -3.46960e+01   3.42706e+00  -1.58256e+00   9.68107e-01
   5.34092e-01   2.65714e-01  -9.62654e-01   9.62654e-01   2.32109e-01   6.44460e-01  -3.44317e+01   3.40778e+00  -1.57886e+00   9.67414e-01
   5.35141e-01   2.29918e-01  -9.62654e-01   9.62654e-01   1.96117e-01   6.48026e-01  -3.41700e+01   3.38869e+00  -1.57517e+00   9.66720e-01
   5.36190e-01   1.94087e-01  -9.62654e-01   9.62654e-01   1.60399e-01   6.51572e-01  -3.39108e+01   3.36978e+00  -1.57147e+00   9.66026e-01
   5.37240e-01   1.58278e-01  -9.62654e-01   9.62654e-01   1.24952e-01   6.55098e-01  -3.36542e+01   3.35106e+00  -1.56778e+00   9.65333e-01
   5.38289e-01   1.22545e-01  -9.62654e-01   9.62654e-01   8.97719e-02   6.58604e-01  -3.34001e+01   3.33252e+00  -1.56408e+00   9.64639e-01
   5.39338e-01   8.69410e-02  -9.62654e-01   9.62654e-01   5.48576e-02   6.62092e-01  -3.31484e+01   3.31416e+00  -1.56039e+00   9.63945e-01
   5.40388e-01   5.15168e-02  -9.62654e-01   9.62654e-01   2.02060e-02   6.65560e-01  -3.28992e+01   3.29598e+00  -1.55669e+00   9.63252e-01
   5.41437e-01   1.63203e-02  -9.62654e-01   9.62654e-01  -1.41852e-02   6.69009e-01  -3.26523e+01   3.27798e+00  -1.55300e+00   9.62558e-01
   5.42486e-01  -1.86024e-02  -9.62654e-01   9.62654e-01  -4.83188e-02   6.72439e-01  -3.24079e+01   3.26015e+00  -1.54930e+00   9.61865e-01
   5.43535e-01  -5.32076e-02  -9.62654e-01   9.62654e-01  -8.21970e-02   6.75850e-01  -3.21658e+01   3.24249e+00  -1.54561e+00   9.61171e-01
   5.44585e-01  -8.74537e-02  -9.62654e-01   9.62654e-01  -1.15823e-01   6.79244e-01  -3.19261e+01   3.22499e+00  -1.54191e+00   9.60477e-01
   5.45634e-01  -1.21301e-01  -9.62654e-01   9.62654e-01  -1.49198e-01   6.82618e-01  -3.16886e+01   3.20767e+00  -1.53822e+00   9.59784e-01
   5.46683e-01  -1.54713e-01  -9.62654e-01   9.62654e-01  -1.82325e-01   6.85975e-01  -3.14534e+01   3.19051e+00  -1.53452e+00   9.59090e-01
   5.47733e-01  -1.87654e-01  -9.62654e-01   9.62654e-01  -2.15206e-01   6.89314e-01  -3.12205e+01   3.17352e+00  -1.53083e+00   9.58397e-01
   5.48782e-01  -2.20091e-01  -9.62654e-01   9.62654e-01  -2.47845e-01   6.92635e-01  -3.09897e+01   3.15669e+00  -1.52713e+00   9.57703e-01
   5.49831e-01  -2.51992e-01  -9.62654e-01   9.62654e-01  -2.80242e-01   6.95939e-01  -3.07612e+01   3.14002e+00  -1.52344e+00   9.57009e-01
   5.50880e-01  -2.83330e-01  -9.62654e-01   9.62654e-01  -3.12400e-01   6.99225e-01  -3.05348e+01   3.12350e+00  -1.51974e+00   9.56316e-01
   5.51930e-01  -3.14076e-01  -9.62654e-01   9.62654e-01  -3.44323e-01   7.02494e-01  -3.03106e+01   3.10715e+00  -1.51605e+00   9.55622e-01
   5.52979e-01  -3.44205e-01  -9.62654e-01   9.62654e-01  -3.75865e-01   7.05746e-01  -2.97700e+01   3.09095e+00  -1.51235e+00   9.54928e-01
   5.54028e-01  -3.73695e-01  -9.62654e-01   9.62654e-01  -4.06787e-01   7.08980e-01  -2.91653e+01   3.07490e+00  -1.50866e+00   9.54235e-01
   5.55078e-01  -4.02524e-01  -9.62654e-01   9.62654e-01  -4.37064e-01   7.12199e-01  -2.85403e+01   3.05900e+00  -1.50496e+00   9.53541e-01
   5.56127e-01  -4.30671e-01  -9.62654e-01   9.62654e-01  -4.66675e-01   7.15400e-01  -2.78967e+01   3.04325e+00  -1.50127e+00   9.52848e-01
   5.57176e-01  -4.58119e-01  -9.62654e-01   9.62654e-01  -4.95602e-01   7.18585e-01  -2.72359e+01   3.02765e+00  -1.49757e+00   9.52154e-01
   5.58226e-01  -4.84852e-01  -9.62654e-01   9.62654e-01  -5.23827e-01   7.21754e-01  -2.65596e+01   3.01220e+00  -1.49388e+00   9.51460e-01
   5.59275e-01  -5.10855e-01  -9.62654e-01   9.62654e-01  -5.51335e-01   7.24907e-01  -2.58693e+01   2.99689e+00  -1.49018e+00   9.50767e-01
   5.60324e-01  -5.36114e-01  -9.62654e-01   9.62654e-01  -5.78112e-01   7.28043e-01  -2.51665e+01   2.98172e+00  -1.48649e+00   9.50073e-01
   5.61373e-01  -5.60619e-01  -9.62654e-01   9.62654e-01  -6.04145e-01   7.31164e-01  -2.44525e+01   2.96670e+00  -1.48279e+00   9.49379e-01
   5.62423e-01  -5.84359e-01  -9.62654e-01   9.62654e-01  -6.29424e-01   7.34269e-01  -2.37287e+01   2.95181e+00  -1.47910e+00   9.48686e-01
   5.63472e-01  -6.07325e-01  -9.62654e-01   9.62654e-01  -6.53939e-01   7.37359e-01  -2.29965e+01   2.93707e+00  -1.47540e+00   9.47992e-01
   5.64521e-01  -6.29510e-01  -9.62654e-01   9.62654e-01  -6.77682e-01   7.40433e-01  -2.22571e+01   2.92246e+00  -1.47171e+00   9.47299e-01
   5.65571e-01  -6.50908e-01  -9.62654e-01   9.62654e-01  -7.00646e-01   7.43492e-01  -2.15118e+01   2.90798e+00  -1.46801e+00   9.46605e-01
   5.66620e-01  -6.71514e-01  -9.62654e-01   9.62654e-01  -7.22825e-01   7.46536e-01  -2.07617e+01   2.89364e+00  -1.46432e+00   9.45911e-01
   5.67669e-01  -6.91324e-01  -9.62654e-01   9.62654e-01  -7.44215e-01   7.49564e-01  -2.00079e+01   2.87943e+00  -1.46062e+00   9.45218e-01
   5.68719e-01  -7.10337e-01  -9.62654e-01   9.62654e-01  -7.64813e-01   7.52578e-01  -1.92516e+01   2.86535e+00  -1.45693e+00   9.44524e-01
   5.69768e-01  -7.28550e-01  -9.62654e-01   9.62654e-01  -7.84616e-01   7.55578e-01  -1.84937e+01   2.85140e+00  -1.45323e+00   9.43831e-01
   5.70817e-01  -7.45964e-01  -9.62654e-01   9.62654e-01  -8.03623e-01   7.58562e-01  -1.77353e+01   2.83758e+00  -1.44954e+00   9.43137e-01
   5.71866e-01  -7.62579e-01  -9.62654e-01   9.62654e-01  -8.21835e-01   7.61533e-01  -1.69773e+01   2.82388e+00  -1.44584e+00   9.42443e-01
   5.72916e-01  -7.78398e-01  -9.62654e-01   9.62654e-01  -8.36551e-01   7.64489e-01  -1.12447e+01   2.81031e+00  -1.44215e+00   9.41750e-01
   5.73965e-01  -7.93422e-01  -9.62654e-01   9.62654e-01  -8.48058e-01   7.67430e-01  -1.06884e+01   2.79687e+00  -1.43845e+00   9.41056e-01
   5.75014e-01  -8.07655e-01  -9.62654e-01   9.62654e-01  -8.58983e-01   7.70358e-01  -1.01344e+01   2.78354e+00  -1.43476e+00   9.40362e-01
   5.76064e-01  -8.21101e-01  -9.62654e-01   9.62654e-01  -8.69327e-01   7.73272e-01  -9.58305e+00   2.77034e+00  -1.43106e+00   9.39669e-01
   5.77113e-01  -8.33766e-01  -9.62654e-01   9.62654e-01  -8.79095e-01   7.76172e-01  -9.03504e+00   2.75726e+00  -1.42737e+00   9.38975e-01
   5.78162e-01  -8.45656e-01  -9.62654e-01   9.62654e-01  -8.88289e-01   7.79058e-01  -8.49084e+00   2.74429e+00  -1.42367e+00   9.38282e-01
   5.79211e-01  -8.56776e-01  -9.62654e-01   9.62654e-01  -8.96915e-01   7.81931e-01  -7.95091e+00   2.73145e+00  -1.41998e+00   9.37588e-01
   5.80261e-01  -8.67135e-01  -9.62654e-01   9.62654e-01  -9.04977e-01   7.84791e-01  -7.41572e+00   2.71871e+00  -1.41628e+00   9.36894e-01
   5.81310e-01  -8.76739e-01  -9.62654e-01   9.62654e-01  -9.11161e-01   7.87637e-01  -4.04509e+00   2.70610e+00  -1.41259e+00   9.36201e-01
   5.82359e-01  -8.85597e-01  -9.62654e-01   9.62654e-01  -9.15227e-01   7.90470e-01  -3.70559e+00   2.69359e+00  -1.40889e+00   9.35507e-01
   5.83409e-01  -8.93719e-01  -9.62654e-01   9.62654e-01  -9.18939e-01   7.93290e-01  -3.36990e+00   2.68120e+00  -1.40520e+00   9.34813e-01
   5.84458e-01  -9.01113e-01  -9.62654e-01   9.62654e-01  -9.22301e-01   7.96096e-01  -3.03824e+00   2.66892e+00  -1.40150e+00   9.34120e-01
   5.85507e-01  -9.07789e-01  -9.62654e-01   9.62654e-01  -9.25317e-01   7.97827e-01  -2.71082e+00   1.24599e+00  -1.39781e+00   9.33426e-01
   5.86557e-01  -9.13758e-01  -9.62654e-01   9.62654e-01  -9.27991e-01   7.99130e-01  -2.38784e+00   1.23710e+00  -1.39411e+00   9.32733e-01
   5.87606e-01  -9.19030e-01  -9.62654e-01   9.62654e-01  -9.30329e-01   8.00424e-01  -2.06948e+00   1.22829e+00  -1.39042e+00   9.32039e-01
   5.88655e-01  -9.23617e-01  -9.62654e-01   9.62654e-01  -9.32336e-01   8.01708e-01  -1.75589e+00   1.21955e+00  -1.38672e+00   9.31345e-01
   5.89704e-01  -9.27529e-01  -9.62654e-01   9.62654e-01  -9.34016e-01   8.02983e-01  -1.44723e+00   1.21090e+00  -1.38303e+00   9.30652e-01
   5.90754e-01  -9.30779e-01  -9.62654e-01   9.62654e-01  -9.35375e-01   8.04249e-01  -1.14364e+00   1.20232e+00  -1.37933e+00   9.29958e-01
   5.91803e-01  -9.33378e-01  -9.62654e-01   9.62654e-01  -9.36418e-01   8.05506e-01  -8.45244e-01   1.19381e+00  -1.37564e+00   9.29265e-01
   5.92852e-01  -9.35338e-01  -9.62654e-01   9.62654e-01  -9.37151e-01   8.06754e-01  -5.52154e-01   1.18538e+00  -1.37194e+00   9.28571e-01
   5.93902e-01  -9.36673e-01  -9.62654e-01   9.62654e-01  -9.37579e-01   8.07994e-01  -2.64471e-01   1.17703e+00  -1.36825e+00   9.27877e-01
   5.94951e-01  -9.37394e-01  -9.62654e-01   9.62654e-01  -9.37707e-01   8.09225e-01   1.77144e-02   1.16875e+00  -1.36455e+00   9.27184e-01
   5.96000e-01  -9.37514e-01  -9.62654e-01   9.62654e-01  -9.37543e-01   8.10447e-01   2.94322e-01   1.16054e+00  -1.36086e+00   9.26490e-01
   5.97050e-01  -9.37046e-01  -9.62654e-01   9.62654e-01  -9.37135e-01   8.11660e-01   4.16701e-01   1.15240e+00  -1.35716e+00   9.25796e-01
   5.98099e-01  -9.36004e-01  -9.62654e-01   9.62654e-01  -9.36697e-01   8.12865e-01   4.18838e-01   1.14433e+00  -1.35347e+00   9.25103e-01
   5.99148e-01  -9.34400e-01  -9.62654e-01   9.62654e-01  -9.36256e-01   8.14062e-01   4.20983e-01   1.13634e+00  -1.34977e+00   9.24409e-01
   6.00197e-01  -9.32247e-01  -9.62654e-01   9.62654e-01  -9.35813e-01   8.15250e-01   4.23134e-01   1.12841e+00  -1.34608e+00   9.23716e-01
   6.01247e-01  -9.29560e-01  -9.62654e-01   9.62654e-01  -9.35368e-01   8.16430e-01   4.25292e-01   1.12056e+00  -1.34238e+00   9.23022e-01
   6.02296e-01  -9.26351e-01  -9.62654e-01   9.62654e-01  -9.34921e-01   8.17601e-01   4.27457e-01   1.11277e+00  -1.33869e+00   9.22328e-01
   6.03345e-01  -9.22633e-01  -9.62654e-01   9.62654e-01  -9.34471e-01   8.18765e-01   4.29629e-01   1.10505e+00  -1.33499e+00   9.21635e-01
   6.04395e-01  -9.18421e-01  -9.62654e-01   9.62654e-01  -9.34019e-01   8.19921e-01   4.31807e-01   1.09739e+00  -1.33130e+00   9.20941e-01
   6.05444e-01  -9.13727e-01  -9.62654e-01   9.62654e-01  -9.33565e-01   8.21068e-01   4.33992e-01   1.08981e+00  -1.32760e+00   9.20247e-01
   6.06493e-01  -9.08564e-01  -9.62654e-01   9.62654e-01  -9.33108e-01   8.22208e-01   4.36184e-01   1.08228e+00  -1.32391e+00   9.19554e-01
   6.07542e-01  -9.02947e-01  -9.62654e-01   9.62654e-01  -9.32650e-01   8.23339e-01   4.38383e-01   1.07483e+00  -1.32021e+00   9.18860e-01
   6.08592e-01  -8.96888e-01  -9.62654e-01   9.62654e-01  -9.32188e-01   8.24463e-01   4.40588e-01   1.06743e+00  -1.31652e+00   9.18167e-01
   6.09641e-01  -8.90400e-01  -9.62654e-01   9.62654e-01  -9.31725e-01   8.25579e-01   4.42800e-01   1.06010e+00  -1.31282e+00   9.17473e-01
   6.10690e-01  -8.83497e-01  -9.62654e-01   9.62654e-01  -9.31259e-01   8.26688e-01   4.45019e-01   1.05283e+00  -1.30913e+00   9.16779e-01
   6.11740e-01  -8.76192e-01  -9.62654e-01   9.62654e-01  -9.30791e-01   8.27789e-01   4.47245e-01   1.04563e+00  -1.30543e+00   9.16086e-01
   6.12789e-01  -8.68497e-01  -9.62654e-01   9.62654e-01  -9.30321e-01   8.28882e-01   4.49477e-01   1.03849e+00  -1.30174e+00   9.15392e-01
   6.13838e-01  -8.60426e-01  -9.62654e-01   9.62654e-01  -9.29848e-01   8.29968e-01   4.51717e-01   1.03140e+00  -1.29804e+00   9.14699e-01
   6.14888e-01  -8.51992e-01  -9.62654e-01   9.62654e-01  -9.29373e-01   8.31047e-01   4.53963e-01   1.02438e+00  -1.29435e+00   9.14005e-01
   6.15937e-01  -8.43206e-01  -9.62654e-01   9.62654e-01  -9.28895e-01   8.32118e-01   4.56216e-01   1.01742e+00  -1.29065e+00   9.13311e-01
   6.16986e-01  -8.34081e-01  -9.62654e-01   9.62654e-01  -9.28415e-01   8.33182e-01   4.58475e-01   1.01052e+00  -1.28696e+00   9.12618e-01
   6.18035e-01  -8.24630e-01  -9.62654e-01   9.62654e-01  -9.27933e-01   8.34239e-01   4.60742e-01   1.00367e+00  -1.28326e+00   9.11924e-01
   6.19085e-01  -8.14865e-01  -9.62654e-01   9.62654e-01  -9.27448e-01   8.35288e-01   4.63015e-01   9.96883e-01  -1.27957e+00   9.11230e-01
   6.20134e-01  -8.04798e-01  -9.62654e-01   9.62654e-01  -9.26961e-01   8.36331e-01   4.65295e-01   9.90153e-01  -1.27587e+00   9.10537e-01
   6.21183e-01  -7.94441e-01  -9.62654e-01   9.62654e-01  -9.26472e-01   8.37366e-01   4.67582e-01   9.83479e-01  -1.27218e+00   9.09843e-01
   6.22233e-01  -7.83805e-01  -9.62654e-01   9.62654e-01  -9.25980e-01   8.38395e-01   4.69876e-01   9.76862e-01  -1.26848e+00   9.09150e-01
   6.23282e-01  -7.72903e-01  -9.62654e-01   9.62654e-01  -9.25486e-01   8.39416e-01   4.72176e-01   9.70301e-01  -1.26479e+00   9.08456e-01
   6.24331e-01  -7.61745e-01  -9.62654e-01   9.62654e-01  -9.24989e-01   8.40431e-01   4.74484e-01   9.63794e-01  -1.26109e+00   9.07762e-01
   6.25381e-01  -7.50343e-01  -9.62654e-01   9.62654e-01  -9.24490e-01   8.41439e-01   4.76798e-01   9.57342e-01  -1.25740e+00   9.07069e-01
   6.26430e-01  -7.38708e-01  -9.62654e-01   9.62654e-01  -9.23988e-01   8.42440e-01   4.79119e-01   9.50944e-01  -1.25370e+00   9.06375e-01
   6.27479e-01  -7.26850e-01  -9.62654e-01   9.62654e-01  -9.23485e-01   8.43435e-01   4.81447e-01   9.44599e-01  -1.25001e+00   9.05681e-01
   6.28528e-01  -7.14781e-01  -9.62654e-01   9.62654e-01  -9.22978e-01   8.44423e-01   4.83781e-01   9.38307e-01  -1.24631e+00   9.04988e-01
   6.29578e-01  -7.02511e-01  -9.62654e-01   9.62654e-01  -9.22469e-01   8.45404e-01   4.86123e-01   9.32067e-01  -1.24262e+00   9.04294e-01
   6.30627e-01  -6.90050e-01  -9.62654e-01   9.62654e-01  -9.21958e-01   8.46379e-01   4.88471e-01   9.25879e-01  -1.23892e+00   9.03601e-01
   6.31676e-01  -6.77408e-01  -9.62654e-01   9.62654e-01  -9.21444e-01   8.47251e-01   4.90826e-01   1.00973e-01  -1.23523e+00   9.02907e-01
   6.32726e-01  -6.64596e-01  -9.62654e-01   9.62654e-01  -9.20928e-01   8.47354e-01   4.93188e-01   9.46948e-02  -1.23153e+00   9.02213e-01
   6.33775e-01  -6.51622e-01  -9.62654e-01   9.62654e-01  -9.20409e-01   8.47450e-01   4.95557e-01   8.84424e-02  -1.22784e+00   9.01520e-01
   6.34824e-01  -6.38497e-01  -9.62654e-01   9.62654e-01  -9.19888e-01   8.47539e-01   4.97932e-01   8.22152e-02  -1.22414e+00   9.00826e-01
   6.35873e-01  -6.25230e-01  -9.62654e-01   9.62654e-01  -9.19364e-01   8.47622e-01   5.00315e-01   7.60129e-02  -1.22045e+00   9.00133e-01
   6.36923e-01  -6.11829e-01  -9.62654e-01   9.62654e-01  -9.18838e-01   8.47699e-01   5.02704e-01   6.98352e-02  -1.21675e+00   8.99439e-01
   6.37972e-01  -5.98305e-01  -9.62654e-01   9.62654e-01  -9.18309e-01   8.47769e-01   5.05100e-01   6.36817e-02  -1.21306e+00   8.98745e-01
   6.39021e-01  -5.84665e-01  -9.62654e-01   9.62654e-01  -9.17778e-01   8.47832e-01   5.07503e-01   5.75521e-02  -1.20936e+00   8.98052e-01
   6.40071e-01  -5.70919e-01  -9.62654e-01   9.62654e-01  -9.17244e-01   8.47889e-01   5.09913e-01   5.14462e-02  -1.20566e+00   8.97358e-01
   6.41120e-01  -5.57074e-01  -9.62654e-01   9.62654e-01  -9.16708e-01   8.47940e-01   5.12329e-01   4.53636e-02  -1.20197e+00   8.96664e-01
   6.42169e-01  -5.43139e-01  -9.62654e-01   9.62654e-01  -9.16169e-01   8.47985e-01   5.14753e-01   3.93041e-02  -1.19827e+00   8.95971e-01
   6.43219e-01  -5.29121e-01  -9.62654e-01   9.62654e-01  -9.15628e-01   8.48023e-01   5.17183e-01   3.32673e-02  -1.19458e+00   8.95277e-01
   6.44268e-01  -5.15030e-01  -9.62654e-01   9.62654e-01  -9.15084e-01   8.48055e-01   5.19620e-01   2.72529e-02  -1.19088e+00   8.94584e-01
   6.45317e-01  -5.00871e-01  -9.62654e-01   9.62654e-01  -9.14537e-01   8.48080e-01   5.22064e-01   2.12607e-02  -1.18719e+00   8.93890e-01
   6.46366e-01  -4.86653e-01  -9.62654e-01   9.62654e-01  -9.13988e-01   8.48099e-01   5.24515e-01   1.52905e-02  -1.18349e+00   8.93196e-01
   6.47416e-01  -4.72382e-01  -9.62654e-01   9.62654e-01  -9.13436e-01   8.48112e-01   5.26973e-01   9.34180e-03  -1.17980e+00   8.92503e-01
   6.48465e-01  -4.58066e-01  -9.62654e-01   9.62654e-01  -9.12882e-01   8.48119e-01   5.29437e-01   3.41446e-03  -1.17610e+00   8.91809e-01
   6.49514e-01  -4.43712e-01  -9.62654e-01   9.62654e-01  -9.12325e-01   8.48119e-01   5.31908e-01  -2.49181e-03  -1.17241e+00   8.91115e-01
   6.50564e-01  -4.29326e-01  -9.62654e-01   9.62654e-01  -9.11766e-01   8.48114e-01   5.34386e-01  -8.37729e-03  -1.16871e+00   8.90422e-01
   6.51613e-01  -4.14915e-01  -9.62654e-01   9.62654e-01  -9.11204e-01   8.48102e-01   5.36871e-01  -1.42422e-02  -1.16502e+00   8.89728e-01
   6.52662e-01  -4.00485e-01  -9.62654e-01   9.62654e-01  -9.10639e-01   8.48084e-01   5.39363e-01  -2.00869e-02  -1.16132e+00   8.89035e-01
   6.53711e-01  -3.86042e-01  -9.62654e-01   9.62654e-01  -9.10072e-01   8.48060e-01   5.41862e-01  -2.59116e-02  -1.15763e+00   8.88341e-01
   6.54761e-01  -3.71593e-01  -9.62654e-01   9.62654e-01  -9.09502e-01   8.48029e-01   5.44367e-01  -3.17165e-02  -1.15393e+00   8.87647e-01
   6.55810e-01  -3.57142e-01  -9.62654e-01   9.62654e-01  -9.08930e-01   8.47993e-01   5.46880e-01  -3.75020e-02  -1.15024e+00   8.86954e-01
   6.56859e-01  -3.42696e-01  -9.62654e-01   9.62654e-01  -9.08354e-01   8.47951e-01   5.49399e-01  -4.32682e-02  -1.14654e+00   8.86260e-01
   6.57909e-01  -3.28259e-01  -9.62654e-01   9.62654e-01  -9.07777e-01   8.47902e-01   5.51925e-01  -4.90154e-02  -1.14285e+00   8.85567e-01
   6.58958e-01  -3.13838e-01  -9.62654e-01   9.62654e-01  -9.07196e-01   8.47848e-01   5.54458e-01  -5.47439e-02  -1.13915e+00   8.84873e-01
   6.60007e-01  -2.99437e-01  -9.62654e-01   9.62654e-01  -9.06613e-01   8.47787e-01   5.56998e-01  -6.04538e-02  -1.13546e+00   8.84179e-01
   6.61057e-01  -2.85062e-01  -9.62654e-01   9.62654e-01  -9.06027e-01   8.47721e-01   5.59544e-01  -6.61455e-02  -1.13176e+00   8.83486e-01
   6.62106e-01  -2.70716e-01  -9.62654e-01   9.62654e-01  -9.05439e-01   8.47648e-01   5.62097e-01  -7.18192e-02  -1.12807e+00   8.82792e-01
   6.63155e-01  -2.56406e-01  -9.62654e-01   9.62654e-01  -9.04848e-01   8.47570e-01   5.64658e-01  -7.74751e-02  -1.12437e+00   8.82098e-01
   6.64204e-01  -2.42134e-01  -9.62654e-01   9.62654e-01  -9.04254e-01   8.47486e-01   5.67225e-01  -8.31134e-02  -1.12068e+00   8.81405e-01
   6.65254e-01  -2.27906e-01  -9.62654e-01   9.62654e-01  -9.03657e-01   8.47396e-01   5.69799e-01  -8.87344e-02  -1.11698e+00   8.80711e-01
   6.66303e-01  -2.13726e-01  -9.62654e-01   9.62654e-01  -9.03058e-01   8.47300e-01   5.72379e-01  -9.43383e-02  -1.11329e+00   8.80018e-01
   6.67352e-01  -1.99597e-01  -9.62654e-01   9.62654e-01  -9.02456e-01   8.47198e-01   5.74967e-01  -9.99253e-02  -1.10959e+00   8.79324e-01
   6.68402e-01  -1.85524e-01  -9.62654e-01   9.62654e-01  -9.01851e-01   8.47090e-01   5.77561e-01  -1.05496e-01  -1.10590e+00   8.78630e-01
   6.69451e-01  -1.71510e-01  -9.62654e-01   9.62654e-01  -9.01244e-01   8.46976e-01   5.80162e-01  -1.11050e-01  -1.10220e+00   8.77937e-01
   6.70500e-01  -1.57560e-01  -9.62654e-01   9.62654e-01  -9.00634e-01   8.46857e-01   5.82770e-01  -1.16587e-01  -1.09851e+00   8.77243e-01
   6.71550e-01  -1.43676e-01  -9.62654e-01   9.62654e-01  -9.00021e-01   8.46732e-01   5.85385e-01  -1.22109e-01  -1.09481e+00   8.76549e-01
   6.72599e-01  -1.29862e-01  -9.62654e-01   9.62654e-01  -8.99405e-01   8.46601e-01   5.88007e-01  -1.27615e-01  -1.09112e+00   8.75856e-01
   6.73648e-01  -1.16120e-01  -9.62654e-01   9.62654e-01  -8.98787e-01   8.46464e-01   5.90635e-01  -1.33105e-01  -1.08742e+00   8.75162e-01
   6.74697e-01  -1.02456e-01  -9.62654e-01   9.62654e-01  -8.98166e-01   8.46321e-01   5.93271e-01  -1.38580e-01  -1.08373e+00   8.74469e-01
   6.75747e-01  -8.88697e-02  -9.62654e-01   9.62654e-01  -8.97542e-01   8.46173e-01   5.95913e-01  -1.44040e-01  -1.08003e+00   8.73775e-01
   6.76796e-01  -7.53659e-02  -9.62654e-01   9.62654e-01  -8.96915e-01   8.46019e-01   5.98562e-01  -1.49484e-01  -1.07634e+00   8.73081e-01
   6.77845e-01  -6.19467e-02  -9.62654e-01   9.62654e-01  -8.96286e-01   8.45859e-01   6.01218e-01  -1.54914e-01  -1.07264e+00   8.72388e-01
   6.78895e-01  -4.86150e-02  -9.62654e-01   9.62654e-01  -8.95654e-01   8.45694e-01   6.03880e-01  -1.60330e-01  -1.06895e+00   8.71694e-01
   6.79944e-01  -3.53731e-02  -9.62654e-01   9.62654e-01  -8.95018e-01   8.45523e-01   6.06549e-01  -1.65731e-01  -1.06525e+00   8.71001e-01
   6.80993e-01  -2.22234e-02  -9.62654e-01   9.62654e-01  -8.94381e-01   8.45346e-01   6.09226e-01  -1.71118e-01  -1.06156e+00   8.70307e-01
   6.82042e-01  -9.16827e-03  -9.62654e-01   9.62654e-01  -8.93740e-01   8.45164e-01   6.11909e-01  -1.76490e-01  -1.05786e+00   8.69613e-01
   6.83092e-01   3.79016e-03  -9.62654e-01   9.62654e-01  -8.93096e-01   8.44976e-01   6.14598e-01  -1.81849e-01  -1.05417e+00   8.68920e-01
   6.84141e-01   1.66498e-02  -9.62654e-01   9.62654e-01  -8.92450e-01   8.44782e-01   6.17295e-01  -1.87195e-01  -1.05047e+00   8.68226e-01
   6.85190e-01   2.94087e-02  -9.62654e-01   9.62654e-01  -8.91801e-01   8.44583e-01   6.19998e-01  -1.92527e-01  -1.04678e+00   8.67532e-01
   6.86240e-01   4.20650e-02  -9.62654e-01   9.62654e-01  -8.91149e-01   8.44378e-01   6.22709e-01  -1.97845e-01  -1.04308e+00   8.66839e-01
   6.87289e-01   5.46168e-02  -9.62654e-01   9.62654e-01  -8.90494e-01   8.44168e-01   6.25426e-01  -2.03151e-01  -1.03939e+00   8.66145e-01
   6.88338e-01   6.70626e-02  -9.62654e-01   9.62654e-01  -8.89837e-01   8.43952e-01   6.28149e-01  -2.08444e-01  -1.03569e+00   8.65452e-01
   6.89388e-01   7.94007e-02  -9.62654e-01   9.62654e-01  -8.89176e-01   8.43730e-01   6.30880e-01  -2.13724e-01  -1.03200e+00   8.64758e-01
   6.90437e-01   9.16296e-02  -9.62654e-01   9.62654e-01  -8.88513e-01   8.43503e-01   6.33617e-01  -2.18991e-01  -1.02830e+00   8.64064e-01
   6.91486e-01   1.03748e-01  -9.62654e-01   9.62654e-01  -8.87846e-01   8.43271e-01   6.36361e-01  -2.24246e-01  -1.02461e+00   8.63371e-01
   6.92535e-01   1.15754e-01  -9.62654e-01   9.62654e-01  -8.87177e-01   8.43033e-01   6.39112e-01  -2.29489e-01  -1.02091e+00   8.62677e-01
   6.93585e-01   1.27647e-01  -9.62654e-01   9.62654e-01  -8.86505e-01   8.42789e-01   6.41870e-01  -2.34720e-01  -1.01722e+00   8.61983e-01
   6.94634e-01   1.39426e-01  -9.62654e-01   9.62654e-01  -8.85830e-01   8.42540e-01   6.44634e-01  -2.39939e-01  -1.01352e+00   8.61290e-01
   6.95683e-01   1.51089e-01  -9.62654e-01   9.62654e-01  -8.85152e-01   8.42286e-01   6.47405e-01  -2.45146e-01  -1.00983e+00   8.60596e-01
   6.96733e-01   1.62636e-01  -9.62654e-01   9.62654e-01  -8.84471e-01   8.42026e-01   6.50183e-01  -2.50342e-01  -1.00613e+00   8.59903e-01
   6.97782e-01   1.74065e-01  -9.62654e-01   9.62654e-01  -8.83788e-01   8.41760e-01   6.52968e-01  -2.55526e-01  -1.00244e+00   8.59209e-01
   6.98831e-01   1.85376e-01  -9.62654e-01   9.62654e-01  -8.83101e-01   8.41489e-01   6.55759e-01  -2.60699e-01  -9.98742e-01   8.58515e-01
   6.99881e-01   1.96568e-01  -9.62654e-01   9.62654e-01  -8.82412e-01   8.41213e-01   6.58557e-01  -2.65861e-01  -9.95047e-01   8.57822e-01
   7.00930e-01   2.07640e-01  -9.62654e-01   9.62654e-01  -8.81719e-01   8.40932e-01   6.61362e-01  -2.71012e-01  -9.91352e-01   8.57128e-01
   7.01979e-01   2.18592e-01  -9.62654e-01   9.62654e-01  -8.81024e-01   8.40644e-01   6.64174e-01  -2.76152e-01  -9.87657e-01   8.56435e-01
   7.03028e-01   2.29423e-01  -9.62654e-01   9.62654e-01  -8.80325e-01   8.40352e-01   6.66992e-01  -2.81282e-01  -9.83962e-01   8.55741e-01
   7.04078e-01   2.40131e-01  -9.62654e-01   9.62654e-01  -8.79624e-01   8.40054e-01   6.69817e-01  -2.86401e-01  -9.80267e-01   8.55047e-01
   7.05127e-01   2.50718e-01  -9.62654e-01   9.62654e-01  -8.78920e-01   8.39751e-01   6.72649e-01  -2.91510e-01  -9.76572e-01   8.54354e-01
   7.06176e-01   2.61182e-01  -9.62654e-01   9.62654e-01  -8.78212e-01   8.39442e-01   6.75487e-01  -2.96609e-01  -9.72877e-01   8.53660e-01
   7.07226e-01   2.71523e-01  -9.62654e-01   9.62654e-01  -8.77502e-01   8.39129e-01   6.78333e-01  -3.01698e-01  -9.69182e-01   8.52966e-01
   7.08275e-01   2.81741e-01  -9.62654e-01   9.62654e-01  -8.76789e-01   8.38809e-01   6.81185e-01  -3.06777e-01  -9.65487e-01   8.52273e-01
   7.09324e-01   2.91835e-01  -9.62654e-01   9.62654e-01  -8.76072e-01   8.38485e-01   6.84043e-01  -3.11846e-01  -9.61792e-01   8.51579e-01
   7.10373e-01   3.01806e-01  -9.62654e-01   9.62654e-01  -8.75353e-01   8.38155e-01   6.86908e-01  -3.16905e-01  -9.58097e-01   8.50886e-01
   7.11423e-01   3.11653e-01  -9.62654e-01   9.62654e-01  -8.74631e-01   8.37820e-01   6.89780e-01  -3.21955e-01  -9.54402e-01   8.50192e-01
   7.12472e-01   3.21376e-01  -9.62654e-01   9.62654e-01  -8.73906e-01   8.37479e-01   6.92659e-01  -3.26996e-01  -9.50707e-01   8.49498e-01
   7.13521e-01   3.30974e-01  -9.62654e-01   9.62654e-01  -8.73177e-01   8.37133e-01   6.95545e-01  -3.32028e-01  -9.47012e-01   8.48805e-01
   7.14571e-01   3.40449e-01  -9.62654e-01   9.62654e-01  -8.72446e-01   8.36782e-01   6.98437e-01  -3.37050e-01  -9.43317e-01   8.48111e-01
   7.15620e-01   3.49799e-01  -9.62654e-01   9.62654e-01  -8.71712e-01   8.36426e-01   7.01335e-01  -3.42064e-01  -9.39622e-01   8.47417e-01
   7.16669e-01   3.59026e-01  -9.62654e-01   9.62654e-01  -8.70974e-01   8.36065e-01   7.04241e-01  -3.47069e-01  -9.35927e-01   8.46724e-01
   7.17719e-01   3.68128e-01  -9.62654e-01   9.62654e-01  -8.70226e-01   8.35698e-01   7.38658e-01  -3.52065e-01  -9.32232e-01   8.46030e-01
   7.18768e-01   3.77107e-01  -9.62654e-01   9.62654e-01  -8.69415e-01   8.35326e-01   8.06505e-01  -3.57053e-01  -9.28537e-01   8.45337e-01
   7.19817e-01   3.85962e-01  -9.62654e-01   9.62654e-01  -8.68533e-01   8.34948e-01   8.74344e-01  -3.62032e-01  -9.24842e-01   8.44643e-01
   7.20866e-01   3.94694e-01  -9.62654e-01   9.62654e-01  -8.67580e-01   8.34566e-01   9.42165e-01  -3.67003e-01  -9.21146e-01   8.43949e-01
   7.21916e-01   4.03303e-01  -9.62654e-01   9.62654e-01  -8.66556e-01   8.34178e-01   1.00996e+00  -3.71966e-01  -9.17451e-01   8.43256e-01
   7.22965e-01   4.11789e-01  -9.62654e-01   9.62654e-01  -8.65461e-01   8.33785e-01   1.07772e+00  -3.76920e-01  -9.13756e-01   8.42562e-01
   7.24014e-01   4.20153e-01  -9.62654e-01   9.62654e-01  -8.64294e-01   8.33387e-01   1.14543e+00  -3.81867e-01  -9.10061e-01   8.41869e-01
   7.25064e-01   4.28394e-01  -9.62654e-01   9.62654e-01  -8.63057e-01   8.32984e-01   1.21308e+00  -3.86806e-01  -9.06366e-01   8.41175e-01
   7.26113e-01   4.36513e-01  -9.62654e-01   9.62654e-01  -8.61748e-01   8.32576e-01   1.28067e+00  -3.91738e-01  -9.02671e-01   8.40481e-01
   7.27162e-01   4.44512e-01  -9.62654e-01   9.62654e-01  -8.60369e-01   8.32162e-01   1.34818e+00  -3.96661e-01  -8.98976e-01   8.39788e-01
   7.28212e-01   4.52389e-01  -9.62654e-01   9.62654e-01  -8.58919e-01   8.31743e-01   1.41561e+00  -4.01578e-01  -8.95281e-01   8.39094e-01
   7.29261e-01   4.60146e-01  -9.62654e-01   9.62654e-01  -8.57398e-01   8.31319e-01   1.48295e+00  -4.06487e-01  -8.91586e-01   8.38400e-01
   7.30310e-01   4.67783e-01  -9.62654e-01   9.62654e-01  -8.55807e-01   8.30890e-01   1.55017e+00  -4.11388e-01  -8.87891e-01   8.37707e-01
   7.31359e-01   4.75300e-01  -9.62654e-01   9.62654e-01  -8.54145e-01   8.30456e-01   1.61729e+00  -4.16283e-01  -8.84196e-01   8.37013e-01
   7.32409e-01   4.82699e-01  -9.62654e-01   9.62654e-01  -8.52413e-01   8.30016e-01   1.68428e+00  -4.21171e-01  -8.80501e-01   8.36320e-01
   7.33458e-01   4.89979e-01  -9.62654e-01   9.62654e-01  -8.50611e-01   8.29572e-01   1.75114e+00  -4.26052e-01  -8.76806e-01   8.35626e-01
   7.34507e-01   4.97141e-01  -9.62654e-01   9.62654e-01  -8.48738e-01   8.29122e-01   1.81786e+00  -4.30926e-01  -8.73111e-01   8.34932e-01
   7.35557e-01   5.04187e-01  -9.62654e-01   9.62654e-01  -8.46796e-01   8.28668e-01   1.88442e+00  -4.35793e-01  -8.69416e-01   8.34239e-01
   7.36606e-01   5.11115e-01  -9.62654e-01   9.62654e-01  -8.44784e-01   8.28208e-01   1.95082e+00  -4.40654e-01  -8.65721e-01   8.33545e-01
   7.37655e-01   5.17928e-01  -9.62654e-01   9.62654e-01  -8.42702e-01   8.27743e-01   2.01705e+00  -4.45508e-01  -8.62026e-01   8.32851e-01
   7.38704e-01   5.24626e-01  -9.62654e-01   9.62654e-01  -8.40551e-01   8.27273e-01   2.08310e+00  -4.50356e-01  -8.58331e-01   8.32158e-01
   7.39754e-01   5.31209e-01  -9.62654e-01   9.62654e-01  -8.38330e-01   8.26798e-01   2.14896e+00  -4.55198e-01  -8.54636e-01   8.31464e-01
   7.40803e-01   5.37678e-01  -9.62654e-01   9.62654e-01  -8.36041e-01   8.26318e-01   2.21463e+00  -4.60033e-01  -8.50941e-01   8.30771e-01
   7.41852e-01   5.44034e-01  -9.62654e-01   9.62654e-01  -8.33683e-01   8.25832e-01   2.28008e+00  -4.64862e-01  -8.47246e-01   8.30077e-01
   7.42902e-01   5.50278e-01  -9.62654e-01   9.62654e-01  -8.31256e-01   8.25342e-01   2.34531e+00  -4.69686e-01  -8.43551e-01   8.29383e-01
   7.43951e-01   5.56409e-01  -9.62654e-01   9.62654e-01  -8.28761e-01   8.24847e-01   2.41032e+00  -4.74503e-01  -8.39855e-01   8.28690e-01
   7.45000e-01   5.62430e-01  -9.62654e-01   9.62654e-01  -8.26198e-01   8.24346e-01   2.47509e+00  -4.79315e-01  -8.36160e-01   8.27996e-01
   7.46050e-01   5.68341e-01  -9.62654e-01   9.62654e-01  -8.23567e-01   8.23841e-01   2.53962e+00  -4.84121e-01  -8.32465e-01   8.27303e-01
   7.47099e-01   5.74143e-01  -9.62654e-01   9.62654e-01  -8.20868e-01   8.23330e-01   2.60389e+00  -4.88922e-01  -8.28770e-01   8.26609e-01
   7.48148e-01   5.79835e-01  -9.62654e-01   9.62654e-01  -8.18103e-01   8.22815e-01   2.66789e+00  -4.93717e-01  -8.25075e-01   8.25915e-01
   7.49197e-01   5.85420e-01  -9.62654e-01   9.62654e-01  -8.15270e-01   8.22294e-01   2.73163e+00  -4.98506e-01  -8.21380e-01   8.25222e-01
   7.50247e-01   5.90898e-01  -9.62654e-01   9.62654e-01  -8.12370e-01   8.21769e-01   2.79508e+00  -5.03290e-01  -8.17685e-01   8.24528e-01
   7.51296e-01   5.96270e-01  -9.62654e-01   9.62654e-01  -8.09404e-01   8.21238e-01   2.85824e+00  -5.08069e-01  -8.13990e-01   8.23834e-01
   7.52345e-01   6.01536e-01  -9.62654e-01   9.62654e-01  -8.06372e-01   8.20702e-01   2.92110e+00  -5.12843e-01  -8.10295e-01   8.23141e-01
   7.53395e-01   6.06698e-01  -9.62654e-01   9.62654e-01  -8.03274e-01   8.20162e-01   2.98365e+00  -5.17612e-01  -8.06600e-01   8.22447e-01
   7.54444e-01   6.11756e-01  -9.62654e-01   9.62654e-01  -8.00111e-01   8.19616e-01   3.04588e+00  -5.22376e-01  -8.02905e-01   8.21754e-01
   7.55493e-01   6.16712e-01  -9.62654e-01   9.62654e-01  -7.96882e-01   8.19065e-01   3.10779e+00  -5.27135e-01  -7.99210e-01   8.21060e-01
   7.56543e-01   6.21565e-01  -9.62654e-01   9.62654e-01  -7.93589e-01   8.18510e-01   3.16936e+00  -5.31889e-01  -7.95515e-01   8.20366e-01
   7.57592e-01   6.26317e-01  -9.62654e-01   9.62654e-01  -7.90231e-01   8.17949e-01   3.23058e+00  -5.36638e-01  -7.91820e-01   8.19673e-01
   7.58641e-01   6.30969e-01  -9.62654e-01   9.62654e-01  -7.86809e-01   8.17384e-01   3.29146e+00  -5.41383e-01  -7.88125e-01   8.18979e-01
   7.59690e-01   6.35522e-01  -9.62654e-01   9.62654e-01  -7.83324e-01   8.16813e-01   3.35197e+00  -5.46123e-01  -7.84430e-01   8.18285e-01
   7.60740e-01   6.39975e-01  -9.62654e-01   9.62654e-01  -7.79775e-01   8.16238e-01   3.41211e+00  -5.50859e-01  -7.80735e-01   8.17592e-01
   7.61789e-01   6.44332e-01  -9.62654e-01   9.62654e-01  -7.76168e-01   8.15657e-01   3.44816e+00  -5.55590e-01  -7.77040e-01   8.16898e-01
   7.62838e-01   6.48591e-01  -9.62654e-01   9.62654e-01  -7.72549e-01   8.15072e-01   3.45135e+00  -5.60317e-01  -7.73345e-01   8.16205e-01
   7.63888e-01   6.52755e-01  -9.62654e-01   9.62654e-01  -7.68925e-01   8.14481e-01   3.45455e+00  -5.65040e-01  -7.69650e-01   8.15511e-01
   7.64937e-01   6.56824e-01  -9.62654e-01   9.62654e-01  -7.65299e-01   8.13886e-01   3.45775e+00  -5.69758e-01  -7.65955e-01   8.14817e-01
   7.65986e-01   6.60798e-01  -9.62654e-01   9.62654e-01  -7.61669e-01   8.13286e-01   3.46096e+00  -5.74473e-01  -7.62260e-01   8.14124e-01
   7.67035e-01   6.64679e-01  -9.62654e-01   9.62654e-01  -7.58036e-01   8.12680e-01   3.46418e+00  -5.79183e-01  -7.58564e-01   8.13430e-01
   7.68085e-01   6.68468e-01  -9.62654e-01   9.62654e-01  -7.54399e-01   8.12070e-01   3.46740e+00  -5.83889e-01  -7.54869e-01   8.12737e-01
   7.69134e-01   6.72166e-01  -9.62654e-01   9.62654e-01  -7.50759e-01   8.11455e-01   3.47063e+00  -5.88592e-01  -7.51174e-01   8.12043e-01
   7.70183e-01   6.75773e-01  -9.62654e-01   9.62654e-01  -7.47116e-01   8.10835e-01   3.47386e+00  -5.93290e-01  -7.47479e-01   8.11349e-01
   7.71233e-01   6.79290e-01  -9.62654e-01   9.62654e-01  -7.43469e-01   8.10210e-01   3.47710e+00  -5.97985e-01  -7.43784e-01   8.10656e-01
   7.72282e-01   6.82719e-01  -9.62654e-01   9.62654e-01  -7.39819e-01   8.09580e-01   3.48035e+00  -6.02677e-01  -7.40089e-01   8.09962e-01
   7.73331e-01   6.86059e-01  -9.62654e-01   9.62654e-01  -7.36165e-01   8.08945e-01   3.48360e+00  -6.07364e-01  -7.36394e-01   8.09268e-01
   7.74381e-01   6.89313e-01  -9.62654e-01   9.62654e-01  -7.32508e-01   8.08305e-01   3.48686e+00  -6.12048e-01  -7.32699e-01   8.08575e-01
   7.75430e-01   6.92481e-01  -9.62654e-01   9.62654e-01  -7.28848e-01   8.07661e-01   3.49013e+00  -6.16729e-01  -7.29004e-01   8.07881e-01
   7.76479e-01   6.95563e-01  -9.62654e-01   9.62654e-01  -7.25184e-01   8.07011e-01   3.49340e+00  -6.21406e-01  -7.25309e-01   8.07188e-01
   7.77528e-01   6.98562e-01  -9.62654e-01   9.62654e-01  -7.21516e-01   8.06357e-01   3.49668e+00  -6.26080e-01  -7.21614e-01   8.06494e-01
   7.78578e-01   7.01477e-01  -9.62654e-01   9.62654e-01  -7.17846e-01   8.05697e-01   3.49996e+00  -6.30750e-01  -7.17919e-01   8.05800e-01
   7.79627e-01   7.04309e-01  -9.62654e-01   9.62654e-01  -7.14171e-01   8.05033e-01   3.50325e+00  -6.35418e-01  -7.14224e-01   8.05107e-01
   7.80676e-01   7.07060e-01  -9.62654e-01   9.62654e-01  -7.10494e-01   8.04364e-01   3.50655e+00  -6.40082e-01  -7.10529e-01   8.04413e-01
   7.81726e-01   7.09730e-01  -9.62654e-01   9.62654e-01  -7.06812e-01   8.03690e-01   3.50985e+00  -6.44743e-01  -7.06834e-01   8.03719e-01
   7.82775e-01   7.12320e-01  -9.62654e-01   9.62654e-01  -7.03128e-01   8.03011e-01   3.51316e+00  -6.49401e-01  -7.03139e-01   8.03026e-01
   7.83824e-01   7.14831e-01  -9.62654e-01   9.62654e-01  -6.99440e-01   8.02327e-01   3.51647e+00  -6.54056e-01  -6.99444e-01   8.02332e-01
   7.84874e-01   7.17264e-01  -9.62654e-01   9.62654e-01  -6.95748e-01   8.01638e-01   3.51979e+00  -6.58708e-01  -6.95749e-01   8.01639e-01
   7.85923e-01   7.19620e-01  -9.62654e-01   9.62654e-01  -6.92053e-01   8.00944e-01   3.52312e+00  -6.63357e-01  -6.92054e-01   8.00945e-01
   7.86972e-01   7.21899e-01  -9.62654e-01   9.62654e-01  -6.88355e-01   8.00246e-01   3.52645e+00  -6.68003e-01  -6.88359e-01   8.00251e-01
   7.88021e-01   7.24103e-01  -9.62654e-01   9.62654e-01  -6.84653e-01   7.99543e-01   3.52979e+00  -6.72647e-01  -6.84664e-01   7.99558e-01
   7.89071e-01   7.26232e-01  -9.62654e-01   9.62654e-01  -6.80947e-01   7.98834e-01   3.53313e+00  -6.77288e-01  -6.80969e-01   7.98864e-01
   7.90120e-01   7.28288e-01  -9.62654e-01   9.62654e-01  -6.77238e-01   7.98121e-01   3.53648e+00  -6.81926e-01  -6.77273e-01   7.98171e-01
   7.91169e-01   7.30271e-01  -9.62654e-01   9.62654e-01  -6.73525e-01   7.97403e-01   3.53983e+00  -6.86562e-01  -6.73578e-01   7.97477e-01
   7.92219e-01   7.32181e-01  -9.62654e-01   9.62654e-01  -6.69809e-01   7.96680e-01   3.54320e+00  -6.91195e-01  -6.69883e-01   7.96783e-01
   7.93268e-01   7.34021e-01  -9.62654e-01   9.62654e-01  -6.66090e-01   7.95953e-01   3.54656e+00  -6.95825e-01  -6.66188e-01   7.96090e-01
   7.94317e-01   7.35790e-01  -9.62654e-01   9.62654e-01  -6.62367e-01   7.95220e-01   3.54994e+00  -7.00453e-01  -6.62493e-01   7.95396e-01
   7.95366e-01   7.37489e-01  -9.62654e-01   9.62654e-01  -6.58640e-01   7.94483e-01   3.55332e+00  -7.05079e-01  -6.58798e-01   7.94702e-01
   7.96416e-01   7.39120e-01  -9.62654e-01   9.62654e-01  -6.54910e-01   7.93740e-01   3.55670e+00  -7.09703e-01  -6.55103e-01   7.94009e-01
   7.97465e-01   7.40683e-01  -9.62654e-01   9.62654e-01  -6.51176e-01   7.92993e-01   3.56009e+00  -7.14324e-01  -6.51408e-01   7.93315e-01
   7.98514e-01   7.42178e-01  -9.62654e-01   9.62654e-01  -6.47438e-01   7.92241e-01   3.56349e+00  -7.18943e-01  -6.47713e-01   7.92622e-01
   7.99564e-01   7.43608e-01  -9.62654e-01   9.62654e-01  -6.43697e-01   7.91485e-01   3.56689e+00  -7.23559e-01  -6.44018e-01   7.91928e-01
   8.00613e-01   7.44972e-01  -9.62654e-01   9.62654e-01  -6.39953e-01   7.90723e-01   3.57030e+00  -7.28174e-01  -6.40323e-01   7.91234e-01
   8.01662e-01   7.46272e-01  -9.62654e-01   9.62654e-01  -6.36205e-01   7.89956e-01   3.57371e+00  -7.32786e-01  -6.36628e-01   7.90541e-01
   8.02712e-01   7.47507e-01  -9.62654e-01   9.62654e-01  -6.32453e-01   7.89185e-01   3.57713e+00  -7.37397e-01  -6.32933e-01   7.89847e-01
   8.03761e-01   7.48680e-01  -9.62654e-01   9.62654e-01  -6.28698e-01   7.88409e-01   3.58056e+00  -7.42005e-01  -6.29238e-01   7.89153e-01
   8.04810e-01   7.49790e-01  -9.62654e-01   9.62654e-01  -6.24939e-01   7.87628e-01   3.58399e+00  -7.46612e-01  -6.25543e-01   7.88460e-01
   8.05859e-01   7.50840e-01  -9.62654e-01   9.62654e-01  -6.21177e-01   7.86842e-01   3.58743e+00  -7.51216e-01  -6.21848e-01   7.87766e-01
   8.06909e-01   7.51828e-01  -9.62654e-01   9.62654e-01  -6.17411e-01   7.86051e-01   3.59087e+00  -7.55819e-01  -6.18153e-01   7.87073e-01
   8.07958e-01   7.52756e-01  -9.62654e-01   9.62654e-01  -6.13641e-01   7.85256e-01   3.59432e+00  -7.60419e-01  -6.14458e-01   7.86379e-01
   8.09007e-01   7.53626e-01  -9.62654e-01   9.62654e-01  -6.09868e-01   7.84456e-01   3.59777e+00  -7.65018e-01  -6.10763e-01   7.85685e-01
   8.10057e-01   7.54437e-01  -9.62654e-01   9.62654e-01  -6.06091e-01   7.83650e-01   3.60123e+00  -7.69616e-01  -6.07068e-01   7.84992e-01
   8.11106e-01   7.55190e-01  -9.62654e-01   9.62654e-01  -6.02310e-01   7.82841e-01   3.60470e+00  -7.74211e-01  -6.03373e-01   7.84298e-01
   8.12155e-01   7.55887e-01  -9.62654e-01   9.62654e-01  -5.98526e-01   7.82026e-01   3.60817e+00  -7.78805e-01  -5.99678e-01   7.83605e-01
   8.13205e-01   7.56527e-01  -9.62654e-01   9.62654e-01  -5.94738e-01   7.81206e-01   3.61165e+00  -7.83397e-01  -5.95982e-01   7.82911e-01
   8.14254e-01   7.57113e-01  -9.62654e-01   9.62654e-01  -5.90946e-01   7.80382e-01   3.61513e+00  -7.87987e-01  -5.92287e-01   7.82217e-01
   8.15303e-01   7.57643e-01  -9.62654e-01   9.62654e-01  -5.87151e-01   7.79552e-01   3.61862e+00  -7.92576e-01  -5.88592e-01   7.81524e-01
   8.16352e-01   7.58120e-01  -9.62654e-01   9.62654e-01  -5.83352e-01   7.78718e-01   3.62211e+00  -7.97164e-01  -5.84897e-01   7.80830e-01
   8.17402e-01   7.58544e-01  -9.62654e-01   9.62654e-01  -5.79550e-01   7.77880e-01   3.62561e+00  -8.01750e-01  -5.81202e-01   7.80136e-01
   8.18451e-01   7.58915e-01  -9.62654e-01   9.62654e-01  -5.75744e-01   7.77036e-01   3.62911e+00  -8.06334e-01  -5.77507e-01   7.79443e-01
   8.19500e-01   7.59234e-01  -9.62654e-01   9.62654e-01  -5.71934e-01   7.76187e-01   3.63262e+00  -8.10917e-01  -5.73812e-01   7.78749e-01
   8.20550e-01   7.59502e-01  -9.62654e-01   9.62654e-01  -5.68120e-01   7.75334e-01   3.63614e+00  -8.15499e-01  -5.70117e-01   7.78056e-01
   8.21599e-01   7.59721e-01  -9.62654e-01   9.62654e-01  -5.64303e-01   7.74476e-01   3.63966e+00  -8.20079e-01  -5.66422e-01   7.77362e-01
   8.22648e-01   7.59889e-01  -9.62654e-01   9.62654e-01  -5.60482e-01   7.73613e-01   3.64318e+00  -8.24658e-01  -5.62727e-01   7.76668e-01
   8.23697e-01   7.60008e-01  -9.62654e-01   9.62654e-01  -5.56658e-01   7.72745e-01   3.64671e+00  -8.29236e-01  -5.59032e-01   7.75975e-01
   8.24747e-01   7.60080e-01  -9.62654e-01   9.62654e-01  -5.52829e-01   7.71873e-01   3.65025e+00  -8.33813e-01  -5.55337e-01   7.75281e-01
   8.25796e-01   7.60103e-01  -9.62654e-01   9.62654e-01  -5.48997e-01   7.70996e-01   3.65379e+00  -8.38388e-01  -5.51642e-01   7.74587e-01
   8.26845e-01   7.60080e-01  -9.62654e-01   9.62654e-01  -5.45161e-01   7.70113e-01   3.65734e+00  -8.42962e-01  -5.47947e-01   7.73894e-01
   8.27895e-01   7.60011e-01  -9.62654e-01   9.62654e-01  -5.41322e-01   7.69226e-01   3.66089e+00  -8.47535e-01  -5.44252e-01   7.73200e-01
   8.28944e-01   7.59895e-01  -9.62654e-01   9.62654e-01  -5.37479e-01   7.68335e-01   3.66445e+00  -8.52106e-01  -5.40557e-01   7.72507e-01
   8.29993e-01   7.59735e-01  -9.62654e-01   9.62654e-01  -5.33632e-01   7.67438e-01   3.66801e+00  -8.56677e-01  -5.36862e-01   7.71813e-01
   8.31043e-01   7.59531e-01  -9.62654e-01   9.62654e-01  -5.29781e-01   7.66537e-01   3.67158e+00  -8.61247e-01  -5.33167e-01   7.71119e-01
   8.32092e-01   7.59283e-01  -9.62654e-01   9.62654e-01  -5.25927e-01   7.65631e-01   3.67516e+00  -8.65815e-01  -5.29472e-01   7.70426e-01
   8.33141e-01   7.58992e-01  -9.62654e-01   9.62654e-01  -5.22068e-01   7.64720e-01   3.67874e+00  -8.70383e-01  -5.25777e-01   7.69732e-01
   8.34190e-01   7.58659e-01  -9.62654e-01   9.62654e-01  -5.18206e-01   7.63804e-01   3.68232e+00  -8.74949e-01  -5.22082e-01   7.69039e-01
   8.35240e-01   7.58283e-01  -9.62654e-01   9.62654e-01  -5.14341e-01   7.62884e-01   3.68591e+00  -8.79514e-01  -5.18386e-01   7.68345e-01
   8.36289e-01   7.57867e-01  -9.62654e-01   9.62654e-01  -5.10471e-01   7.61959e-01   3.68951e+00  -8.84079e-01  -5.14691e-01   7.67651e-01
   8.37338e-01   7.57410e-01  -9.62654e-01   9.62654e-01  -5.06598e-01   7.61028e-01   3.69311e+00  -8.88643e-01  -5.10996e-01   7.66958e-01
   8.38388e-01   7.56913e-01  -9.62654e-01   9.62654e-01  -5.02721e-01   7.60094e-01   3.69671e+00  -8.93205e-01  -5.07301e-01   7.66264e-01
   8.39437e-01   7.56377e-01  -9.62654e-01   9.62654e-01  -4.98840e-01   7.59154e-01   3.70032e+00  -8.97767e-01  -5.03606e-01   7.65570e-01
   8.40486e-01   7.55801e-01  -9.62654e-01   9.62654e-01  -4.94955e-01   7.58210e-01   3.70394e+00  -9.02328e-01  -4.99911e-01   7.64877e-01
   8.41536e-01   7.55188e-01  -9.62654e-01   9.62654e-01  -4.91067e-01   7.57260e-01   3.70756e+00  -9.06888e-01  -4.96216e-01   7.64183e-01
   8.42585e-01   7.54537e-01  -9.62654e-01   9.62654e-01  -4.87175e-01   7.56306e-01   3.71118e+00  -9.11447e-01  -4.92521e-01   7.63490e-01
   8.43634e-01   7.53849e-01  -9.62654e-01   9.62654e-01  -4.83279e-01   7.55348e-01   3.71481e+00  -9.16006e-01  -4.88826e-01   7.62796e-01
   8.44683e-01   7.53125e-01  -9.62654e-01   9.62654e-01  -4.79379e-01   7.54384e-01   3.71845e+00  -9.20564e-01  -4.85131e-01   7.62102e-01
   8.45733e-01   7.52364e-01  -9.62654e-01   9.62654e-01  -4.75475e-01   7.53416e-01   3.72209e+00  -9.25121e-01  -4.81436e-01   7.61409e-01
   8.46782e-01   7.51569e-01  -9.62654e-01   9.62654e-01  -4.71568e-01   7.52443e-01   3.72573e+00  -9.29677e-01  -4.77741e-01   7.60715e-01
   8.47831e-01   7.50738e-01  -9.62654e-01   9.62654e-01  -4.67656e-01   7.51465e-01   3.72938e+00  -9.34232e-01  -4.74046e-01   7.60021e-01
   8.48881e-01   7.49873e-01  -9.62654e-01   9.62654e-01  -4.63741e-01   7.50477e-01   3.73304e+00  -9.51559e-01  -4.70351e-01   7.59328e-01
   8.49930e-01   7.48975e-01  -9.62654e-01   9.62654e-01  -4.59822e-01   7.49468e-01   3.73670e+00  -9.71895e-01  -4.66656e-01   7.58634e-01
   8.50979e-01   7.48043e-01  -9.62654e-01   9.62654e-01  -4.55899e-01   7.48437e-01   3.74036e+00  -9.92002e-01  -4.62961e-01   7.57941e-01
   8.52028e-01   7.47079e-01  -9.62654e-01   9.62654e-01  -4.51973e-01   7.47386e-01   3.74403e+00  -1.01188e+00  -4.59266e-01   7.57247e-01
   8.53078e-01   7.46082e-01  -9.62654e-01   9.62654e-01  -4.48042e-01   7.46314e-01   3.74770e+00  -1.03154e+00  -4.55571e-01   7.56553e-01
   8.54127e-01   7.45054e-01  -9.62654e-01   9.62654e-01  -4.44108e-01   7.45221e-01   3.75138e+00  -1.05098e+00  -4.51876e-01   7.55860e-01
   8.55176e-01   7.43994e-01  -9.62654e-01   9.62654e-01  -4.40170e-01   7.44108e-01   3.75507e+00  -1.07019e+00  -4.48181e-01   7.55166e-01
   8.56226e-01   7.42904e-01  -9.62654e-01   9.62654e-01  -4.36227e-01   7.42975e-01   3.75876e+00  -1.08919e+00  -4.44486e-01   7.54473e-01
   8.57275e-01   7.41784e-01  -9.62654e-01   9.62654e-01  -4.32282e-01   7.41823e-01   3.76245e+00  -1.10798e+00  -4.40791e-01   7.53779e-01
   8.58324e-01   7.40634e-01  -9.62654e-01   9.62654e-01  -4.28332e-01   7.40650e-01   3.76615e+00  -1.12655e+00  -4.37095e-01   7.53085e-01
   8.59374e-01   7.39455e-01  -9.62654e-01   9.62654e-01  -4.24378e-01   7.39458e-01   3.76985e+00  -1.14492e+00  -4.33400e-01   7.52392e-01
   8.60423e-01   7.38247e-01  -9.62654e-01   9.62654e-01  -4.20420e-01   7.38248e-01   3.77356e+00  -1.16076e+00  -4.29705e-01   7.51698e-01
   8.61472e-01   7.37011e-01  -9.62654e-01   9.62654e-01  -4.16459e-01   7.37028e-01   3.77727e+00  -1.16447e+00  -4.26010e-01   7.51004e-01
   8.62521e-01   7.35748e-01  -9.62654e-01   9.62654e-01  -4.12493e-01   7.35804e-01   3.78098e+00  -1.16819e+00  -4.22315e-01   7.50311e-01
   8.63571e-01   7.34457e-01  -9.62654e-01   9.62654e-01  -4.08524e-01   7.34576e-01   3.78471e+00  -1.17191e+00  -4.18620e-01   7.49617e-01
   8.64620e-01   7.33139e-01  -9.62654e-01   9.62654e-01  -4.04551e-01   7.33345e-01   3.78843e+00  -1.17564e+00  -4.14925e-01   7.48924e-01
   8.65669e-01   7.31795e-01  -9.62654e-01   9.62654e-01  -4.00574e-01   7.32109e-01   3.79216e+00  -1.17937e+00  -4.11230e-01   7.48230e-01
   8.66719e-01   7.30425e-01  -9.62654e-01   9.62654e-01  -3.96593e-01   7.30870e-01   3.79590e+00  -1.18310e+00  -4.07535e-01   7.47536e-01
   8.67768e-01   7.29029e-01  -9.62654e-01   9.62654e-01  -3.92608e-01   7.29626e-01   3.79963e+00  -1.18684e+00  -4.03840e-01   7.46843e-01
   8.68817e-01   7.27609e-01  -9.62654e-01   9.62654e-01  -3.88619e-01   7.28379e-01   3.80338e+00  -1.19058e+00  -4.00145e-01   7.46149e-01
   8.69867e-01   7.26164e-01  -9.62654e-01   9.62654e-01  -3.84626e-01   7.27128e-01   3.80713e+00  -1.19433e+00  -3.96450e-01   7.45455e-01
   8.70916e-01   7.24694e-01  -9.62654e-01   9.62654e-01  -3.80629e-01   7.25872e-01   3.81088e+00  -1.19808e+00  -3.92755e-01   7.44762e-01
   8.71965e-01   7.23201e-01  -9.62654e-01   9.62654e-01  -3.76628e-01   7.24613e-01   3.81463e+00  -1.20184e+00  -3.89060e-01   7.44068e-01
   8.73014e-01   7.21685e-01  -9.62654e-01   9.62654e-01  -3.72624e-01   7.23350e-01   3.81840e+00  -1.20560e+00  -3.85365e-01   7.43375e-01
   8.74064e-01   7.20145e-01  -9.62654e-01   9.62654e-01  -3.68615e-01   7.22083e-01   3.82216e+00  -1.20937e+00  -3.81670e-01   7.42681e-01
   8.75113e-01   7.18583e-01  -9.62654e-01   9.62654e-01  -3.64603e-01   7.20812e-01   3.82593e+00  -1.21313e+00  -3.77975e-01   7.41987e-01
   8.76162e-01   7.16999e-01  -9.62654e-01   9.62654e-01  -3.60586e-01   7.19537e-01   3.82970e+00  -1.21691e+00  -3.74280e-01   7.41294e-01
   8.77212e-01   7.15394e-01  -9.62654e-01   9.62654e-01  -3.56566e-01   7.18259e-01   3.83348e+00  -1.22069e+00  -3.70585e-01   7.40600e-01
   8.78261e-01   7.13767e-01  -9.62654e-01   9.62654e-01  -3.52541e-01   7.16976e-01   3.83726e+00  -1.22447e+00  -3.66890e-01   7.39907e-01
   8.79310e-01   7.12119e-01  -9.62654e-01   9.62654e-01  -3.48513e-01   7.15689e-01   3.84105e+00  -1.22825e+00  -3.63195e-01   7.39213e-01
   8.80359e-01   7.10450e-01  -9.62654e-01   9.62654e-01  -3.44480e-01   7.14398e-01   3.84484e+00  -1.23204e+00  -3.59500e-01   7.38519e-01
   8.81409e-01   7.08761e-01  -9.62654e-01   9.62654e-01  -3.40444e-01   7.13103e-01   3.84863e+00  -1.23584e+00  -3.55804e-01   7.37826e-01
   8.82458e-01   7.07053e-01  -9.62654e-01   9.62654e-01  -3.36404e-01   7.11805e-01   3.85243e+00  -1.23964e+00  -3.52109e-01   7.37132e-01
   8.83507e-01   7.05325e-01  -9.62654e-01   9.62654e-01  -3.32359e-01   7.10502e-01   3.85624e+00  -1.24344e+00  -3.48414e-01   7.36438e-01
   8.84557e-01   7.03578e-01  -9.62654e-01   9.62654e-01  -3.28311e-01   7.09195e-01   3.86004e+00  -1.24725e+00  -3.44719e-01   7.35745e-01
   8.85606e-01   7.01812e-01  -9.62654e-01   9.62654e-01  -3.24259e-01   7.07884e-01   3.86385e+00  -1.25106e+00  -3.41024e-01   7.35051e-01
   8.86655e-01   7.00028e-01  -9.62654e-01   9.62654e-01  -3.20202e-01   7.06570e-01   3.86767e+00  -1.25487e+00  -3.37329e-01   7.34358e-01
   8.87705e-01   6.98226e-01  -9.62654e-01   9.62654e-01  -3.16142e-01   7.05251e-01   3.87149e+00  -1.25869e+00  -3.33634e-01   7.33664e-01
   8.88754e-01   6.96406e-01  -9.62654e-01   9.62654e-01  -3.12078e-01   7.03928e-01   3.87531e+00  -1.26251e+00  -3.29939e-01   7.32970e-01
   8.89803e-01   6.94569e-01  -9.62654e-01   9.62654e-01  -3.08009e-01   7.02601e-01   3.87913e+00  -1.26634e+00  -3.26244e-01   7.32277e-01
   8.90852e-01   6.92715e-01  -9.62654e-01   9.62654e-01  -3.03937e-01   7.01271e-01   3.88296e+00  -1.27017e+00  -3.22549e-01   7.31583e-01
   8.91902e-01   6.90845e-01  -9.62654e-01   9.62654e-01  -2.99861e-01   6.99936e-01   3.88680e+00  -1.27400e+00  -3.18854e-01   7.30889e-01
   8.92951e-01   6.88958e-01  -9.62654e-01   9.62654e-01  -2.95780e-01   6.98597e-01   3.89064e+00  -1.27784e+00  -3.15159e-01   7.30196e-01
   8.94000e-01   6.87055e-01  -9.62654e-01   9.62654e-01  -2.91696e-01   6.97254e-01   3.89448e+00  -1.28168e+00  -3.11464e-01   7.29502e-01
   8.95050e-01   6.85136e-01  -9.62654e-01   9.62654e-01  -2.87607e-01   6.95907e-01   3.89832e+00  -1.28553e+00  -3.07769e-01   7.28809e-01
   8.96099e-01   6.83203e-01  -9.62654e-01   9.62654e-01  -2.83515e-01   6.94556e-01   3.90217e+00  -1.28938e+00  -3.04074e-01   7.28115e-01
   8.97148e-01   6.81254e-01  -9.62654e-01   9.62654e-01  -2.79418e-01   6.93201e-01   3.90602e+00  -1.29323e+00  -3.00379e-01   7.27421e-01
   8.98197e-01   6.79290e-01  -9.62654e-01   9.62654e-01  -2.75318e-01   6.91842e-01   3.90988e+00  -1.29708e+00  -2.96684e-01   7.26728e-01
   8.99247e-01   6.77312e-01  -9.62654e-01   9.62654e-01  -2.71213e-01   6.90479e-01   3.91374e+00  -1.30094e+00  -2.92989e-01   7.26034e-01
   9.00296e-01   6.75320e-01  -9.62654e-01   9.62654e-01  -2.67104e-01   6.89112e-01   3.91760e+00  -1.30481e+00  -2.89294e-01   7.25341e-01
   9.01345e-01   6.73314e-01  -9.62654e-01   9.62654e-01  -2.62991e-01   6.87741e-01   3.92147e+00  -1.30867e+00  -2.85599e-01   7.24647e-01
   9.02395e-01   6.71295e-01  -9.62654e-01   9.62654e-01  -2.58875e-01   6.86366e-01   3.92534e+00  -1.31254e+00  -2.81904e-01   7.23953e-01
   9.03444e-01   6.69262e-01  -9.62654e-01   9.62654e-01  -2.54754e-01   6.84987e-01   3.92921e+00  -1.31642e+00  -2.78209e-01   7.23260e-01
   9.04493e-01   6.67217e-01  -9.62654e-01   9.62654e-01  -2.50629e-01   6.83603e-01   3.93309e+00  -1.32030e+00  -2.74513e-01   7.22566e-01
   9.05543e-01   6.65158e-01  -9.62654e-01   9.62654e-01  -2.46500e-01   6.82216e-01   3.93697e+00  -1.32418e+00  -2.70818e-01   7.21872e-01
   9.06592e-01   6.63088e-01  -9.62654e-01   9.62654e-01  -2.42367e-01   6.80824e-01   3.94086e+00  -1.32806e+00  -2.67123e-01   7.21179e-01
   9.07641e-01   6.61005e-01  -9.62654e-01   9.62654e-01  -2.38230e-01   6.79429e-01   3.94474e+00  -1.33195e+00  -2.63428e-01   7.20485e-01
   9.08690e-01   6.58911e-01  -9.62654e-01   9.62654e-01  -2.34088e-01   6.78029e-01   3.94863e+00  -1.33584e+00  -2.59733e-01   7.19792e-01
   9.09740e-01   6.56805e-01  -9.62654e-01   9.62654e-01  -2.29943e-01   6.76625e-01   3.95253e+00  -1.33973e+00  -2.56038e-01   7.19098e-01
   9.10789e-01   6.54687e-01  -9.62654e-01   9.62654e-01  -2.25794e-01   6.75218e-01   3.95642e+00  -1.34363e+00  -2.52343e-01   7.18404e-01
   9.11838e-01   6.52559e-01  -9.62654e-01   9.62654e-01  -2.21640e-01   6.73806e-01   3.96033e+00  -1.34753e+00  -2.48648e-01   7.17711e-01
   9.12888e-01   6.50420e-01  -9.62654e-01   9.62654e-01  -2.17482e-01   6.72390e-01   3.96423e+00  -1.35143e+00  -2.44953e-01   7.17017e-01
   9.13937e-01   6.48270e-01  -9.62654e-01   9.62654e-01  -2.13321e-01   6.70970e-01   3.96814e+00  -1.35534e+00  -2.41258e-01   7.16323e-01
   9.14986e-01   6.46110e-01  -9.62654e-01   9.62654e-01  -2.09155e-01   6.69545e-01   3.97205e+00  -1.35925e+00  -2.37563e-01   7.15630e-01
   9.16036e-01   6.43940e-01  -9.62654e-01   9.62654e-01  -2.04985e-01   6.68117e-01   3.97596e+00  -1.36316e+00  -2.33868e-01   7.14936e-01
   9.17085e-01   6.41761e-01  -9.62654e-01   9.62654e-01  -2.00811e-01   6.66685e-01   3.97987e+00  -1.36708e+00  -2.30173e-01   7.14243e-01
   9.18134e-01   6.39572e-01  -9.62654e-01   9.62654e-01  -1.96633e-01   6.65248e-01   3.98379e+00  -1.37100e+00  -2.26478e-01   7.13549e-01
   9.19183e-01   6.37373e-01  -9.62654e-01   9.62654e-01  -1.92451e-01   6.63807e-01   3.98772e+00  -1.37492e+00  -2.22783e-01   7.12855e-01
   9.20233e-01   6.35165e-01  -9.62654e-01   9.62654e-01  -1.88264e-01   6.62363e-01   3.99164e+00  -1.37885e+00  -2.19088e-01   7.12162e-01
   9.21282e-01   6.32949e-01  -9.62654e-01   9.62654e-01  -1.84074e-01   6.60914e-01   3.99557e+00  -1.38277e+00  -2.15393e-01   7.11468e-01
   9.22331e-01   6.30724e-01  -9.62654e-01   9.62654e-01  -1.79879e-01   6.59461e-01   3.99950e+00  -1.38670e+00  -2.11698e-01   7.10775e-01
   9.23381e-01   6.28491e-01  -9.62654e-01   9.62654e-01  -1.75680e-01   6.58004e-01   4.00343e+00  -1.39064e+00  -2.08003e-01   7.10081e-01
   9.24430e-01   6.26249e-01  -9.62654e-01   9.62654e-01  -1.71478e-01   6.56542e-01   4.00737e+00  -1.39457e+00  -2.04308e-01   7.09387e-01
   9.25479e-01   6.24000e-01  -9.62654e-01   9.62654e-01  -1.67271e-01   6.55077e-01   4.01131e+00  -1.39851e+00  -2.00613e-01   7.08694e-01
   9.26528e-01   6.21743e-01  -9.62654e-01   9.62654e-01  -1.63060e-01   6.53608e-01   4.01525e+00  -1.40246e+00  -1.96918e-01   7.08000e-01
   9.27578e-01   6.19478e-01  -9.62654e-01   9.62654e-01  -1.58844e-01   6.52134e-01   4.01920e+00  -1.40640e+00  -1.93222e-01   7.07306e-01
   9.28627e-01   6.17206e-01  -9.62654e-01   9.62654e-01  -1.54625e-01   6.50656e-01   4.02314e+00  -1.41035e+00  -1.89527e-01   7.06613e-01
   9.29676e-01   6.14927e-01  -9.62654e-01   9.62654e-01  -1.50401e-01   6.49174e-01   4.02709e+00  -1.41430e+00  -1.85832e-01   7.05919e-01
   9.30726e-01   6.12641e-01  -9.62654e-01   9.62654e-01  -1.46174e-01   6.47688e-01   4.03105e+00  -1.41825e+00  -1.82137e-01   7.05226e-01
   9.31775e-01   6.10348e-01  -9.62654e-01   9.62654e-01  -1.41942e-01   6.46198e-01   4.03500e+00  -1.42221e+00  -1.78442e-01   7.04532e-01
   9.32824e-01   6.08049e-01  -9.62654e-01   9.62654e-01  -1.37706e-01   6.44703e-01   4.03896e+00  -1.42616e+00  -1.74747e-01   7.03838e-01
   9.33874e-01   6.05744e-01  -9.62654e-01   9.62654e-01  -1.33466e-01   6.43205e-01   4.04292e+00  -1.43012e+00  -1.71052e-01   7.03145e-01
   9.34923e-01   6.03432e-01  -9.62654e-01   9.62654e-01  -1.29221e-01   6.41702e-01   4.04688e+00  -1.43409e+00  -1.67357e-01   7.02451e-01
   9.35972e-01   6.01115e-01  -9.62654e-01   9.62654e-01  -1.24973e-01   6.40195e-01   4.05085e+00  -1.43805e+00  -1.63662e-01   7.01757e-01
   9.37021e-01   5.98792e-01  -9.62654e-01   9.62654e-01  -1.20720e-01   6.38684e-01   4.05481e+00  -1.44202e+00  -1.59967e-01   7.01064e-01
   9.38071e-01   5.96463e-01  -9.62654e-01   9.62654e-01  -1.16464e-01   6.37169e-01   4.05878e+00  -1.44599e+00  -1.56272e-01   7.00370e-01
   9.39120e-01   5.94129e-01  -9.62654e-01   9.62654e-01  -1.12203e-01   6.35650e-01   4.06275e+00  -1.44996e+00  -1.52577e-01   6.99677e-01
   9.40169e-01   5.91790e-01  -9.62654e-01   9.62654e-01  -1.07937e-01   6.34126e-01   4.06673e+00  -1.45393e+00  -1.48882e-01   6.98983e-01
   9.41219e-01   5.89446e-01  -9.62654e-01   9.62654e-01  -1.03668e-01   6.32599e-01   4.07070e+00  -1.45791e+00  -1.45187e-01   6.98289e-01
   9.42268e-01   5.87097e-01  -9.62654e-01   9.62654e-01  -9.93947e-02   6.31067e-01   4.07468e+00  -1.46189e+00  -1.41492e-01   6.97596e-01
   9.43317e-01   5.84744e-01  -9.62654e-01   9.62654e-01  -9.51171e-02   6.29531e-01   4.07866e+00  -1.46587e+00  -1.37797e-01   6.96902e-01
   9.44367e-01   5.82386e-01  -9.62654e-01   9.62654e-01  -9.08353e-02   6.27990e-01   4.08265e+00  -1.46985e+00  -1.34102e-01   6.96209e-01
   9.45416e-01   5.80024e-01  -9.62654e-01   9.62654e-01  -8.65493e-02   6.26446e-01   4.08663e+00  -1.47384e+00  -1.30407e-01   6.95515e-01
   9.46465e-01   5.77657e-01  -9.62654e-01   9.62654e-01  -8.22591e-02   6.24897e-01   4.09062e+00  -1.47782e+00  -1.26712e-01   6.94821e-01
   9.47514e-01   5.75287e-01  -9.62654e-01   9.62654e-01  -7.79647e-02   6.23345e-01   4.09461e+00  -1.48181e+00  -1.23017e-01   6.94128e-01
   9.48564e-01   5.72913e-01  -9.62654e-01   9.62654e-01  -7.36662e-02   6.21788e-01   4.09860e+00  -1.48580e+00  -1.19322e-01   6.93434e-01
   9.49613e-01   5.70535e-01  -9.62654e-01   9.62654e-01  -6.93634e-02   6.20227e-01   4.10259e+00  -1.48980e+00  -1.15627e-01   6.92740e-01
   9.50662e-01   5.68153e-01  -9.62654e-01   9.62654e-01  -6.50565e-02   6.18661e-01   4.10659e+00  -1.49379e+00  -1.11931e-01   6.92047e-01
   9.51712e-01   5.65769e-01  -9.62654e-01   9.62654e-01  -6.07454e-02   6.17092e-01   4.11058e+00  -1.49779e+00  -1.08236e-01   6.91353e-01
   9.52761e-01   5.63381e-01  -9.62654e-01   9.62654e-01  -5.64301e-02   6.15518e-01   4.11458e+00  -1.50179e+00  -1.04541e-01   6.90660e-01
   9.53810e-01   5.60990e-01  -9.62654e-01   9.62654e-01  -5.21106e-02   6.13940e-01   4.11858e+00  -1.50579e+00  -1.00846e-01   6.89966e-01
   9.54859e-01   5.58596e-01  -9.62654e-01   9.62654e-01  -4.77869e-02   6.12358e-01   4.12258e+00  -1.50979e+00  -9.71513e-02   6.89272e-01
   9.55909e-01   5.56199e-01  -9.62654e-01   9.62654e-01  -4.34589e-02   6.10772e-01   4.12659e+00  -1.51379e+00  -9.34562e-02   6.88579e-01
   9.56958e-01   5.53800e-01  -9.62654e-01   9.62654e-01  -3.91268e-02   6.09181e-01   4.13059e+00  -1.51780e+00  -8.97612e-02   6.87885e-01
   9.58007e-01   5.51399e-01  -9.62654e-01   9.62654e-01  -3.47905e-02   6.07586e-01   4.13460e+00  -1.52180e+00  -8.60662e-02   6.87191e-01
   9.59057e-01   5.48995e-01  -9.62654e-01   9.62654e-01  -3.04500e-02   6.05987e-01   4.13860e+00  -1.52581e+00  -8.23711e-02   6.86498e-01
   9.60106e-01   5.46588e-01  -9.62654e-01   9.62654e-01  -2.61053e-02   6.04384e-01   4.14261e+00  -1.52982e+00  -7.86761e-02   6.85804e-01
   9.61155e-01   5.44180e-01  -9.62654e-01   9.62654e-01  -2.17563e-02   6.02777e-01   4.14663e+00  -1.53383e+00  -7.49810e-02   6.85111e-01
   9.62205e-01   5.41770e-01  -9.62654e-01   9.62654e-01  -1.74032e-02   6.01165e-01   4.15064e+00  -1.53784e+00  -7.12860e-02   6.84417e-01
   9.63254e-01   5.39358e-01  -9.62654e-01   9.62654e-01  -1.30458e-02   5.99550e-01   4.15465e+00  -1.54186e+00  -6.75909e-02   6.83723e-01
   9.64303e-01   5.36945e-01  -9.62654e-01   9.62654e-01  -8.68428e-03   5.97930e-01   4.15867e+00  -1.54587e+00  -6.38959e-02   6.83030e-01
   9.65352e-01   5.34529e-01  -9.62654e-01   9.62654e-01  -4.31850e-03   5.96306e-01   4.16268e+00  -1.54989e+00  -6.02008e-02   6.82336e-01
   9.66402e-01   5.32113e-01  -9.62654e-01   9.62654e-01   5.14916e-05   5.94677e-01   4.16670e+00  -1.55391e+00  -5.65058e-02   6.81643e-01
   9.67451e-01   5.29695e-01  -9.62654e-01   9.62654e-01   4.42570e-03   5.93045e-01   4.17072e+00  -1.55792e+00  -5.28107e-02   6.80949e-01
   9.68500e-01   5.27276e-01  -9.62654e-01   9.62654e-01   8.80413e-03   5.91408e-01   4.17474e+00  -1.56194e+00  -4.91157e-02   6.80255e-01
   9.69550e-01   5.24856e-01  -9.62654e-01   9.62654e-01   1.31868e-02   5.89767e-01   4.17876e+00  -1.56597e+00  -4.54207e-02   6.79562e-01
   9.70599e-01   5.22435e-01  -9.62654e-01   9.62654e-01   1.75736e-02   5.88121e-01   4.18278e+00  -1.56999e+00  -4.17256e-02   6.78868e-01
   9.71648e-01   5.20013e-01  -9.62654e-01   9.62654e-01   2.19647e-02   5.86472e-01   4.18681e+00  -1.57401e+00  -3.80306e-02   6.78174e-01
   9.72698e-01   5.17591e-01  -9.62654e-01   9.62654e-01   2.63600e-02   5.84818e-01   4.19083e+00  -1.57804e+00  -3.43355e-02   6.77481e-01
   9.73747e-01   5.15168e-01  -9.62654e-01   9.62654e-01   3.07596e-02   5.83160e-01   4.19486e+00  -1.58206e+00  -3.06405e-02   6.76787e-01
   9.74796e-01   5.12744e-01  -9.62654e-01   9.62654e-01   3.51633e-02   5.81498e-01   4.19888e+00  -1.58609e+00  -2.69454e-02   6.76094e-01
   9.75845e-01   5.10320e-01  -9.62654e-01   9.62654e-01   3.95713e-02   5.79832e-01   4.20291e+00  -1.59011e+00  -2.32504e-02   6.75400e-01
   9.76895e-01   5.07896e-01  -9.62654e-01   9.62654e-01   4.39835e-02   5.78161e-01   4.20694e+00  -1.59414e+00  -1.95553e-02   6.74706e-01
   9.77944e-01   5.05472e-01  -9.62654e-01   9.62654e-01   4.84000e-02   5.76486e-01   4.21096e+00  -1.59817e+00  -1.58603e-02   6.74013e-01
   9.78993e-01   5.03047e-01  -9.62654e-01   9.62654e-01   5.28206e-02   5.74807e-01   4.21499e+00  -1.60220e+00  -1.21652e-02   6.73319e-01
   9.80043e-01   5.00623e-01  -9.62654e-01   9.62654e-01   5.72455e-02   5.73124e-01   4.21902e+00  -1.60623e+00  -8.47019e-03   6.72626e-01
   9.81092e-01   4.98199e-01  -9.62654e-01   9.62654e-01   6.16746e-02   5.71436e-01   4.22305e+00  -1.61026e+00  -4.77515e-03   6.71932e-01
   9.82141e-01   4.95775e-01  -9.62654e-01   9.62654e-01   6.61080e-02   5.69745e-01   4.22709e+00  -1.61429e+00  -1.08010e-03   6.71238e-01
   9.83190e-01   4.93351e-01  -9.62654e-01   9.62654e-01   7.05456e-02   5.68049e-01   4.23112e+00  -1.61832e+00   2.61494e-03   6.70545e-01
   9.84240e-01   4.90928e-01  -9.62654e-01   9.62654e-01   7.49874e-02   5.66348e-01   4.23515e+00  -1.62235e+00   6.30999e-03   6.69851e-01
   9.85289e-01   4.88506e-01  -9.62654e-01   9.62654e-01   7.94334e-02   5.64644e-01   4.23918e+00  -1.62639e+00   1.00050e-02   6.69157e-01
   9.86338e-01   4.86084e-01  -9.62654e-01   9.62654e-01   8.38837e-02   5.62935e-01   4.24321e+00  -1.63042e+00   1.37001e-02   6.68464e-01
   9.87388e-01   4.83663e-01  -9.62654e-01   9.62654e-01   8.83382e-02   5.61219e-01   4.24725e+00  -1.65423e+00   1.73951e-02   6.67770e-01
   9.88437e-01   4.81242e-01  -9.62654e-01   9.62654e-01   9.27969e-02   5.59447e-01   4.25128e+00  -1.72319e+00   2.10902e-02   6.67077e-01
   9.89486e-01   4.78823e-01  -9.62654e-01   9.62654e-01   9.72599e-02   5.57603e-01   4.25532e+00  -1.79214e+00   2.47852e-02   6.66383e-01
   9.90536e-01   4.76404e-01  -9.62654e-01   9.62654e-01   1.01727e-01   5.55686e-01   4.25935e+00  -1.86107e+00   2.84803e-02   6.65689e-01
   9.91585e-01   4.73987e-01  -9.62654e-01   9.62654e-01   1.06199e-01   5.53697e-01   4.26338e+00  -1.92997e+00   3.21753e-02   6.64996e-01
   9.92634e-01   4.71571e-01  -9.62654e-01   9.62654e-01   1.10674e-01   5.51636e-01   4.26742e+00  -1.99882e+00   3.58704e-02   6.64302e-01
   9.93683e-01   4.69156e-01  -9.62654e-01   9.62654e-01   1.15154e-01   5.49503e-01   4.27145e+00  -2.06763e+00   3.95654e-02   6.63608e-01
   9.94733e-01   4.66742e-01  -9.62654e-01   9.62654e-01   1.19638e-01   5.47297e-01   4.27549e+00  -2.13637e+00   4.32604e-02   6.62915e-01
   9.95782e-01   4.64330e-01  -9.62654e-01   9.62654e-01   1.24127e-01   5.45019e-01   4.27952e+00  -2.20504e+00   4.69555e-02   6.62221e-01
   9.96831e-01   4.61919e-01  -9.62654e-01   9.62654e-01   1.28619e-01   5.42670e-01   4.28356e+00  -2.27363e+00   5.06505e-02   6.61528e-01
   9.97881e-01   4.59510e-01  -9.62654e-01   9.62654e-01   1.33116e-01   5.40248e-01   4.28759e+00  -2.34214e+00   5.43456e-02   6.60834e-01
   9.98930e-01   4.57102e-01  -9.62654e-01   9.62654e-01   1.37617e-01   5.37754e-01   4.29162e+00  -2.41054e+00   5.80406e-02   6.60140e-01
   9.99979e-01   4.54696e-01  -9.62654e-01   9.62654e-01   1.42122e-01   5.35189e-01   4.29566e+00  -2.47883e+00   6.17357e-02   6.59447e-01
   1.00103e+00   4.52292e-01  -9.62654e-01   9.62654e-01   1.46632e-01   5.32552e-01   4.29969e+00  -2.54700e+00   6.54307e-02   6.58753e-01
   1.00208e+00   4.49890e-01  -9.62654e-01   9.62654e-01   1.51146e-01   5.29844e-01   4.30372e+00  -2.61505e+00   6.91258e-02   6.58060e-01
   1.00313e+00   4.47490e-01  -9.62654e-01   9.62654e-01   1.55664e-01   5.27064e-01   4.30776e+00  -2.68295e+00   7.28208e-02   6.57366e-01
   1.00418e+00   4.45092e-01  -9.62654e-01   9.62654e-01   1.60186e-01   5.24214e-01   4.31179e+00  -2.75071e+00   7.65159e-02   6.56672e-01
   1.00523e+00   4.42696e-01  -9.62654e-01   9.62654e-01   1.64712e-01   5.21292e-01   4.31582e+00  -2.81831e+00   8.02109e-02   6.55979e-01
   1.00628e+00   4.40302e-01  -9.62654e-01   9.62654e-01   1.69243e-01   5.18299e-01   4.31985e+00  -2.88575e+00   8.39059e-02   6.55285e-01
   1.00732e+00   4.37910e-01  -9.62654e-01   9.62654e-01   1.73778e-01   5.15236e-01   4.32388e+00  -2.95300e+00   8.76010e-02   6.54591e-01
   1.00837e+00   4.35520e-01  -9.62654e-01   9.62654e-01   1.78317e-01   5.12102e-01   4.32791e+00  -3.02008e+00   9.12960e-02   6.53898e-01
   1.00942e+00   4.33133e-01  -9.62654e-01   9.62654e-01   1.82861e-01   5.08898e-01   4.33194e+00  -3.08695e+00   9.49911e-02   6.53204e-01
   1.01047e+00   4.30748e-01  -9.62654e-01   9.62654e-01   1.87408e-01   5.05624e-01   4.33597e+00  -3.15362e+00   9.86861e-02   6.52511e-01
   1.01152e+00   4.28366e-01  -9.62654e-01   9.62654e-01   1.91960e-01   5.02280e-01   4.34000e+00  -3.22008e+00   1.02381e-01   6.51817e-01
   1.01257e+00   4.25987e-01  -9.62654e-01   9.62654e-01   1.96516e-01   4.98866e-01   4.34403e+00  -3.28632e+00   1.06076e-01   6.51123e-01
   1.01362e+00   4.23609e-01  -9.62654e-01   9.62654e-01   2.01076e-01   4.95383e-01   4.34805e+00  -3.35232e+00   1.09771e-01   6.50430e-01
   1.01467e+00   4.21235e-01  -9.62654e-01   9.62654e-01   2.05641e-01   4.91831e-01   4.35208e+00  -3.41807e+00   1.13466e-01   6.49736e-01
   1.01572e+00   4.18863e-01  -9.62654e-01   9.62654e-01   2.10210e-01   4.88210e-01   4.35610e+00  -3.48358e+00   1.17161e-01   6.49042e-01
   1.01677e+00   4.16494e-01  -9.62654e-01   9.62654e-01   2.14782e-01   4.84521e-01   4.36013e+00  -3.54883e+00   1.20856e-01   6.48349e-01
   1.01782e+00   4.14128e-01  -9.62654e-01   9.62654e-01   2.19360e-01   4.80763e-01   4.36415e+00  -3.61380e+00   1.24551e-01   6.47655e-01
   1.01887e+00   4.11765e-01  -9.62654e-01   9.62654e-01   2.23941e-01   4.76937e-01   4.36817e+00  -3.67850e+00   1.28246e-01   6.46962e-01
   1.01992e+00   4.09405e-01  -9.62654e-01   9.62654e-01   2.28527e-01   4.73043e-01   4.37219e+00  -3.74291e+00   1.31942e-01   6.46268e-01
   1.02097e+00   4.07047e-01  -9.62654e-01   9.62654e-01   2.33117e-01   4.69082e-01   4.37621e+00  -3.80702e+00   1.35637e-01   6.45574e-01
   1.02201e+00   4.04693e-01  -9.62654e-01   9.62654e-01   2.37711e-01   4.65054e-01   4.38023e+00  -3.87083e+00   1.39332e-01   6.44881e-01
   1.02306e+00   4.02342e-01  -9.62654e-01   9.62654e-01   2.42309e-01   4.60959e-01   4.38424e+00  -3.93432e+00   1.43027e-01   6.44187e-01
   1.02411e+00   3.99994e-01  -9.62654e-01   9.62654e-01   2.46911e-01   4.56798e-01   4.38826e+00  -3.99749e+00   1.46722e-01   6.43494e-01
   1.02516e+00   3.97649e-01  -9.62654e-01   9.62654e-01   2.51518e-01   4.52570e-01   4.39227e+00  -4.06032e+00   1.50417e-01   6.42800e-01
   1.02621e+00   3.95308e-01  -9.62654e-01   9.62654e-01   2.56129e-01   4.48277e-01   4.39628e+00  -4.12281e+00   1.54112e-01   6.42106e-01
   1.02726e+00   3.92969e-01  -9.62654e-01   9.62654e-01   2.60744e-01   4.43918e-01   4.40029e+00  -4.18495e+00   1.57807e-01   6.41413e-01
   1.02831e+00   3.90634e-01  -9.62654e-01   9.62654e-01   2.65363e-01   4.39494e-01   4.40430e+00  -4.24673e+00   1.61502e-01   6.40719e-01
   1.02936e+00   3.88303e-01  -9.62654e-01   9.62654e-01   2.69987e-01   4.35006e-01   4.40831e+00  -4.30815e+00   1.65197e-01   6.40025e-01
   1.03041e+00   3.85975e-01  -9.62654e-01   9.62654e-01   2.74615e-01   4.30454e-01   4.41231e+00  -4.36918e+00   1.68892e-01   6.39332e-01
   1.03146e+00   3.83650e-01  -9.62654e-01   9.62654e-01   2.79246e-01   4.25837e-01   4.41632e+00  -4.42984e+00   1.72587e-01   6.38638e-01
   1.03251e+00   3.81329e-01  -9.62654e-01   9.62654e-01   2.83883e-01   4.21157e-01   4.42032e+00  -4.49009e+00   1.76282e-01   6.37945e-01
   1.03356e+00   3.79012e-01  -9.62654e-01   9.62654e-01   2.88523e-01   4.16414e-01   4.42432e+00  -4.54995e+00   1.79977e-01   6.37251e-01
   1.03461e+00   3.76698e-01  -9.62654e-01   9.62654e-01   2.93167e-01   4.11609e-01   4.42832e+00  -4.60940e+00   1.83672e-01   6.36557e-01
   1.03566e+00   3.74388e-01  -9.62654e-01   9.62654e-01   2.97816e-01   4.06741e-01   4.43231e+00  -4.66842e+00   1.87367e-01   6.35864e-01
   1.03670e+00   3.72081e-01  -9.62654e-01   9.62654e-01   3.02469e-01   4.01812e-01   4.43630e+00  -4.72702e+00   1.91062e-01   6.35170e-01
   1.03775e+00   3.69778e-01  -9.62654e-01   9.62654e-01   3.07126e-01   3.96821e-01   4.44030e+00  -4.78519e+00   1.94757e-01   6.34476e-01
   1.03880e+00   3.67479e-01  -9.62654e-01   9.62654e-01   3.11787e-01   3.91770e-01   4.44429e+00  -4.84291e+00   1.98452e-01   6.33783e-01
   1.03985e+00   3.65184e-01  -9.62654e-01   9.62654e-01   3.16453e-01   3.86658e-01   4.44827e+00  -4.90017e+00   2.02147e-01   6.33089e-01
   1.04090e+00   3.62893e-01  -9.62654e-01   9.62654e-01   3.21123e-01   3.81487e-01   4.45226e+00  -4.95698e+00   2.05842e-01   6.32396e-01
   1.04195e+00   3.60606e-01  -9.62654e-01   9.62654e-01   3.25796e-01   3.76256e-01   4.45624e+00  -5.01333e+00   2.09537e-01   6.31702e-01
   1.04300e+00   3.58322e-01  -9.62654e-01   9.62654e-01   3.30474e-01   3.70966e-01   4.46022e+00  -5.06919e+00   2.13233e-01   6.31008e-01
   1.04405e+00   3.56043e-01  -9.62654e-01   9.62654e-01   3.35157e-01   3.65618e-01   4.46420e+00  -5.12457e+00   2.16928e-01   6.30315e-01
   1.04510e+00   3.53767e-01  -9.62654e-01   9.62654e-01   3.39843e-01   3.60212e-01   4.46817e+00  -5.17947e+00   2.20623e-01   6.29621e-01
   1.04615e+00   3.51496e-01  -9.62654e-01   9.62654e-01   3.44533e-01   3.54748e-01   4.47215e+00  -5.23386e+00   2.24318e-01   6.28928e-01
   1.04720e+00   3.49228e-01  -9.62654e-01   9.62654e-01   3.49228e-01   3.49228e-01   4.47612e+00  -5.28775e+00   2.28013e-01   6.28234e-01
