  1.00000e+00  0.00000e+00  1.09251e+00  4.52574e+00
  1.00000e+00  1.24990e-01  1.09251e+00  4.52574e+00
  1.00000e+00  1.25010e-01  1.10508e+00  4.64774e+00
  1.00000e+00  2.49990e-01  1.10508e+00  4.64774e+00
  1.00000e+00  2.50010e-01  1.20997e+00  4.86543e+00
  1.00000e+00  3.74990e-01  1.20997e+00  4.86543e+00
  1.00000e+00  3.75010e-01  1.42164e+00  5.24785e+00
  1.00000e+00  4.99990e-01  1.42164e+00  5.24785e+00
  1.00000e+00  5.00010e-01  1.76550e+00  5.93647e+00
  1.00000e+00  6.24990e-01  1.76550e+00  5.93647e+00
  1.00000e+00  6.25010e-01  2.27961e+00  7.23346e+00
  1.00000e+00  7.49990e-01  2.27961e+00  7.23346e+00
  1.00000e+00  7.50010e-01  3.01569e+00  9.83889e+00
  1.00000e+00  8.74990e-01  3.01569e+00  9.83889e+00
  1.00000e+00  8.75010e-01  4.03656e+00  1.55609e+01
  1.00000e+00  9.99990e-01  4.03656e+00  1.55609e+01

  1.12499e+00  0.00000e+00  1.09251e+00  4.52574e+00
  1.12499e+00  1.24990e-01  1.09251e+00  4.52574e+00
  1.12499e+00  1.25010e-01  1.10508e+00  4.64774e+00
  1.12499e+00  2.49990e-01  1.10508e+00  4.64774e+00
  1.12499e+00  2.50010e-01  1.20997e+00  4.86543e+00
  1.12499e+00  3.74990e-01  1.20997e+00  4.86543e+00
  1.12499e+00  3.75010e-01  1.42164e+00  5.24785e+00
  1.12499e+00  4.99990e-01  1.42164e+00  5.24785e+00
  1.12499e+00  5.00010e-01  1.76550e+00  5.93647e+00
  1.12499e+00  6.24990e-01  1.76550e+00  5.93647e+00
  1.12499e+00  6.25010e-01  2.27961e+00  7.23346e+00
  1.12499e+00  7.49990e-01  2.27961e+00  7.23346e+00
  1.12499e+00  7.50010e-01  3.01569e+00  9.83889e+00
  1.12499e+00  8.74990e-01  3.01569e+00  9.83889e+00
  1.12499e+00  8.75010e-01  4.03656e+00  1.55609e+01
  1.12499e+00  9.99990e-01  4.03656e+00  1.55609e+01

  1.12501e+00  0.00000e+00  1.90963e+00  6.15643e+00
  1.12501e+00  1.24990e-01  1.90963e+00  6.15643e+00
  1.12501e+00  1.25010e-01  1.92220e+00  6.27844e+00
  1.12501e+00  2.49990e-01  1.92220e+00  6.27844e+00
  1.12501e+00  2.50010e-01  2.02709e+00  6.49613e+00
  1.12501e+00  3.74990e-01  2.02709e+00  6.49613e+00
  1.12501e+00  3.75010e-01  2.23875e+00  6.87854e+00
  1.12501e+00  4.99990e-01  2.23875e+00  6.87854e+00
  1.12501e+00  5.00010e-01  2.58262e+00  7.56717e+00
  1.12501e+00  6.24990e-01  2.58262e+00  7.56717e+00
  1.12501e+00  6.25010e-01  3.09672e+00  8.86415e+00
  1.12501e+00  7.49990e-01  3.09672e+00  8.86415e+00
  1.12501e+00  7.50010e-01  3.83281e+00  1.14696e+01
  1.12501e+00  8.74990e-01  3.83281e+00  1.14696e+01
  1.12501e+00  8.75010e-01  4.85368e+00  1.71915e+01
  1.12501e+00  9.99990e-01  4.85368e+00  1.71915e+01

  1.24999e+00  0.00000e+00  1.90963e+00  6.15643e+00
  1.24999e+00  1.24990e-01  1.90963e+00  6.15643e+00
  1.24999e+00  1.25010e-01  1.92220e+00  6.27844e+00
  1.24999e+00  2.49990e-01  1.92220e+00  6.27844e+00
  1.24999e+00  2.50010e-01  2.02709e+00  6.49613e+00
  1.24999e+00  3.74990e-01  2.02709e+00  6.49613e+00
  1.24999e+00  3.75010e-01  2.23875e+00  6.87854e+00
  1.24999e+00  4.99990e-01  2.23875e+00  6.87854e+00
  1.24999e+00  5.00010e-01  2.58262e+00  7.56717e+00
  1.24999e+00  6.24990e-01  2.58262e+00  7.56717e+00
  1.24999e+00  6.25010e-01  3.09672e+00  8.86415e+00
  1.24999e+00  7.49990e-01  3.09672e+00  8.86415e+00
  1.24999e+00  7.50010e-01  3.83281e+00  1.14696e+01
  1.24999e+00  8.74990e-01  3.83281e+00  1.14696e+01
  1.24999e+00  8.75010e-01  4.85368e+00  1.71915e+01
  1.24999e+00  9.99990e-01  4.85368e+00  1.71915e+01

  1.25001e+00  0.00000e+00  2.84525e+00  8.13962e+00
  1.25001e+00  1.24990e-01  2.84525e+00  8.13962e+00
  1.25001e+00  1.25010e-01  2.85782e+00  8.26162e+00
  1.25001e+00  2.49990e-01  2.85782e+00  8.26162e+00
  1.25001e+00  2.50010e-01  2.96271e+00  8.47931e+00
  1.25001e+00  3.74990e-01  2.96271e+00  8.47931e+00
  1.25001e+00  3.75010e-01  3.17438e+00  8.86173e+00
  1.25001e+00  4.99990e-01  3.17438e+00  8.86173e+00
  1.25001e+00  5.00010e-01  3.51824e+00  9.55035e+00
  1.25001e+00  6.24990e-01  3.51824e+00  9.55035e+00
  1.25001e+00  6.25010e-01  4.03235e+00  1.08473e+01
  1.25001e+00  7.49990e-01  4.03235e+00  1.08473e+01
  1.25001e+00  7.50010e-01  4.76843e+00  1.34528e+01
  1.25001e+00  8.74990e-01  4.76843e+00  1.34528e+01
  1.25001e+00  8.75010e-01  5.78930e+00  1.91747e+01
  1.25001e+00  9.99990e-01  5.78930e+00  1.91747e+01

  1.37499e+00  0.00000e+00  2.84525e+00  8.13962e+00
  1.37499e+00  1.24990e-01  2.84525e+00  8.13962e+00
  1.37499e+00  1.25010e-01  2.85782e+00  8.26162e+00
  1.37499e+00  2.49990e-01  2.85782e+00  8.26162e+00
  1.37499e+00  2.50010e-01  2.96271e+00  8.47931e+00
  1.37499e+00  3.74990e-01  2.96271e+00  8.47931e+00
  1.37499e+00  3.75010e-01  3.17438e+00  8.86173e+00
  1.37499e+00  4.99990e-01  3.17438e+00  8.86173e+00
  1.37499e+00  5.00010e-01  3.51824e+00  9.55035e+00
  1.37499e+00  6.24990e-01  3.51824e+00  9.55035e+00
  1.37499e+00  6.25010e-01  4.03235e+00  1.08473e+01
  1.37499e+00  7.49990e-01  4.03235e+00  1.08473e+01
  1.37499e+00  7.50010e-01  4.76843e+00  1.34528e+01
  1.37499e+00  8.74990e-01  4.76843e+00  1.34528e+01
  1.37499e+00  8.75010e-01  5.78930e+00  1.91747e+01
  1.37499e+00  9.99990e-01  5.78930e+00  1.91747e+01

  1.37501e+00  0.00000e+00  3.92876e+00  1.05912e+01
  1.37501e+00  1.24990e-01  3.92876e+00  1.05912e+01
  1.37501e+00  1.25010e-01  3.94133e+00  1.07132e+01
  1.37501e+00  2.49990e-01  3.94133e+00  1.07132e+01
  1.37501e+00  2.50010e-01  4.04622e+00  1.09309e+01
  1.37501e+00  3.74990e-01  4.04622e+00  1.09309e+01
  1.37501e+00  3.75010e-01  4.25788e+00  1.13133e+01
  1.37501e+00  4.99990e-01  4.25788e+00  1.13133e+01
  1.37501e+00  5.00010e-01  4.60175e+00  1.20019e+01
  1.37501e+00  6.24990e-01  4.60175e+00  1.20019e+01
  1.37501e+00  6.25010e-01  5.11585e+00  1.32989e+01
  1.37501e+00  7.49990e-01  5.11585e+00  1.32989e+01
  1.37501e+00  7.50010e-01  5.85194e+00  1.59043e+01
  1.37501e+00  8.74990e-01  5.85194e+00  1.59043e+01
  1.37501e+00  8.75010e-01  6.87281e+00  2.16263e+01
  1.37501e+00  9.99990e-01  6.87281e+00  2.16263e+01

  1.49999e+00  0.00000e+00  3.92876e+00  1.05912e+01
  1.49999e+00  1.24990e-01  3.92876e+00  1.05912e+01
  1.49999e+00  1.25010e-01  3.94133e+00  1.07132e+01
  1.49999e+00  2.49990e-01  3.94133e+00  1.07132e+01
  1.49999e+00  2.50010e-01  4.04622e+00  1.09309e+01
  1.49999e+00  3.74990e-01  4.04622e+00  1.09309e+01
  1.49999e+00  3.75010e-01  4.25788e+00  1.13133e+01
  1.49999e+00  4.99990e-01  4.25788e+00  1.13133e+01
  1.49999e+00  5.00010e-01  4.60175e+00  1.20019e+01
  1.49999e+00  6.24990e-01  4.60175e+00  1.20019e+01
  1.49999e+00  6.25010e-01  5.11585e+00  1.32989e+01
  1.49999e+00  7.49990e-01  5.11585e+00  1.32989e+01
  1.49999e+00  7.50010e-01  5.85194e+00  1.59043e+01
  1.49999e+00  8.74990e-01  5.85194e+00  1.59043e+01
  1.49999e+00  8.75010e-01  6.87281e+00  2.16263e+01
  1.49999e+00  9.99990e-01  6.87281e+00  2.16263e+01

  1.50001e+00  0.00000e+00  5.19437e+00  1.36688e+01
  1.50001e+00  1.24990e-01  5.19437e+00  1.36688e+01
  1.50001e+00  1.25010e-01  5.20694e+00  1.37908e+01
  1.50001e+00  2.49990e-01  5.20694e+00  1.37908e+01
  1.50001e+00  2.50010e-01  5.31183e+00  1.40085e+01
  1.50001e+00  3.74990e-01  5.31183e+00  1.40085e+01
  1.50001e+00  3.75010e-01  5.52350e+00  1.43909e+01
  1.50001e+00  4.99990e-01  5.52350e+00  1.43909e+01
  1.50001e+00  5.00010e-01  5.86736e+00  1.50796e+01
  1.50001e+00  6.24990e-01  5.86736e+00  1.50796e+01
  1.50001e+00  6.25010e-01  6.38147e+00  1.63766e+01
  1.50001e+00  7.49990e-01  6.38147e+00  1.63766e+01
  1.50001e+00  7.50010e-01  7.11755e+00  1.89820e+01
  1.50001e+00  8.74990e-01  7.11755e+00  1.89820e+01
  1.50001e+00  8.75010e-01  8.13842e+00  2.47039e+01
  1.50001e+00  9.99990e-01  8.13842e+00  2.47039e+01

  1.62499e+00  0.00000e+00  5.19437e+00  1.36688e+01
  1.62499e+00  1.24990e-01  5.19437e+00  1.36688e+01
  1.62499e+00  1.25010e-01  5.20694e+00  1.37908e+01
  1.62499e+00  2.49990e-01  5.20694e+00  1.37908e+01
  1.62499e+00  2.50010e-01  5.31183e+00  1.40085e+01
  1.62499e+00  3.74990e-01  5.31183e+00  1.40085e+01
  1.62499e+00  3.75010e-01  5.52350e+00  1.43909e+01
  1.62499e+00  4.99990e-01  5.52350e+00  1.43909e+01
  1.62499e+00  5.00010e-01  5.86736e+00  1.50796e+01
  1.62499e+00  6.24990e-01  5.86736e+00  1.50796e+01
  1.62499e+00  6.25010e-01  6.38147e+00  1.63766e+01
  1.62499e+00  7.49990e-01  6.38147e+00  1.63766e+01
  1.62499e+00  7.50010e-01  7.11755e+00  1.89820e+01
  1.62499e+00  8.74990e-01  7.11755e+00  1.89820e+01
  1.62499e+00  8.75010e-01  8.13842e+00  2.47039e+01
  1.62499e+00  9.99990e-01  8.13842e+00  2.47039e+01

  1.62501e+00  0.00000e+00  6.68192e+00  1.75871e+01
  1.62501e+00  1.24990e-01  6.68192e+00  1.75871e+01
  1.62501e+00  1.25010e-01  6.69449e+00  1.77091e+01
  1.62501e+00  2.49990e-01  6.69449e+00  1.77091e+01
  1.62501e+00  2.50010e-01  6.79938e+00  1.79268e+01
  1.62501e+00  3.74990e-01  6.79938e+00  1.79268e+01
  1.62501e+00  3.75010e-01  7.01104e+00  1.83092e+01
  1.62501e+00  4.99990e-01  7.01104e+00  1.83092e+01
  1.62501e+00  5.00010e-01  7.35491e+00  1.89979e+01
  1.62501e+00  6.24990e-01  7.35491e+00  1.89979e+01
  1.62501e+00  6.25010e-01  7.86901e+00  2.02949e+01
  1.62501e+00  7.49990e-01  7.86901e+00  2.02949e+01
  1.62501e+00  7.50010e-01  8.60510e+00  2.29003e+01
  1.62501e+00  8.74990e-01  8.60510e+00  2.29003e+01
  1.62501e+00  8.75010e-01  9.62597e+00  2.86223e+01
  1.62501e+00  9.99990e-01  9.62597e+00  2.86223e+01

  1.74999e+00  0.00000e+00  6.68192e+00  1.75871e+01
  1.74999e+00  1.24990e-01  6.68192e+00  1.75871e+01
  1.74999e+00  1.25010e-01  6.69449e+00  1.77091e+01
  1.74999e+00  2.49990e-01  6.69449e+00  1.77091e+01
  1.74999e+00  2.50010e-01  6.79938e+00  1.79268e+01
  1.74999e+00  3.74990e-01  6.79938e+00  1.79268e+01
  1.74999e+00  3.75010e-01  7.01104e+00  1.83092e+01
  1.74999e+00  4.99990e-01  7.01104e+00  1.83092e+01
  1.74999e+00  5.00010e-01  7.35491e+00  1.89979e+01
  1.74999e+00  6.24990e-01  7.35491e+00  1.89979e+01
  1.74999e+00  6.25010e-01  7.86901e+00  2.02949e+01
  1.74999e+00  7.49990e-01  7.86901e+00  2.02949e+01
  1.74999e+00  7.50010e-01  8.60510e+00  2.29003e+01
  1.74999e+00  8.74990e-01  8.60510e+00  2.29003e+01
  1.74999e+00  8.75010e-01  9.62597e+00  2.86223e+01
  1.74999e+00  9.99990e-01  9.62597e+00  2.86223e+01

  1.75001e+00  0.00000e+00  8.43768e+00  2.26379e+01
  1.75001e+00  1.24990e-01  8.43768e+00  2.26379e+01
  1.75001e+00  1.25010e-01  8.45025e+00  2.27599e+01
  1.75001e+00  2.49990e-01  8.45025e+00  2.27599e+01
  1.75001e+00  2.50010e-01  8.55514e+00  2.29776e+01
  1.75001e+00  3.74990e-01  8.55514e+00  2.29776e+01
  1.75001e+00  3.75010e-01  8.76681e+00  2.33600e+01
  1.75001e+00  4.99990e-01  8.76681e+00  2.33600e+01
  1.75001e+00  5.00010e-01  9.11067e+00  2.40486e+01
  1.75001e+00  6.24990e-01  9.11067e+00  2.40486e+01
  1.75001e+00  6.25010e-01  9.62478e+00  2.53456e+01
  1.75001e+00  7.49990e-01  9.62478e+00  2.53456e+01
  1.75001e+00  7.50010e-01  1.03609e+01  2.79510e+01
  1.75001e+00  8.74990e-01  1.03609e+01  2.79510e+01
  1.75001e+00  8.75010e-01  1.13817e+01  3.36730e+01
  1.75001e+00  9.99990e-01  1.13817e+01  3.36730e+01

  1.87499e+00  0.00000e+00  8.43768e+00  2.26379e+01
  1.87499e+00  1.24990e-01  8.43768e+00  2.26379e+01
  1.87499e+00  1.25010e-01  8.45025e+00  2.27599e+01
  1.87499e+00  2.49990e-01  8.45025e+00  2.27599e+01
  1.87499e+00  2.50010e-01  8.55514e+00  2.29776e+01
  1.87499e+00  3.74990e-01  8.55514e+00  2.29776e+01
  1.87499e+00  3.75010e-01  8.76681e+00  2.33600e+01
  1.87499e+00  4.99990e-01  8.76681e+00  2.33600e+01
  1.87499e+00  5.00010e-01  9.11067e+00  2.40486e+01
  1.87499e+00  6.24990e-01  9.11067e+00  2.40486e+01
  1.87499e+00  6.25010e-01  9.62478e+00  2.53456e+01
  1.87499e+00  7.49990e-01  9.62478e+00  2.53456e+01
  1.87499e+00  7.50010e-01  1.03609e+01  2.79510e+01
  1.87499e+00  8.74990e-01  1.03609e+01  2.79510e+01
  1.87499e+00  8.75010e-01  1.13817e+01  3.36730e+01
  1.87499e+00  9.99990e-01  1.13817e+01  3.36730e+01

  1.87501e+00  0.00000e+00  1.05154e+01  2.92181e+01
  1.87501e+00  1.24990e-01  1.05154e+01  2.92181e+01
  1.87501e+00  1.25010e-01  1.05280e+01  2.93401e+01
  1.87501e+00  2.49990e-01  1.05280e+01  2.93401e+01
  1.87501e+00  2.50010e-01  1.06329e+01  2.95578e+01
  1.87501e+00  3.74990e-01  1.06329e+01  2.95578e+01
  1.87501e+00  3.75010e-01  1.08445e+01  2.99402e+01
  1.87501e+00  4.99990e-01  1.08445e+01  2.99402e+01
  1.87501e+00  5.00010e-01  1.11884e+01  3.06288e+01
  1.87501e+00  6.24990e-01  1.11884e+01  3.06288e+01
  1.87501e+00  6.25010e-01  1.17025e+01  3.19258e+01
  1.87501e+00  7.49990e-01  1.17025e+01  3.19258e+01
  1.87501e+00  7.50010e-01  1.24386e+01  3.45312e+01
  1.87501e+00  8.74990e-01  1.24386e+01  3.45312e+01
  1.87501e+00  8.75010e-01  1.34594e+01  4.02532e+01
  1.87501e+00  9.99990e-01  1.34594e+01  4.02532e+01

  1.99999e+00  0.00000e+00  1.05154e+01  2.92181e+01
  1.99999e+00  1.24990e-01  1.05154e+01  2.92181e+01
  1.99999e+00  1.25010e-01  1.05280e+01  2.93401e+01
  1.99999e+00  2.49990e-01  1.05280e+01  2.93401e+01
  1.99999e+00  2.50010e-01  1.06329e+01  2.95578e+01
  1.99999e+00  3.74990e-01  1.06329e+01  2.95578e+01
  1.99999e+00  3.75010e-01  1.08445e+01  2.99402e+01
  1.99999e+00  4.99990e-01  1.08445e+01  2.99402e+01
  1.99999e+00  5.00010e-01  1.11884e+01  3.06288e+01
  1.99999e+00  6.24990e-01  1.11884e+01  3.06288e+01
  1.99999e+00  6.25010e-01  1.17025e+01  3.19258e+01
  1.99999e+00  7.49990e-01  1.17025e+01  3.19258e+01
  1.99999e+00  7.50010e-01  1.24386e+01  3.45312e+01
  1.99999e+00  8.74990e-01  1.24386e+01  3.45312e+01
  1.99999e+00  8.75010e-01  1.34594e+01  4.02532e+01
  1.99999e+00  9.99990e-01  1.34594e+01  4.02532e+01

