  1.00000e+00  0.00000e+00  2.71828e+00  1.09251e+00  4.52574e+00
  1.00000e+00  5.00000e-02  2.72259e+00  1.09251e+00  4.52574e+00
  1.00000e+00  1.00000e-01  2.73560e+00  1.09251e+00  4.52574e+00
  1.00000e+00  1.50000e-01  2.75764e+00  1.10508e+00  4.64774e+00
  1.00000e+00  2.00000e-01  2.78922e+00  1.10508e+00  4.64774e+00
  1.00000e+00  2.50000e-01  2.83110e+00  1.10508e+00  4.64774e+00
  1.00000e+00  3.00000e-01  2.88427e+00  1.20997e+00  4.86543e+00
  1.00000e+00  3.50000e-01  2.95003e+00  1.20997e+00  4.86543e+00
  1.00000e+00  4.00000e-01  3.02993e+00  1.42164e+00  5.24785e+00
  1.00000e+00  4.50000e-01  3.12593e+00  1.42164e+00  5.24785e+00
  1.00000e+00  5.00000e-01  3.24034e+00  1.42164e+00  5.24785e+00
  1.00000e+00  5.50000e-01  3.37598e+00  1.76550e+00  5.93647e+00
  1.00000e+00  6.00000e-01  3.53619e+00  1.76550e+00  5.93647e+00
  1.00000e+00  6.50000e-01  3.72498e+00  2.27961e+00  7.23346e+00
  1.00000e+00  7.00000e-01  3.94710e+00  2.27961e+00  7.23346e+00
  1.00000e+00  7.50000e-01  4.20823e+00  2.27961e+00  7.23346e+00
  1.00000e+00  8.00000e-01  4.51517e+00  3.01569e+00  9.83889e+00
  1.00000e+00  8.50000e-01  4.87601e+00  3.01569e+00  9.83889e+00
  1.00000e+00  9.00000e-01  5.30045e+00  4.03656e+00  1.55609e+01
  1.00000e+00  9.50000e-01  5.80013e+00  4.03656e+00  1.55609e+01
  1.00000e+00  1.00000e+00  6.38906e+00  4.03656e+00  1.55609e+01

  1.05000e+00  0.00000e+00  3.00053e+00  1.09251e+00  4.52574e+00
  1.05000e+00  5.00000e-02  3.00554e+00  1.09251e+00  4.52574e+00
  1.05000e+00  1.00000e-01  3.02069e+00  1.09251e+00  4.52574e+00
  1.05000e+00  1.50000e-01  3.04631e+00  1.10508e+00  4.64774e+00
  1.05000e+00  2.00000e-01  3.08299e+00  1.10508e+00  4.64774e+00
  1.05000e+00  2.50000e-01  3.13155e+00  1.10508e+00  4.64774e+00
  1.05000e+00  3.00000e-01  3.19311e+00  1.20997e+00  4.86543e+00
  1.05000e+00  3.50000e-01  3.26906e+00  1.20997e+00  4.86543e+00
  1.05000e+00  4.00000e-01  3.36116e+00  1.42164e+00  5.24785e+00
  1.05000e+00  4.50000e-01  3.47153e+00  1.42164e+00  5.24785e+00
  1.05000e+00  5.00000e-01  3.60276e+00  1.42164e+00  5.24785e+00
  1.05000e+00  5.50000e-01  3.75794e+00  1.76550e+00  5.93647e+00
  1.05000e+00  6.00000e-01  3.94075e+00  1.76550e+00  5.93647e+00
  1.05000e+00  6.50000e-01  4.15563e+00  2.27961e+00  7.23346e+00
  1.05000e+00  7.00000e-01  4.40782e+00  2.27961e+00  7.23346e+00
  1.05000e+00  7.50000e-01  4.70360e+00  2.27961e+00  7.23346e+00
  1.05000e+00  8.00000e-01  5.05045e+00  3.01569e+00  9.83889e+00
  1.05000e+00  8.50000e-01  5.45733e+00  3.01569e+00  9.83889e+00
  1.05000e+00  9.00000e-01  5.93492e+00  4.03656e+00  1.55609e+01
  1.05000e+00  9.50000e-01  6.49610e+00  4.03656e+00  1.55609e+01
  1.05000e+00  1.00000e+00  7.15630e+00  4.03656e+00  1.55609e+01

  1.10000e+00  0.00000e+00  3.30458e+00  1.09251e+00  4.52574e+00
  1.10000e+00  5.00000e-02  3.31035e+00  1.09251e+00  4.52574e+00
  1.10000e+00  1.00000e-01  3.32779e+00  1.09251e+00  4.52574e+00
  1.10000e+00  1.50000e-01  3.35728e+00  1.10508e+00  4.64774e+00
  1.10000e+00  2.00000e-01  3.39945e+00  1.10508e+00  4.64774e+00
  1.10000e+00  2.50000e-01  3.45521e+00  1.10508e+00  4.64774e+00
  1.10000e+00  3.00000e-01  3.52579e+00  1.20997e+00  4.86543e+00
  1.10000e+00  3.50000e-01  3.61273e+00  1.20997e+00  4.86543e+00
  1.10000e+00  4.00000e-01  3.71796e+00  1.42164e+00  5.24785e+00
  1.10000e+00  4.50000e-01  3.84383e+00  1.42164e+00  5.24785e+00
  1.10000e+00  5.00000e-01  3.99317e+00  1.42164e+00  5.24785e+00
  1.10000e+00  5.50000e-01  4.16939e+00  1.76550e+00  5.93647e+00
  1.10000e+00  6.00000e-01  4.37656e+00  1.76550e+00  5.93647e+00
  1.10000e+00  6.50000e-01  4.61954e+00  2.27961e+00  7.23346e+00
  1.10000e+00  7.00000e-01  4.90412e+00  2.27961e+00  7.23346e+00
  1.10000e+00  7.50000e-01  5.23722e+00  2.27961e+00  7.23346e+00
  1.10000e+00  8.00000e-01  5.62708e+00  3.01569e+00  9.83889e+00
  1.10000e+00  8.50000e-01  6.08354e+00  3.01569e+00  9.83889e+00
  1.10000e+00  9.00000e-01  6.61840e+00  4.03656e+00  1.55609e+01
  1.10000e+00  9.50000e-01  7.24581e+00  4.03656e+00  1.55609e+01
  1.10000e+00  1.00000e+00  7.98279e+00  4.03656e+00  1.55609e+01

  1.15000e+00  0.00000e+00  3.63192e+00  1.90963e+00  6.15643e+00
  1.15000e+00  5.00000e-02  3.63851e+00  1.90963e+00  6.15643e+00
  1.15000e+00  1.00000e-01  3.65842e+00  1.90963e+00  6.15643e+00
  1.15000e+00  1.50000e-01  3.69207e+00  1.92220e+00  6.27844e+00
  1.15000e+00  2.00000e-01  3.74014e+00  1.92220e+00  6.27844e+00
  1.15000e+00  2.50000e-01  3.80366e+00  1.92220e+00  6.27844e+00
  1.15000e+00  3.00000e-01  3.88396e+00  2.02709e+00  6.49613e+00
  1.15000e+00  3.50000e-01  3.98273e+00  2.02709e+00  6.49613e+00
  1.15000e+00  4.00000e-01  4.10210e+00  2.23875e+00  6.87854e+00
  1.15000e+00  4.50000e-01  4.24464e+00  2.23875e+00  6.87854e+00
  1.15000e+00  5.00000e-01  4.41348e+00  2.23875e+00  6.87854e+00
  1.15000e+00  5.50000e-01  4.61235e+00  2.58262e+00  7.56717e+00
  1.15000e+00  6.00000e-01  4.84574e+00  2.58262e+00  7.56717e+00
  1.15000e+00  6.50000e-01  5.11898e+00  3.09672e+00  8.86415e+00
  1.15000e+00  7.00000e-01  5.43844e+00  3.09672e+00  8.86415e+00
  1.15000e+00  7.50000e-01  5.81172e+00  3.09672e+00  8.86415e+00
  1.15000e+00  8.00000e-01  6.24787e+00  3.83281e+00  1.14696e+01
  1.15000e+00  8.50000e-01  6.75772e+00  3.83281e+00  1.14696e+01
  1.15000e+00  9.00000e-01  7.35423e+00  4.85368e+00  1.71915e+01
  1.15000e+00  9.50000e-01  8.05295e+00  4.85368e+00  1.71915e+01
  1.15000e+00  1.00000e+00  8.87259e+00  4.85368e+00  1.71915e+01

  1.20000e+00  0.00000e+00  3.98414e+00  1.90963e+00  6.15643e+00
  1.20000e+00  5.00000e-02  3.99161e+00  1.90963e+00  6.15643e+00
  1.20000e+00  1.00000e-01  4.01418e+00  1.90963e+00  6.15643e+00
  1.20000e+00  1.50000e-01  4.05230e+00  1.92220e+00  6.27844e+00
  1.20000e+00  2.00000e-01  4.10674e+00  1.92220e+00  6.27844e+00
  1.20000e+00  2.50000e-01  4.17860e+00  1.92220e+00  6.27844e+00
  1.20000e+00  3.00000e-01  4.26934e+00  2.02709e+00  6.49613e+00
  1.20000e+00  3.50000e-01  4.38085e+00  2.02709e+00  6.49613e+00
  1.20000e+00  4.00000e-01  4.51543e+00  2.23875e+00  6.87854e+00
  1.20000e+00  4.50000e-01  4.67592e+00  2.23875e+00  6.87854e+00
  1.20000e+00  5.00000e-01  4.86574e+00  2.23875e+00  6.87854e+00
  1.20000e+00  5.50000e-01  5.08899e+00  2.58262e+00  7.56717e+00
  1.20000e+00  6.00000e-01  5.35059e+00  2.58262e+00  7.56717e+00
  1.20000e+00  6.50000e-01  5.65639e+00  3.09672e+00  8.86415e+00
  1.20000e+00  7.00000e-01  6.01338e+00  3.09672e+00  8.86415e+00
  1.20000e+00  7.50000e-01  6.42988e+00  3.09672e+00  8.86415e+00
  1.20000e+00  8.00000e-01  6.91585e+00  3.83281e+00  1.14696e+01
  1.20000e+00  8.50000e-01  7.48314e+00  3.83281e+00  1.14696e+01
  1.20000e+00  9.00000e-01  8.14598e+00  4.85368e+00  1.71915e+01
  1.20000e+00  9.50000e-01  8.92143e+00  4.85368e+00  1.71915e+01
  1.20000e+00  1.00000e+00  9.83002e+00  4.85368e+00  1.71915e+01

  1.25000e+00  0.00000e+00  4.36293e+00  1.90963e+00  6.15643e+00
  1.25000e+00  5.00000e-02  4.37135e+00  1.90963e+00  6.15643e+00
  1.25000e+00  1.00000e-01  4.39678e+00  1.90963e+00  6.15643e+00
  1.25000e+00  1.50000e-01  4.43971e+00  1.92220e+00  6.27844e+00
  1.25000e+00  2.00000e-01  4.50098e+00  1.92220e+00  6.27844e+00
  1.25000e+00  2.50000e-01  4.58181e+00  1.92220e+00  6.27844e+00
  1.25000e+00  3.00000e-01  4.68380e+00  2.02709e+00  6.49613e+00
  1.25000e+00  3.50000e-01  4.80900e+00  2.02709e+00  6.49613e+00
  1.25000e+00  4.00000e-01  4.95994e+00  2.23875e+00  6.87854e+00
  1.25000e+00  4.50000e-01  5.13973e+00  2.23875e+00  6.87854e+00
  1.25000e+00  5.00000e-01  5.35211e+00  2.23875e+00  6.87854e+00
  1.25000e+00  5.50000e-01  5.60158e+00  2.58262e+00  7.56717e+00
  1.25000e+00  6.00000e-01  5.89351e+00  2.58262e+00  7.56717e+00
  1.25000e+00  6.50000e-01  6.23433e+00  3.09672e+00  8.86415e+00
  1.25000e+00  7.00000e-01  6.63168e+00  3.09672e+00  8.86415e+00
  1.25000e+00  7.50000e-01  7.09468e+00  3.09672e+00  8.86415e+00
  1.25000e+00  8.00000e-01  7.63421e+00  3.83281e+00  1.14696e+01
  1.25000e+00  8.50000e-01  8.26328e+00  3.83281e+00  1.14696e+01
  1.25000e+00  9.00000e-01  8.99746e+00  4.85368e+00  1.71915e+01
  1.25000e+00  9.50000e-01  9.85543e+00  4.85368e+00  1.71915e+01
  1.25000e+00  1.00000e+00  1.08597e+01  4.85368e+00  1.71915e+01

  1.30000e+00  0.00000e+00  4.77009e+00  2.84525e+00  8.13962e+00
  1.30000e+00  5.00000e-02  4.77953e+00  2.84525e+00  8.13962e+00
  1.30000e+00  1.00000e-01  4.80803e+00  2.84525e+00  8.13962e+00
  1.30000e+00  1.50000e-01  4.85613e+00  2.85782e+00  8.26162e+00
  1.30000e+00  2.00000e-01  4.92476e+00  2.85782e+00  8.26162e+00
  1.30000e+00  2.50000e-01  5.01523e+00  2.85782e+00  8.26162e+00
  1.30000e+00  3.00000e-01  5.12931e+00  2.96271e+00  8.47931e+00
  1.30000e+00  3.50000e-01  5.26922e+00  2.96271e+00  8.47931e+00
  1.30000e+00  4.00000e-01  5.43775e+00  3.17438e+00  8.86173e+00
  1.30000e+00  4.50000e-01  5.63828e+00  3.17438e+00  8.86173e+00
  1.30000e+00  5.00000e-01  5.87491e+00  3.17438e+00  8.86173e+00
  1.30000e+00  5.50000e-01  6.15256e+00  3.51824e+00  9.55035e+00
  1.30000e+00  6.00000e-01  6.47710e+00  3.51824e+00  9.55035e+00
  1.30000e+00  6.50000e-01  6.85556e+00  4.03235e+00  1.08473e+01
  1.30000e+00  7.00000e-01  7.29629e+00  4.03235e+00  1.08473e+01
  1.30000e+00  7.50000e-01  7.80926e+00  4.03235e+00  1.08473e+01
  1.30000e+00  8.00000e-01  8.40638e+00  4.76843e+00  1.34528e+01
  1.30000e+00  8.50000e-01  9.10185e+00  4.76843e+00  1.34528e+01
  1.30000e+00  9.00000e-01  9.91271e+00  5.78930e+00  1.91747e+01
  1.30000e+00  9.50000e-01  1.08594e+01  5.78930e+00  1.91747e+01
  1.30000e+00  1.00000e+00  1.19664e+01  5.78930e+00  1.91747e+01

  1.35000e+00  0.00000e+00  5.20752e+00  2.84525e+00  8.13962e+00
  1.35000e+00  5.00000e-02  5.21806e+00  2.84525e+00  8.13962e+00
  1.35000e+00  1.00000e-01  5.24986e+00  2.84525e+00  8.13962e+00
  1.35000e+00  1.50000e-01  5.30352e+00  2.85782e+00  8.26162e+00
  1.35000e+00  2.00000e-01  5.38005e+00  2.85782e+00  8.26162e+00
  1.35000e+00  2.50000e-01  5.48088e+00  2.85782e+00  8.26162e+00
  1.35000e+00  3.00000e-01  5.60794e+00  2.96271e+00  8.47931e+00
  1.35000e+00  3.50000e-01  5.76366e+00  2.96271e+00  8.47931e+00
  1.35000e+00  4.00000e-01  5.95109e+00  3.17438e+00  8.86173e+00
  1.35000e+00  4.50000e-01  6.17391e+00  3.17438e+00  8.86173e+00
  1.35000e+00  5.00000e-01  6.43659e+00  3.17438e+00  8.86173e+00
  1.35000e+00  5.50000e-01  6.74452e+00  3.51824e+00  9.55035e+00
  1.35000e+00  6.00000e-01  7.10410e+00  3.51824e+00  9.55035e+00
  1.35000e+00  6.50000e-01  7.52299e+00  4.03235e+00  1.08473e+01
  1.35000e+00  7.00000e-01  8.01033e+00  4.03235e+00  1.08473e+01
  1.35000e+00  7.50000e-01  8.57699e+00  4.03235e+00  1.08473e+01
  1.35000e+00  8.00000e-01  9.23597e+00  4.76843e+00  1.34528e+01
  1.35000e+00  8.50000e-01  1.00028e+01  4.76843e+00  1.34528e+01
  1.35000e+00  9.00000e-01  1.08960e+01  5.78930e+00  1.91747e+01
  1.35000e+00  9.50000e-01  1.19380e+01  5.78930e+00  1.91747e+01
  1.35000e+00  1.00000e+00  1.31555e+01  5.78930e+00  1.91747e+01

  1.40000e+00  0.00000e+00  5.67728e+00  3.92876e+00  1.05912e+01
  1.40000e+00  5.00000e-02  5.68899e+00  3.92876e+00  1.05912e+01
  1.40000e+00  1.00000e-01  5.72434e+00  3.92876e+00  1.05912e+01
  1.40000e+00  1.50000e-01  5.78397e+00  3.94133e+00  1.07132e+01
  1.40000e+00  2.00000e-01  5.86897e+00  3.94133e+00  1.07132e+01
  1.40000e+00  2.50000e-01  5.98093e+00  3.94133e+00  1.07132e+01
  1.40000e+00  3.00000e-01  6.12193e+00  4.04622e+00  1.09309e+01
  1.40000e+00  3.50000e-01  6.29464e+00  4.04622e+00  1.09309e+01
  1.40000e+00  4.00000e-01  6.50235e+00  4.25788e+00  1.13133e+01
  1.40000e+00  4.50000e-01  6.74910e+00  4.25788e+00  1.13133e+01
  1.40000e+00  5.00000e-01  7.03977e+00  4.25788e+00  1.13133e+01
  1.40000e+00  5.50000e-01  7.38021e+00  4.60175e+00  1.20019e+01
  1.40000e+00  6.00000e-01  7.77741e+00  4.60175e+00  1.20019e+01
  1.40000e+00  6.50000e-01  8.23973e+00  5.11585e+00  1.32989e+01
  1.40000e+00  7.00000e-01  8.77712e+00  5.11585e+00  1.32989e+01
  1.40000e+00  7.50000e-01  9.40144e+00  5.11585e+00  1.32989e+01
  1.40000e+00  8.00000e-01  1.01269e+01  5.85194e+00  1.59043e+01
  1.40000e+00  8.50000e-01  1.09703e+01  5.85194e+00  1.59043e+01
  1.40000e+00  9.00000e-01  1.19520e+01  6.87281e+00  2.16263e+01
  1.40000e+00  9.50000e-01  1.30963e+01  6.87281e+00  2.16263e+01
  1.40000e+00  1.00000e+00  1.44324e+01  6.87281e+00  2.16263e+01

  1.45000e+00  0.00000e+00  6.18152e+00  3.92876e+00  1.05912e+01
  1.45000e+00  5.00000e-02  6.19449e+00  3.92876e+00  1.05912e+01
  1.45000e+00  1.00000e-01  6.23364e+00  3.92876e+00  1.05912e+01
  1.45000e+00  1.50000e-01  6.29968e+00  3.94133e+00  1.07132e+01
  1.45000e+00  2.00000e-01  6.39379e+00  3.94133e+00  1.07132e+01
  1.45000e+00  2.50000e-01  6.51769e+00  3.94133e+00  1.07132e+01
  1.45000e+00  3.00000e-01  6.67366e+00  4.04622e+00  1.09309e+01
  1.45000e+00  3.50000e-01  6.86459e+00  4.04622e+00  1.09309e+01
  1.45000e+00  4.00000e-01  7.09408e+00  4.25788e+00  1.13133e+01
  1.45000e+00  4.50000e-01  7.36652e+00  4.25788e+00  1.13133e+01
  1.45000e+00  5.00000e-01  7.68722e+00  4.25788e+00  1.13133e+01
  1.45000e+00  5.50000e-01  8.06256e+00  4.60175e+00  1.20019e+01
  1.45000e+00  6.00000e-01  8.50015e+00  4.60175e+00  1.20019e+01
  1.45000e+00  6.50000e-01  9.00908e+00  5.11585e+00  1.32989e+01
  1.45000e+00  7.00000e-01  9.60019e+00  5.11585e+00  1.32989e+01
  1.45000e+00  7.50000e-01  1.02864e+01  5.11585e+00  1.32989e+01
  1.45000e+00  8.00000e-01  1.10831e+01  5.85194e+00  1.59043e+01
  1.45000e+00  8.50000e-01  1.20088e+01  5.85194e+00  1.59043e+01
  1.45000e+00  9.00000e-01  1.30855e+01  6.87281e+00  2.16263e+01
  1.45000e+00  9.50000e-01  1.43396e+01  6.87281e+00  2.16263e+01
  1.45000e+00  1.00000e+00  1.58031e+01  6.87281e+00  2.16263e+01

  1.50000e+00  0.00000e+00  6.72253e+00  3.92876e+00  1.05912e+01
  1.50000e+00  5.00000e-02  6.73686e+00  3.92876e+00  1.05912e+01
  1.50000e+00  1.00000e-01  6.78010e+00  3.92876e+00  1.05912e+01
  1.50000e+00  1.50000e-01  6.85301e+00  3.94133e+00  1.07132e+01
  1.50000e+00  2.00000e-01  6.95689e+00  3.94133e+00  1.07132e+01
  1.50000e+00  2.50000e-01  7.09360e+00  3.94133e+00  1.07132e+01
  1.50000e+00  3.00000e-01  7.26562e+00  4.04622e+00  1.09309e+01
  1.50000e+00  3.50000e-01  7.47611e+00  4.04622e+00  1.09309e+01
  1.50000e+00  4.00000e-01  7.72897e+00  4.25788e+00  1.13133e+01
  1.50000e+00  4.50000e-01  8.02897e+00  4.25788e+00  1.13133e+01
  1.50000e+00  5.00000e-01  8.38190e+00  4.25788e+00  1.13133e+01
  1.50000e+00  5.50000e-01  8.79469e+00  4.60175e+00  1.20019e+01
  1.50000e+00  6.00000e-01  9.27561e+00  4.60175e+00  1.20019e+01
  1.50000e+00  6.50000e-01  9.83455e+00  5.11585e+00  1.32989e+01
  1.50000e+00  7.00000e-01  1.04833e+01  5.11585e+00  1.32989e+01
  1.50000e+00  7.50000e-01  1.12359e+01  5.11585e+00  1.32989e+01
  1.50000e+00  8.00000e-01  1.21092e+01  5.85194e+00  1.59043e+01
  1.50000e+00  8.50000e-01  1.31231e+01  5.85194e+00  1.59043e+01
  1.50000e+00  9.00000e-01  1.43016e+01  6.87281e+00  2.16263e+01
  1.50000e+00  9.50000e-01  1.56737e+01  6.87281e+00  2.16263e+01
  1.50000e+00  1.00000e+00  1.72737e+01  6.87281e+00  2.16263e+01

  1.55000e+00  0.00000e+00  7.30278e+00  5.19437e+00  1.36688e+01
  1.55000e+00  5.00000e-02  7.31856e+00  5.19437e+00  1.36688e+01
  1.55000e+00  1.00000e-01  7.36617e+00  5.19437e+00  1.36688e+01
  1.55000e+00  1.50000e-01  7.44645e+00  5.20694e+00  1.37908e+01
  1.55000e+00  2.00000e-01  7.56081e+00  5.20694e+00  1.37908e+01
  1.55000e+00  2.50000e-01  7.71127e+00  5.20694e+00  1.37908e+01
  1.55000e+00  3.00000e-01  7.90051e+00  5.31183e+00  1.40085e+01
  1.55000e+00  3.50000e-01  8.13197e+00  5.31183e+00  1.40085e+01
  1.55000e+00  4.00000e-01  8.40989e+00  5.52350e+00  1.43909e+01
  1.55000e+00  4.50000e-01  8.73946e+00  5.52350e+00  1.43909e+01
  1.55000e+00  5.00000e-01  9.12695e+00  5.52350e+00  1.43909e+01
  1.55000e+00  5.50000e-01  9.57990e+00  5.86736e+00  1.50796e+01
  1.55000e+00  6.00000e-01  1.01073e+01  5.86736e+00  1.50796e+01
  1.55000e+00  6.50000e-01  1.07199e+01  6.38147e+00  1.63766e+01
  1.55000e+00  7.00000e-01  1.14304e+01  6.38147e+00  1.63766e+01
  1.55000e+00  7.50000e-01  1.22543e+01  6.38147e+00  1.63766e+01
  1.55000e+00  8.00000e-01  1.32096e+01  7.11755e+00  1.89820e+01
  1.55000e+00  8.50000e-01  1.43181e+01  7.11755e+00  1.89820e+01
  1.55000e+00  9.00000e-01  1.56060e+01  8.13842e+00  2.47039e+01
  1.55000e+00  9.50000e-01  1.71044e+01  8.13842e+00  2.47039e+01
  1.55000e+00  1.00000e+00  1.88510e+01  8.13842e+00  2.47039e+01

  1.60000e+00  0.00000e+00  7.92485e+00  5.19437e+00  1.36688e+01
  1.60000e+00  5.00000e-02  7.94219e+00  5.19437e+00  1.36688e+01
  1.60000e+00  1.00000e-01  7.99450e+00  5.19437e+00  1.36688e+01
  1.60000e+00  1.50000e-01  8.08268e+00  5.20694e+00  1.37908e+01
  1.60000e+00  2.00000e-01  8.20827e+00  5.20694e+00  1.37908e+01
  1.60000e+00  2.50000e-01  8.37346e+00  5.20694e+00  1.37908e+01
  1.60000e+00  3.00000e-01  8.58117e+00  5.31183e+00  1.40085e+01
  1.60000e+00  3.50000e-01  8.83511e+00  5.31183e+00  1.40085e+01
  1.60000e+00  4.00000e-01  9.13990e+00  5.52350e+00  1.43909e+01
  1.60000e+00  4.50000e-01  9.50116e+00  5.52350e+00  1.43909e+01
  1.60000e+00  5.00000e-01  9.92571e+00  5.52350e+00  1.43909e+01
  1.60000e+00  5.50000e-01  1.04217e+01  5.86736e+00  1.50796e+01
  1.60000e+00  6.00000e-01  1.09989e+01  5.86736e+00  1.50796e+01
  1.60000e+00  6.50000e-01  1.16690e+01  6.38147e+00  1.63766e+01
  1.60000e+00  7.00000e-01  1.24459e+01  6.38147e+00  1.63766e+01
  1.60000e+00  7.50000e-01  1.33460e+01  6.38147e+00  1.63766e+01
  1.60000e+00  8.00000e-01  1.43893e+01  7.11755e+00  1.89820e+01
  1.60000e+00  8.50000e-01  1.55993e+01  7.11755e+00  1.89820e+01
  1.60000e+00  9.00000e-01  1.70043e+01  8.13842e+00  2.47039e+01
  1.60000e+00  9.50000e-01  1.86383e+01  8.13842e+00  2.47039e+01
  1.60000e+00  1.00000e+00  2.05420e+01  8.13842e+00  2.47039e+01

  1.65000e+00  0.00000e+00  8.59152e+00  6.68192e+00  1.75871e+01
  1.65000e+00  5.00000e-02  8.61052e+00  6.68192e+00  1.75871e+01
  1.65000e+00  1.00000e-01  8.66786e+00  6.68192e+00  1.75871e+01
  1.65000e+00  1.50000e-01  8.76452e+00  6.69449e+00  1.77091e+01
  1.65000e+00  2.00000e-01  8.90214e+00  6.69449e+00  1.77091e+01
  1.65000e+00  2.50000e-01  9.08312e+00  6.69449e+00  1.77091e+01
  1.65000e+00  3.00000e-01  9.31062e+00  6.79938e+00  1.79268e+01
  1.65000e+00  3.50000e-01  9.58866e+00  6.79938e+00  1.79268e+01
  1.65000e+00  4.00000e-01  9.92224e+00  7.01104e+00  1.83092e+01
  1.65000e+00  4.50000e-01  1.03175e+01  7.01104e+00  1.83092e+01
  1.65000e+00  5.00000e-01  1.07817e+01  7.01104e+00  1.83092e+01
  1.65000e+00  5.50000e-01  1.13239e+01  7.35491e+00  1.89979e+01
  1.65000e+00  6.00000e-01  1.19545e+01  7.35491e+00  1.89979e+01
  1.65000e+00  6.50000e-01  1.26862e+01  7.86901e+00  2.02949e+01
  1.65000e+00  7.00000e-01  1.35341e+01  7.86901e+00  2.02949e+01
  1.65000e+00  7.50000e-01  1.45161e+01  7.86901e+00  2.02949e+01
  1.65000e+00  8.00000e-01  1.56536e+01  8.60510e+00  2.29003e+01
  1.65000e+00  8.50000e-01  1.69724e+01  8.60510e+00  2.29003e+01
  1.65000e+00  9.00000e-01  1.85029e+01  9.62597e+00  2.86223e+01
  1.65000e+00  9.50000e-01  2.02821e+01  9.62597e+00  2.86223e+01
  1.65000e+00  1.00000e+00  2.23542e+01  9.62597e+00  2.86223e+01

  1.70000e+00  0.00000e+00  9.30571e+00  6.68192e+00  1.75871e+01
  1.70000e+00  5.00000e-02  9.32650e+00  6.68192e+00  1.75871e+01
  1.70000e+00  1.00000e-01  9.38923e+00  6.68192e+00  1.75871e+01
  1.70000e+00  1.50000e-01  9.49496e+00  6.69449e+00  1.77091e+01
  1.70000e+00  2.00000e-01  9.64548e+00  6.69449e+00  1.77091e+01
  1.70000e+00  2.50000e-01  9.84338e+00  6.69449e+00  1.77091e+01
  1.70000e+00  3.00000e-01  1.00921e+01  6.79938e+00  1.79268e+01
  1.70000e+00  3.50000e-01  1.03959e+01  6.79938e+00  1.79268e+01
  1.70000e+00  4.00000e-01  1.07604e+01  7.01104e+00  1.83092e+01
  1.70000e+00  4.50000e-01  1.11920e+01  7.01104e+00  1.83092e+01
  1.70000e+00  5.00000e-01  1.16988e+01  7.01104e+00  1.83092e+01
  1.70000e+00  5.50000e-01  1.22903e+01  7.35491e+00  1.89979e+01
  1.70000e+00  6.00000e-01  1.29781e+01  7.35491e+00  1.89979e+01
  1.70000e+00  6.50000e-01  1.37759e+01  7.86901e+00  2.02949e+01
  1.70000e+00  7.00000e-01  1.46999e+01  7.86901e+00  2.02949e+01
  1.70000e+00  7.50000e-01  1.57695e+01  7.86901e+00  2.02949e+01
  1.70000e+00  8.00000e-01  1.70081e+01  8.60510e+00  2.29003e+01
  1.70000e+00  8.50000e-01  1.84433e+01  8.60510e+00  2.29003e+01
  1.70000e+00  9.00000e-01  2.01084e+01  9.62597e+00  2.86223e+01
  1.70000e+00  9.50000e-01  2.20431e+01  9.62597e+00  2.86223e+01
  1.70000e+00  1.00000e+00  2.42955e+01  9.62597e+00  2.86223e+01

  1.75000e+00  0.00000e+00  1.00706e+01  6.68192e+00  1.75871e+01
  1.75000e+00  5.00000e-02  1.00933e+01  6.68192e+00  1.75871e+01
  1.75000e+00  1.00000e-01  1.01618e+01  6.68192e+00  1.75871e+01
  1.75000e+00  1.50000e-01  1.02772e+01  6.69449e+00  1.77091e+01
  1.75000e+00  2.00000e-01  1.04415e+01  6.69449e+00  1.77091e+01
  1.75000e+00  2.50000e-01  1.06575e+01  6.69449e+00  1.77091e+01
  1.75000e+00  3.00000e-01  1.09289e+01  6.79938e+00  1.79268e+01
  1.75000e+00  3.50000e-01  1.12604e+01  6.79938e+00  1.79268e+01
  1.75000e+00  4.00000e-01  1.16579e+01  7.01104e+00  1.83092e+01
  1.75000e+00  4.50000e-01  1.21285e+01  7.01104e+00  1.83092e+01
  1.75000e+00  5.00000e-01  1.26808e+01  7.01104e+00  1.83092e+01
  1.75000e+00  5.50000e-01  1.33254e+01  7.35491e+00  1.89979e+01
  1.75000e+00  6.00000e-01  1.40744e+01  7.35491e+00  1.89979e+01
  1.75000e+00  6.50000e-01  1.49429e+01  7.86901e+00  2.02949e+01
  1.75000e+00  7.00000e-01  1.59483e+01  7.86901e+00  2.02949e+01
  1.75000e+00  7.50000e-01  1.71119e+01  7.86901e+00  2.02949e+01
  1.75000e+00  8.00000e-01  1.84586e+01  8.60510e+00  2.29003e+01
  1.75000e+00  8.50000e-01  2.00186e+01  8.60510e+00  2.29003e+01
  1.75000e+00  9.00000e-01  2.18277e+01  9.62597e+00  2.86223e+01
  1.75000e+00  9.50000e-01  2.39291e+01  9.62597e+00  2.86223e+01
  1.75000e+00  1.00000e+00  2.63746e+01  9.62597e+00  2.86223e+01

  1.80000e+00  0.00000e+00  1.08894e+01  8.43768e+00  2.26379e+01
  1.80000e+00  5.00000e-02  1.09141e+01  8.43768e+00  2.26379e+01
  1.80000e+00  1.00000e-01  1.09888e+01  8.43768e+00  2.26379e+01
  1.80000e+00  1.50000e-01  1.11147e+01  8.45025e+00  2.27599e+01
  1.80000e+00  2.00000e-01  1.12938e+01  8.45025e+00  2.27599e+01
  1.80000e+00  2.50000e-01  1.15292e+01  8.45025e+00  2.27599e+01
  1.80000e+00  3.00000e-01  1.18249e+01  8.55514e+00  2.29776e+01
  1.80000e+00  3.50000e-01  1.21860e+01  8.55514e+00  2.29776e+01
  1.80000e+00  4.00000e-01  1.26188e+01  8.76681e+00  2.33600e+01
  1.80000e+00  4.50000e-01  1.31311e+01  8.76681e+00  2.33600e+01
  1.80000e+00  5.00000e-01  1.37322e+01  8.76681e+00  2.33600e+01
  1.80000e+00  5.50000e-01  1.44334e+01  9.11067e+00  2.40486e+01
  1.80000e+00  6.00000e-01  1.52480e+01  9.11067e+00  2.40486e+01
  1.80000e+00  6.50000e-01  1.61922e+01  9.62478e+00  2.53456e+01
  1.80000e+00  7.00000e-01  1.72849e+01  9.62478e+00  2.53456e+01
  1.80000e+00  7.50000e-01  1.85489e+01  9.62478e+00  2.53456e+01
  1.80000e+00  8.00000e-01  2.00115e+01  1.03609e+01  2.79510e+01
  1.80000e+00  8.50000e-01  2.17050e+01  1.03609e+01  2.79510e+01
  1.80000e+00  9.00000e-01  2.36683e+01  1.13817e+01  3.36730e+01
  1.80000e+00  9.50000e-01  2.59481e+01  1.13817e+01  3.36730e+01
  1.80000e+00  1.00000e+00  2.86004e+01  1.13817e+01  3.36730e+01

  1.85000e+00  0.00000e+00  1.17657e+01  8.43768e+00  2.26379e+01
  1.85000e+00  5.00000e-02  1.17926e+01  8.43768e+00  2.26379e+01
  1.85000e+00  1.00000e-01  1.18739e+01  8.43768e+00  2.26379e+01
  1.85000e+00  1.50000e-01  1.20109e+01  8.45025e+00  2.27599e+01
  1.85000e+00  2.00000e-01  1.22058e+01  8.45025e+00  2.27599e+01
  1.85000e+00  2.50000e-01  1.24620e+01  8.45025e+00  2.27599e+01
  1.85000e+00  3.00000e-01  1.27837e+01  8.55514e+00  2.29776e+01
  1.85000e+00  3.50000e-01  1.31765e+01  8.55514e+00  2.29776e+01
  1.85000e+00  4.00000e-01  1.36471e+01  8.76681e+00  2.33600e+01
  1.85000e+00  4.50000e-01  1.42041e+01  8.76681e+00  2.33600e+01
  1.85000e+00  5.00000e-01  1.48574e+01  8.76681e+00  2.33600e+01
  1.85000e+00  5.50000e-01  1.56192e+01  9.11067e+00  2.40486e+01
  1.85000e+00  6.00000e-01  1.65041e+01  9.11067e+00  2.40486e+01
  1.85000e+00  6.50000e-01  1.75292e+01  9.62478e+00  2.53456e+01
  1.85000e+00  7.00000e-01  1.87153e+01  9.62478e+00  2.53456e+01
  1.85000e+00  7.50000e-01  2.00869e+01  9.62478e+00  2.53456e+01
  1.85000e+00  8.00000e-01  2.16734e+01  1.03609e+01  2.79510e+01
  1.85000e+00  8.50000e-01  2.35098e+01  1.03609e+01  2.79510e+01
  1.85000e+00  9.00000e-01  2.56381e+01  1.13817e+01  3.36730e+01
  1.85000e+00  9.50000e-01  2.81088e+01  1.13817e+01  3.36730e+01
  1.85000e+00  1.00000e+00  3.09824e+01  1.13817e+01  3.36730e+01

  1.90000e+00  0.00000e+00  1.27032e+01  1.05154e+01  2.92181e+01
  1.90000e+00  5.00000e-02  1.27325e+01  1.05154e+01  2.92181e+01
  1.90000e+00  1.00000e-01  1.28209e+01  1.05154e+01  2.92181e+01
  1.90000e+00  1.50000e-01  1.29698e+01  1.05280e+01  2.93401e+01
  1.90000e+00  2.00000e-01  1.31816e+01  1.05280e+01  2.93401e+01
  1.90000e+00  2.50000e-01  1.34600e+01  1.05280e+01  2.93401e+01
  1.90000e+00  3.00000e-01  1.38095e+01  1.06329e+01  2.95578e+01
  1.90000e+00  3.50000e-01  1.42362e+01  1.06329e+01  2.95578e+01
  1.90000e+00  4.00000e-01  1.47473e+01  1.08445e+01  2.99402e+01
  1.90000e+00  4.50000e-01  1.53521e+01  1.08445e+01  2.99402e+01
  1.90000e+00  5.00000e-01  1.60612e+01  1.08445e+01  2.99402e+01
  1.90000e+00  5.50000e-01  1.68879e+01  1.11884e+01  3.06288e+01
  1.90000e+00  6.00000e-01  1.78479e+01  1.11884e+01  3.06288e+01
  1.90000e+00  6.50000e-01  1.89597e+01  1.17025e+01  3.19258e+01
  1.90000e+00  7.00000e-01  2.02456e+01  1.17025e+01  3.19258e+01
  1.90000e+00  7.50000e-01  2.17323e+01  1.17025e+01  3.19258e+01
  1.90000e+00  8.00000e-01  2.34514e+01  1.24386e+01  3.45312e+01
  1.90000e+00  8.50000e-01  2.54407e+01  1.24386e+01  3.45312e+01
  1.90000e+00  9.00000e-01  2.77456e+01  1.34594e+01  4.02532e+01
  1.90000e+00  9.50000e-01  3.04205e+01  1.34594e+01  4.02532e+01
  1.90000e+00  1.00000e+00  3.35309e+01  1.34594e+01  4.02532e+01

  1.95000e+00  0.00000e+00  1.37059e+01  1.05154e+01  2.92181e+01
  1.95000e+00  5.00000e-02  1.37377e+01  1.05154e+01  2.92181e+01
  1.95000e+00  1.00000e-01  1.38337e+01  1.05154e+01  2.92181e+01
  1.95000e+00  1.50000e-01  1.39953e+01  1.05280e+01  2.93401e+01
  1.95000e+00  2.00000e-01  1.42253e+01  1.05280e+01  2.93401e+01
  1.95000e+00  2.50000e-01  1.45274e+01  1.05280e+01  2.93401e+01
  1.95000e+00  3.00000e-01  1.49067e+01  1.06329e+01  2.95578e+01
  1.95000e+00  3.50000e-01  1.53696e+01  1.06329e+01  2.95578e+01
  1.95000e+00  4.00000e-01  1.59241e+01  1.08445e+01  2.99402e+01
  1.95000e+00  4.50000e-01  1.65799e+01  1.08445e+01  2.99402e+01
  1.95000e+00  5.00000e-01  1.73488e+01  1.08445e+01  2.99402e+01
  1.95000e+00  5.50000e-01  1.82449e+01  1.11884e+01  3.06288e+01
  1.95000e+00  6.00000e-01  1.92851e+01  1.11884e+01  3.06288e+01
  1.95000e+00  6.50000e-01  2.04896e+01  1.17025e+01  3.19258e+01
  1.95000e+00  7.00000e-01  2.18824e+01  1.17025e+01  3.19258e+01
  1.95000e+00  7.50000e-01  2.34922e+01  1.17025e+01  3.19258e+01
  1.95000e+00  8.00000e-01  2.53531e+01  1.24386e+01  3.45312e+01
  1.95000e+00  8.50000e-01  2.75059e+01  1.24386e+01  3.45312e+01
  1.95000e+00  9.00000e-01  2.99997e+01  1.34594e+01  4.02532e+01
  1.95000e+00  9.50000e-01  3.28931e+01  1.34594e+01  4.02532e+01
  1.95000e+00  1.00000e+00  3.62566e+01  1.34594e+01  4.02532e+01

  2.00000e+00  0.00000e+00  1.47781e+01  1.05154e+01  2.92181e+01
  2.00000e+00  5.00000e-02  1.48126e+01  1.05154e+01  2.92181e+01
  2.00000e+00  1.00000e-01  1.49166e+01  1.05154e+01  2.92181e+01
  2.00000e+00  1.50000e-01  1.50919e+01  1.05280e+01  2.93401e+01
  2.00000e+00  2.00000e-01  1.53412e+01  1.05280e+01  2.93401e+01
  2.00000e+00  2.50000e-01  1.56687e+01  1.05280e+01  2.93401e+01
  2.00000e+00  3.00000e-01  1.60798e+01  1.06329e+01  2.95578e+01
  2.00000e+00  3.50000e-01  1.65815e+01  1.06329e+01  2.95578e+01
  2.00000e+00  4.00000e-01  1.71823e+01  1.08445e+01  2.99402e+01
  2.00000e+00  4.50000e-01  1.78927e+01  1.08445e+01  2.99402e+01
  2.00000e+00  5.00000e-01  1.87255e+01  1.08445e+01  2.99402e+01
  2.00000e+00  5.50000e-01  1.96958e+01  1.11884e+01  3.06288e+01
  2.00000e+00  6.00000e-01  2.08219e+01  1.11884e+01  3.06288e+01
  2.00000e+00  6.50000e-01  2.21255e+01  1.17025e+01  3.19258e+01
  2.00000e+00  7.00000e-01  2.36326e+01  1.17025e+01  3.19258e+01
  2.00000e+00  7.50000e-01  2.53739e+01  1.17025e+01  3.19258e+01
  2.00000e+00  8.00000e-01  2.73864e+01  1.24386e+01  3.45312e+01
  2.00000e+00  8.50000e-01  2.97141e+01  1.24386e+01  3.45312e+01
  2.00000e+00  9.00000e-01  3.24098e+01  1.34594e+01  4.02532e+01
  2.00000e+00  9.50000e-01  3.55368e+01  1.34594e+01  4.02532e+01
  2.00000e+00  1.00000e+00  3.91711e+01  1.34594e+01  4.02532e+01

