  1.00000e+00  0.00000e+00  2.71828e+00  1.86463e+00  2.71828e+00
  1.00000e+00  5.00000e-02  2.72259e+00  1.85838e+00  2.73558e+00
  1.00000e+00  1.00000e-01  2.73560e+00  1.88699e+00  2.74349e+00
  1.00000e+00  1.50000e-01  2.75764e+00  1.92150e+00  2.76752e+00
  1.00000e+00  2.00000e-01  2.78922e+00  1.96219e+00  2.80761e+00
  1.00000e+00  2.50000e-01  2.83110e+00  2.04032e+00  2.83816e+00
  1.00000e+00  3.00000e-01  2.88427e+00  2.10777e+00  2.92054e+00
  1.00000e+00  3.50000e-01  2.95003e+00  2.21510e+00  2.99295e+00
  1.00000e+00  4.00000e-01  3.02993e+00  2.33404e+00  3.10239e+00
  1.00000e+00  4.50000e-01  3.12593e+00  2.46553e+00  3.24850e+00
  1.00000e+00  5.00000e-01  3.24034e+00  2.64558e+00  3.38356e+00
  1.00000e+00  5.50000e-01  3.37598e+00  2.82105e+00  3.65904e+00
  1.00000e+00  6.00000e-01  3.53619e+00  3.05053e+00  3.92058e+00
  1.00000e+00  6.50000e-01  3.72498e+00  3.30534e+00  4.31227e+00
  1.00000e+00  7.00000e-01  3.94710e+00  3.58714e+00  4.83137e+00
  1.00000e+00  7.50000e-01  4.20823e+00  3.93998e+00  5.32829e+00
  1.00000e+00  8.00000e-01  4.51517e+00  4.29906e+00  6.39889e+00
  1.00000e+00  8.50000e-01  4.87601e+00  4.73693e+00  7.42209e+00
  1.00000e+00  9.00000e-01  5.30045e+00  5.22250e+00  9.11607e+00
  1.00000e+00  9.50000e-01  5.80013e+00  5.75554e+00  1.14529e+01
  1.00000e+00  1.00000e+00  6.38906e+00  6.38906e+00  1.36583e+01

  1.05000e+00  0.00000e+00  3.00053e+00  2.23488e+00  3.23729e+00
  1.05000e+00  5.00000e-02  3.00554e+00  2.22863e+00  3.25459e+00
  1.05000e+00  1.00000e-01  3.02069e+00  2.25724e+00  3.26250e+00
  1.05000e+00  1.50000e-01  3.04631e+00  2.29176e+00  3.28652e+00
  1.05000e+00  2.00000e-01  3.08299e+00  2.33245e+00  3.32662e+00
  1.05000e+00  2.50000e-01  3.13155e+00  2.41058e+00  3.35717e+00
  1.05000e+00  3.00000e-01  3.19311e+00  2.47803e+00  3.43955e+00
  1.05000e+00  3.50000e-01  3.26906e+00  2.58536e+00  3.51196e+00
  1.05000e+00  4.00000e-01  3.36116e+00  2.70430e+00  3.62140e+00
  1.05000e+00  4.50000e-01  3.47153e+00  2.83578e+00  3.76751e+00
  1.05000e+00  5.00000e-01  3.60276e+00  3.01583e+00  3.90256e+00
  1.05000e+00  5.50000e-01  3.75794e+00  3.19131e+00  4.17805e+00
  1.05000e+00  6.00000e-01  3.94075e+00  3.42078e+00  4.43959e+00
  1.05000e+00  6.50000e-01  4.15563e+00  3.67559e+00  4.83128e+00
  1.05000e+00  7.00000e-01  4.40782e+00  3.95739e+00  5.35038e+00
  1.05000e+00  7.50000e-01  4.70360e+00  4.31023e+00  5.84730e+00
  1.05000e+00  8.00000e-01  5.05045e+00  4.66931e+00  6.91790e+00
  1.05000e+00  8.50000e-01  5.45733e+00  5.10719e+00  7.94110e+00
  1.05000e+00  9.00000e-01  5.93492e+00  5.59276e+00  9.63508e+00
  1.05000e+00  9.50000e-01  6.49610e+00  6.12579e+00  1.19719e+01
  1.05000e+00  1.00000e+00  7.15630e+00  6.75931e+00  1.41773e+01

  1.10000e+00  0.00000e+00  3.30458e+00  2.62654e+00  3.72878e+00
  1.10000e+00  5.00000e-02  3.31035e+00  2.62029e+00  3.74608e+00
  1.10000e+00  1.00000e-01  3.32779e+00  2.64890e+00  3.75399e+00
  1.10000e+00  1.50000e-01  3.35728e+00  2.68342e+00  3.77802e+00
  1.10000e+00  2.00000e-01  3.39945e+00  2.72411e+00  3.81811e+00
  1.10000e+00  2.50000e-01  3.45521e+00  2.80224e+00  3.84866e+00
  1.10000e+00  3.00000e-01  3.52579e+00  2.86969e+00  3.93104e+00
  1.10000e+00  3.50000e-01  3.61273e+00  2.97702e+00  4.00345e+00
  1.10000e+00  4.00000e-01  3.71796e+00  3.09596e+00  4.11289e+00
  1.10000e+00  4.50000e-01  3.84383e+00  3.22744e+00  4.25900e+00
  1.10000e+00  5.00000e-01  3.99317e+00  3.40749e+00  4.39406e+00
  1.10000e+00  5.50000e-01  4.16939e+00  3.58297e+00  4.66954e+00
  1.10000e+00  6.00000e-01  4.37656e+00  3.81244e+00  4.93108e+00
  1.10000e+00  6.50000e-01  4.61954e+00  4.06725e+00  5.32277e+00
  1.10000e+00  7.00000e-01  4.90412e+00  4.34905e+00  5.84187e+00
  1.10000e+00  7.50000e-01  5.23722e+00  4.70189e+00  6.33879e+00
  1.10000e+00  8.00000e-01  5.62708e+00  5.06097e+00  7.40939e+00
  1.10000e+00  8.50000e-01  6.08354e+00  5.49885e+00  8.43259e+00
  1.10000e+00  9.00000e-01  6.61840e+00  5.98442e+00  1.01266e+01
  1.10000e+00  9.50000e-01  7.24581e+00  6.51745e+00  1.24634e+01
  1.10000e+00  1.00000e+00  7.98279e+00  7.15097e+00  1.46688e+01

  1.15000e+00  0.00000e+00  3.63192e+00  3.03593e+00  4.28322e+00
  1.15000e+00  5.00000e-02  3.63851e+00  3.02968e+00  4.30052e+00
  1.15000e+00  1.00000e-01  3.65842e+00  3.05829e+00  4.30843e+00
  1.15000e+00  1.50000e-01  3.69207e+00  3.09280e+00  4.33245e+00
  1.15000e+00  2.00000e-01  3.74014e+00  3.13349e+00  4.37255e+00
  1.15000e+00  2.50000e-01  3.80366e+00  3.21162e+00  4.40310e+00
  1.15000e+00  3.00000e-01  3.88396e+00  3.27907e+00  4.48548e+00
  1.15000e+00  3.50000e-01  3.98273e+00  3.38640e+00  4.55789e+00
  1.15000e+00  4.00000e-01  4.10210e+00  3.50534e+00  4.66733e+00
  1.15000e+00  4.50000e-01  4.24464e+00  3.63683e+00  4.81344e+00
  1.15000e+00  5.00000e-01  4.41348e+00  3.81688e+00  4.94849e+00
  1.15000e+00  5.50000e-01  4.61235e+00  3.99235e+00  5.22398e+00
  1.15000e+00  6.00000e-01  4.84574e+00  4.22183e+00  5.48552e+00
  1.15000e+00  6.50000e-01  5.11898e+00  4.47663e+00  5.87721e+00
  1.15000e+00  7.00000e-01  5.43844e+00  4.75844e+00  6.39631e+00
  1.15000e+00  7.50000e-01  5.81172e+00  5.11128e+00  6.89323e+00
  1.15000e+00  8.00000e-01  6.24787e+00  5.47035e+00  7.96383e+00
  1.15000e+00  8.50000e-01  6.75772e+00  5.90823e+00  8.98703e+00
  1.15000e+00  9.00000e-01  7.35423e+00  6.39380e+00  1.06810e+01
  1.15000e+00  9.50000e-01  8.05295e+00  6.92684e+00  1.30178e+01
  1.15000e+00  1.00000e+00  8.87259e+00  7.56035e+00  1.52232e+01

  1.20000e+00  0.00000e+00  3.98414e+00  3.46536e+00  4.90169e+00
  1.20000e+00  5.00000e-02  3.99161e+00  3.45911e+00  4.91900e+00
  1.20000e+00  1.00000e-01  4.01418e+00  3.48772e+00  4.92690e+00
  1.20000e+00  1.50000e-01  4.05230e+00  3.52223e+00  4.95093e+00
  1.20000e+00  2.00000e-01  4.10674e+00  3.56292e+00  4.99102e+00
  1.20000e+00  2.50000e-01  4.17860e+00  3.64105e+00  5.02158e+00
  1.20000e+00  3.00000e-01  4.26934e+00  3.70850e+00  5.10395e+00
  1.20000e+00  3.50000e-01  4.38085e+00  3.81583e+00  5.17637e+00
  1.20000e+00  4.00000e-01  4.51543e+00  3.93477e+00  5.28581e+00
  1.20000e+00  4.50000e-01  4.67592e+00  4.06626e+00  5.43191e+00
  1.20000e+00  5.00000e-01  4.86574e+00  4.24630e+00  5.56697e+00
  1.20000e+00  5.50000e-01  5.08899e+00  4.42178e+00  5.84246e+00
  1.20000e+00  6.00000e-01  5.35059e+00  4.65126e+00  6.10399e+00
  1.20000e+00  6.50000e-01  5.65639e+00  4.90606e+00  6.49568e+00
  1.20000e+00  7.00000e-01  6.01338e+00  5.18786e+00  7.01479e+00
  1.20000e+00  7.50000e-01  6.42988e+00  5.54070e+00  7.51171e+00
  1.20000e+00  8.00000e-01  6.91585e+00  5.89978e+00  8.58230e+00
  1.20000e+00  8.50000e-01  7.48314e+00  6.33766e+00  9.60550e+00
  1.20000e+00  9.00000e-01  8.14598e+00  6.82323e+00  1.12995e+01
  1.20000e+00  9.50000e-01  8.92143e+00  7.35627e+00  1.36363e+01
  1.20000e+00  1.00000e+00  9.83002e+00  7.98978e+00  1.58417e+01

  1.25000e+00  0.00000e+00  4.36293e+00  3.92182e+00  5.49593e+00
  1.25000e+00  5.00000e-02  4.37135e+00  3.91557e+00  5.51323e+00
  1.25000e+00  1.00000e-01  4.39678e+00  3.94418e+00  5.52114e+00
  1.25000e+00  1.50000e-01  4.43971e+00  3.97869e+00  5.54517e+00
  1.25000e+00  2.00000e-01  4.50098e+00  4.01938e+00  5.58526e+00
  1.25000e+00  2.50000e-01  4.58181e+00  4.09751e+00  5.61581e+00
  1.25000e+00  3.00000e-01  4.68380e+00  4.16497e+00  5.69819e+00
  1.25000e+00  3.50000e-01  4.80900e+00  4.27229e+00  5.77060e+00
  1.25000e+00  4.00000e-01  4.95994e+00  4.39124e+00  5.88004e+00
  1.25000e+00  4.50000e-01  5.13973e+00  4.52272e+00  6.02615e+00
  1.25000e+00  5.00000e-01  5.35211e+00  4.70277e+00  6.16121e+00
  1.25000e+00  5.50000e-01  5.60158e+00  4.87825e+00  6.43669e+00
  1.25000e+00  6.00000e-01  5.89351e+00  5.10772e+00  6.69823e+00
  1.25000e+00  6.50000e-01  6.23433e+00  5.36253e+00  7.08992e+00
  1.25000e+00  7.00000e-01  6.63168e+00  5.64433e+00  7.60902e+00
  1.25000e+00  7.50000e-01  7.09468e+00  5.99717e+00  8.10594e+00
  1.25000e+00  8.00000e-01  7.63421e+00  6.35625e+00  9.17654e+00
  1.25000e+00  8.50000e-01  8.26328e+00  6.79413e+00  1.01997e+01
  1.25000e+00  9.00000e-01  8.99746e+00  7.27970e+00  1.18937e+01
  1.25000e+00  9.50000e-01  9.85543e+00  7.81273e+00  1.42305e+01
  1.25000e+00  1.00000e+00  1.08597e+01  8.44625e+00  1.64359e+01

  1.30000e+00  0.00000e+00  4.77009e+00  4.38392e+00  6.26440e+00
  1.30000e+00  5.00000e-02  4.77953e+00  4.37767e+00  6.28170e+00
  1.30000e+00  1.00000e-01  4.80803e+00  4.40628e+00  6.28961e+00
  1.30000e+00  1.50000e-01  4.85613e+00  4.44079e+00  6.31364e+00
  1.30000e+00  2.00000e-01  4.92476e+00  4.48148e+00  6.35373e+00
  1.30000e+00  2.50000e-01  5.01523e+00  4.55961e+00  6.38428e+00
  1.30000e+00  3.00000e-01  5.12931e+00  4.62707e+00  6.46666e+00
  1.30000e+00  3.50000e-01  5.26922e+00  4.73439e+00  6.53907e+00
  1.30000e+00  4.00000e-01  5.43775e+00  4.85334e+00  6.64851e+00
  1.30000e+00  4.50000e-01  5.63828e+00  4.98482e+00  6.79462e+00
  1.30000e+00  5.00000e-01  5.87491e+00  5.16487e+00  6.92968e+00
  1.30000e+00  5.50000e-01  6.15256e+00  5.34035e+00  7.20516e+00
  1.30000e+00  6.00000e-01  6.47710e+00  5.56982e+00  7.46670e+00
  1.30000e+00  6.50000e-01  6.85556e+00  5.82463e+00  7.85839e+00
  1.30000e+00  7.00000e-01  7.29629e+00  6.10643e+00  8.37749e+00
  1.30000e+00  7.50000e-01  7.80926e+00  6.45927e+00  8.87441e+00
  1.30000e+00  8.00000e-01  8.40638e+00  6.81835e+00  9.94501e+00
  1.30000e+00  8.50000e-01  9.10185e+00  7.25623e+00  1.09682e+01
  1.30000e+00  9.00000e-01  9.91271e+00  7.74180e+00  1.26622e+01
  1.30000e+00  9.50000e-01  1.08594e+01  8.27483e+00  1.49990e+01
  1.30000e+00  1.00000e+00  1.19664e+01  8.90835e+00  1.72044e+01

  1.35000e+00  0.00000e+00  5.20752e+00  4.88003e+00  7.01254e+00
  1.35000e+00  5.00000e-02  5.21806e+00  4.87378e+00  7.02984e+00
  1.35000e+00  1.00000e-01  5.24986e+00  4.90239e+00  7.03775e+00
  1.35000e+00  1.50000e-01  5.30352e+00  4.93690e+00  7.06177e+00
  1.35000e+00  2.00000e-01  5.38005e+00  4.97759e+00  7.10187e+00
  1.35000e+00  2.50000e-01  5.48088e+00  5.05572e+00  7.13242e+00
  1.35000e+00  3.00000e-01  5.60794e+00  5.12317e+00  7.21479e+00
  1.35000e+00  3.50000e-01  5.76366e+00  5.23050e+00  7.28721e+00
  1.35000e+00  4.00000e-01  5.95109e+00  5.34944e+00  7.39665e+00
  1.35000e+00  4.50000e-01  6.17391e+00  5.48093e+00  7.54276e+00
  1.35000e+00  5.00000e-01  6.43659e+00  5.66097e+00  7.67781e+00
  1.35000e+00  5.50000e-01  6.74452e+00  5.83645e+00  7.95330e+00
  1.35000e+00  6.00000e-01  7.10410e+00  6.06593e+00  8.21483e+00
  1.35000e+00  6.50000e-01  7.52299e+00  6.32073e+00  8.60653e+00
  1.35000e+00  7.00000e-01  8.01033e+00  6.60253e+00  9.12563e+00
  1.35000e+00  7.50000e-01  8.57699e+00  6.95537e+00  9.62255e+00
  1.35000e+00  8.00000e-01  9.23597e+00  7.31445e+00  1.06931e+01
  1.35000e+00  8.50000e-01  1.00028e+01  7.75233e+00  1.17163e+01
  1.35000e+00  9.00000e-01  1.08960e+01  8.23790e+00  1.34103e+01
  1.35000e+00  9.50000e-01  1.19380e+01  8.77094e+00  1.57471e+01
  1.35000e+00  1.00000e+00  1.31555e+01  9.40445e+00  1.79525e+01

  1.40000e+00  0.00000e+00  5.67728e+00  5.40217e+00  7.86188e+00
  1.40000e+00  5.00000e-02  5.68899e+00  5.39592e+00  7.87918e+00
  1.40000e+00  1.00000e-01  5.72434e+00  5.42453e+00  7.88709e+00
  1.40000e+00  1.50000e-01  5.78397e+00  5.45904e+00  7.91112e+00
  1.40000e+00  2.00000e-01  5.86897e+00  5.49973e+00  7.95121e+00
  1.40000e+00  2.50000e-01  5.98093e+00  5.57786e+00  7.98176e+00
  1.40000e+00  3.00000e-01  6.12193e+00  5.64531e+00  8.06414e+00
  1.40000e+00  3.50000e-01  6.29464e+00  5.75264e+00  8.13655e+00
  1.40000e+00  4.00000e-01  6.50235e+00  5.87158e+00  8.24599e+00
  1.40000e+00  4.50000e-01  6.74910e+00  6.00307e+00  8.39210e+00
  1.40000e+00  5.00000e-01  7.03977e+00  6.18311e+00  8.52716e+00
  1.40000e+00  5.50000e-01  7.38021e+00  6.35859e+00  8.80264e+00
  1.40000e+00  6.00000e-01  7.77741e+00  6.58807e+00  9.06418e+00
  1.40000e+00  6.50000e-01  8.23973e+00  6.84287e+00  9.45587e+00
  1.40000e+00  7.00000e-01  8.77712e+00  7.12467e+00  9.97497e+00
  1.40000e+00  7.50000e-01  9.40144e+00  7.47751e+00  1.04719e+01
  1.40000e+00  8.00000e-01  1.01269e+01  7.83659e+00  1.15425e+01
  1.40000e+00  8.50000e-01  1.09703e+01  8.27447e+00  1.25657e+01
  1.40000e+00  9.00000e-01  1.19520e+01  8.76004e+00  1.42597e+01
  1.40000e+00  9.50000e-01  1.30963e+01  9.29308e+00  1.65965e+01
  1.40000e+00  1.00000e+00  1.44324e+01  9.92659e+00  1.88019e+01

  1.45000e+00  0.00000e+00  6.18152e+00  5.95253e+00  8.81394e+00
  1.45000e+00  5.00000e-02  6.19449e+00  5.94628e+00  8.83124e+00
  1.45000e+00  1.00000e-01  6.23364e+00  5.97489e+00  8.83915e+00
  1.45000e+00  1.50000e-01  6.29968e+00  6.00941e+00  8.86317e+00
  1.45000e+00  2.00000e-01  6.39379e+00  6.05010e+00  8.90327e+00
  1.45000e+00  2.50000e-01  6.51769e+00  6.12823e+00  8.93382e+00
  1.45000e+00  3.00000e-01  6.67366e+00  6.19568e+00  9.01619e+00
  1.45000e+00  3.50000e-01  6.86459e+00  6.30301e+00  9.08861e+00
  1.45000e+00  4.00000e-01  7.09408e+00  6.42195e+00  9.19805e+00
  1.45000e+00  4.50000e-01  7.36652e+00  6.55343e+00  9.34416e+00
  1.45000e+00  5.00000e-01  7.68722e+00  6.73348e+00  9.47921e+00
  1.45000e+00  5.50000e-01  8.06256e+00  6.90896e+00  9.75470e+00
  1.45000e+00  6.00000e-01  8.50015e+00  7.13843e+00  1.00162e+01
  1.45000e+00  6.50000e-01  9.00908e+00  7.39324e+00  1.04079e+01
  1.45000e+00  7.00000e-01  9.60019e+00  7.67504e+00  1.09270e+01
  1.45000e+00  7.50000e-01  1.02864e+01  8.02788e+00  1.14239e+01
  1.45000e+00  8.00000e-01  1.10831e+01  8.38696e+00  1.24945e+01
  1.45000e+00  8.50000e-01  1.20088e+01  8.82484e+00  1.35177e+01
  1.45000e+00  9.00000e-01  1.30855e+01  9.31041e+00  1.52117e+01
  1.45000e+00  9.50000e-01  1.43396e+01  9.84344e+00  1.75485e+01
  1.45000e+00  1.00000e+00  1.58031e+01  1.04770e+01  1.97539e+01

  1.50000e+00  0.00000e+00  6.72253e+00  6.54585e+00  9.75017e+00
  1.50000e+00  5.00000e-02  6.73686e+00  6.53960e+00  9.76747e+00
  1.50000e+00  1.00000e-01  6.78010e+00  6.56820e+00  9.77538e+00
  1.50000e+00  1.50000e-01  6.85301e+00  6.60272e+00  9.79940e+00
  1.50000e+00  2.00000e-01  6.95689e+00  6.64341e+00  9.83950e+00
  1.50000e+00  2.50000e-01  7.09360e+00  6.72154e+00  9.87005e+00
  1.50000e+00  3.00000e-01  7.26562e+00  6.78899e+00  9.95242e+00
  1.50000e+00  3.50000e-01  7.47611e+00  6.89632e+00  1.00248e+01
  1.50000e+00  4.00000e-01  7.72897e+00  7.01526e+00  1.01343e+01
  1.50000e+00  4.50000e-01  8.02897e+00  7.14675e+00  1.02804e+01
  1.50000e+00  5.00000e-01  8.38190e+00  7.32679e+00  1.04154e+01
  1.50000e+00  5.50000e-01  8.79469e+00  7.50227e+00  1.06909e+01
  1.50000e+00  6.00000e-01  9.27561e+00  7.73174e+00  1.09525e+01
  1.50000e+00  6.50000e-01  9.83455e+00  7.98655e+00  1.13442e+01
  1.50000e+00  7.00000e-01  1.04833e+01  8.26835e+00  1.18633e+01
  1.50000e+00  7.50000e-01  1.12359e+01  8.62119e+00  1.23602e+01
  1.50000e+00  8.00000e-01  1.21092e+01  8.98027e+00  1.34308e+01
  1.50000e+00  8.50000e-01  1.31231e+01  9.41815e+00  1.44540e+01
  1.50000e+00  9.00000e-01  1.43016e+01  9.90372e+00  1.61480e+01
  1.50000e+00  9.50000e-01  1.56737e+01  1.04368e+01  1.84847e+01
  1.50000e+00  1.00000e+00  1.72737e+01  1.10703e+01  2.06902e+01

  1.55000e+00  0.00000e+00  7.30278e+00  7.15091e+00  1.09604e+01
  1.55000e+00  5.00000e-02  7.31856e+00  7.14466e+00  1.09777e+01
  1.55000e+00  1.00000e-01  7.36617e+00  7.17327e+00  1.09856e+01
  1.55000e+00  1.50000e-01  7.44645e+00  7.20779e+00  1.10097e+01
  1.55000e+00  2.00000e-01  7.56081e+00  7.24848e+00  1.10498e+01
  1.55000e+00  2.50000e-01  7.71127e+00  7.32661e+00  1.10803e+01
  1.55000e+00  3.00000e-01  7.90051e+00  7.39406e+00  1.11627e+01
  1.55000e+00  3.50000e-01  8.13197e+00  7.50139e+00  1.12351e+01
  1.55000e+00  4.00000e-01  8.40989e+00  7.62033e+00  1.13445e+01
  1.55000e+00  4.50000e-01  8.73946e+00  7.75181e+00  1.14907e+01
  1.55000e+00  5.00000e-01  9.12695e+00  7.93186e+00  1.16257e+01
  1.55000e+00  5.50000e-01  9.57990e+00  8.10734e+00  1.19012e+01
  1.55000e+00  6.00000e-01  1.01073e+01  8.33681e+00  1.21627e+01
  1.55000e+00  6.50000e-01  1.07199e+01  8.59162e+00  1.25544e+01
  1.55000e+00  7.00000e-01  1.14304e+01  8.87342e+00  1.30735e+01
  1.55000e+00  7.50000e-01  1.22543e+01  9.22626e+00  1.35704e+01
  1.55000e+00  8.00000e-01  1.32096e+01  9.58534e+00  1.46410e+01
  1.55000e+00  8.50000e-01  1.43181e+01  1.00232e+01  1.56642e+01
  1.55000e+00  9.00000e-01  1.56060e+01  1.05088e+01  1.73582e+01
  1.55000e+00  9.50000e-01  1.71044e+01  1.10418e+01  1.96950e+01
  1.55000e+00  1.00000e+00  1.88510e+01  1.16753e+01  2.19004e+01

  1.60000e+00  0.00000e+00  7.92485e+00  7.80743e+00  1.21598e+01
  1.60000e+00  5.00000e-02  7.94219e+00  7.80118e+00  1.21771e+01
  1.60000e+00  1.00000e-01  7.99450e+00  7.82979e+00  1.21850e+01
  1.60000e+00  1.50000e-01  8.08268e+00  7.86430e+00  1.22091e+01
  1.60000e+00  2.00000e-01  8.20827e+00  7.90499e+00  1.22492e+01
  1.60000e+00  2.50000e-01  8.37346e+00  7.98312e+00  1.22797e+01
  1.60000e+00  3.00000e-01  8.58117e+00  8.05058e+00  1.23621e+01
  1.60000e+00  3.50000e-01  8.83511e+00  8.15790e+00  1.24345e+01
  1.60000e+00  4.00000e-01  9.13990e+00  8.27685e+00  1.25440e+01
  1.60000e+00  4.50000e-01  9.50116e+00  8.40833e+00  1.26901e+01
  1.60000e+00  5.00000e-01  9.92571e+00  8.58838e+00  1.28251e+01
  1.60000e+00  5.50000e-01  1.04217e+01  8.76385e+00  1.31006e+01
  1.60000e+00  6.00000e-01  1.09989e+01  8.99333e+00  1.33621e+01
  1.60000e+00  6.50000e-01  1.16690e+01  9.24814e+00  1.37538e+01
  1.60000e+00  7.00000e-01  1.24459e+01  9.52994e+00  1.42729e+01
  1.60000e+00  7.50000e-01  1.33460e+01  9.88278e+00  1.47698e+01
  1.60000e+00  8.00000e-01  1.43893e+01  1.02419e+01  1.58404e+01
  1.60000e+00  8.50000e-01  1.55993e+01  1.06797e+01  1.68636e+01
  1.60000e+00  9.00000e-01  1.70043e+01  1.11653e+01  1.85576e+01
  1.60000e+00  9.50000e-01  1.86383e+01  1.16983e+01  2.08944e+01
  1.60000e+00  1.00000e+00  2.05420e+01  1.23319e+01  2.30998e+01

  1.65000e+00  0.00000e+00  8.59152e+00  8.50113e+00  1.35330e+01
  1.65000e+00  5.00000e-02  8.61052e+00  8.49488e+00  1.35503e+01
  1.65000e+00  1.00000e-01  8.66786e+00  8.52348e+00  1.35583e+01
  1.65000e+00  1.50000e-01  8.76452e+00  8.55800e+00  1.35823e+01
  1.65000e+00  2.00000e-01  8.90214e+00  8.59869e+00  1.36224e+01
  1.65000e+00  2.50000e-01  9.08312e+00  8.67682e+00  1.36529e+01
  1.65000e+00  3.00000e-01  9.31062e+00  8.74427e+00  1.37353e+01
  1.65000e+00  3.50000e-01  9.58866e+00  8.85160e+00  1.38077e+01
  1.65000e+00  4.00000e-01  9.92224e+00  8.97054e+00  1.39172e+01
  1.65000e+00  4.50000e-01  1.03175e+01  9.10203e+00  1.40633e+01
  1.65000e+00  5.00000e-01  1.07817e+01  9.28207e+00  1.41983e+01
  1.65000e+00  5.50000e-01  1.13239e+01  9.45755e+00  1.44738e+01
  1.65000e+00  6.00000e-01  1.19545e+01  9.68702e+00  1.47353e+01
  1.65000e+00  6.50000e-01  1.26862e+01  9.94183e+00  1.51270e+01
  1.65000e+00  7.00000e-01  1.35341e+01  1.02236e+01  1.56461e+01
  1.65000e+00  7.50000e-01  1.45161e+01  1.05765e+01  1.61431e+01
  1.65000e+00  8.00000e-01  1.56536e+01  1.09356e+01  1.72137e+01
  1.65000e+00  8.50000e-01  1.69724e+01  1.13734e+01  1.82369e+01
  1.65000e+00  9.00000e-01  1.85029e+01  1.18590e+01  1.99308e+01
  1.65000e+00  9.50000e-01  2.02821e+01  1.23920e+01  2.22676e+01
  1.65000e+00  1.00000e+00  2.23542e+01  1.30256e+01  2.44730e+01

  1.70000e+00  0.00000e+00  9.30571e+00  9.23398e+00  1.50817e+01
  1.70000e+00  5.00000e-02  9.32650e+00  9.22773e+00  1.50990e+01
  1.70000e+00  1.00000e-01  9.38923e+00  9.25634e+00  1.51069e+01
  1.70000e+00  1.50000e-01  9.49496e+00  9.29085e+00  1.51310e+01
  1.70000e+00  2.00000e-01  9.64548e+00  9.33154e+00  1.51711e+01
  1.70000e+00  2.50000e-01  9.84338e+00  9.40968e+00  1.52016e+01
  1.70000e+00  3.00000e-01  1.00921e+01  9.47713e+00  1.52840e+01
  1.70000e+00  3.50000e-01  1.03959e+01  9.58446e+00  1.53564e+01
  1.70000e+00  4.00000e-01  1.07604e+01  9.70340e+00  1.54658e+01
  1.70000e+00  4.50000e-01  1.11920e+01  9.83488e+00  1.56120e+01
  1.70000e+00  5.00000e-01  1.16988e+01  1.00149e+01  1.57470e+01
  1.70000e+00  5.50000e-01  1.22903e+01  1.01904e+01  1.60225e+01
  1.70000e+00  6.00000e-01  1.29781e+01  1.04199e+01  1.62840e+01
  1.70000e+00  6.50000e-01  1.37759e+01  1.06747e+01  1.66757e+01
  1.70000e+00  7.00000e-01  1.46999e+01  1.09565e+01  1.71948e+01
  1.70000e+00  7.50000e-01  1.57695e+01  1.13093e+01  1.76917e+01
  1.70000e+00  8.00000e-01  1.70081e+01  1.16684e+01  1.87623e+01
  1.70000e+00  8.50000e-01  1.84433e+01  1.21063e+01  1.97855e+01
  1.70000e+00  9.00000e-01  2.01084e+01  1.25919e+01  2.14795e+01
  1.70000e+00  9.50000e-01  2.20431e+01  1.31249e+01  2.38163e+01
  1.70000e+00  1.00000e+00  2.42955e+01  1.37584e+01  2.60217e+01

  1.75000e+00  0.00000e+00  1.00706e+01  1.00317e+01  1.66246e+01
  1.75000e+00  5.00000e-02  1.00933e+01  1.00255e+01  1.66419e+01
  1.75000e+00  1.00000e-01  1.01618e+01  1.00541e+01  1.66498e+01
  1.75000e+00  1.50000e-01  1.02772e+01  1.00886e+01  1.66738e+01
  1.75000e+00  2.00000e-01  1.04415e+01  1.01293e+01  1.67139e+01
  1.75000e+00  2.50000e-01  1.06575e+01  1.02074e+01  1.67444e+01
  1.75000e+00  3.00000e-01  1.09289e+01  1.02749e+01  1.68268e+01
  1.75000e+00  3.50000e-01  1.12604e+01  1.03822e+01  1.68992e+01
  1.75000e+00  4.00000e-01  1.16579e+01  1.05012e+01  1.70087e+01
  1.75000e+00  4.50000e-01  1.21285e+01  1.06326e+01  1.71548e+01
  1.75000e+00  5.00000e-01  1.26808e+01  1.08127e+01  1.72898e+01
  1.75000e+00  5.50000e-01  1.33254e+01  1.09882e+01  1.75653e+01
  1.75000e+00  6.00000e-01  1.40744e+01  1.12176e+01  1.78269e+01
  1.75000e+00  6.50000e-01  1.49429e+01  1.14724e+01  1.82186e+01
  1.75000e+00  7.00000e-01  1.59483e+01  1.17542e+01  1.87377e+01
  1.75000e+00  7.50000e-01  1.71119e+01  1.21071e+01  1.92346e+01
  1.75000e+00  8.00000e-01  1.84586e+01  1.24662e+01  2.03052e+01
  1.75000e+00  8.50000e-01  2.00186e+01  1.29040e+01  2.13284e+01
  1.75000e+00  9.00000e-01  2.18277e+01  1.33896e+01  2.30224e+01
  1.75000e+00  9.50000e-01  2.39291e+01  1.39226e+01  2.53591e+01
  1.75000e+00  1.00000e+00  2.63746e+01  1.45562e+01  2.75646e+01

  1.80000e+00  0.00000e+00  1.08894e+01  1.08489e+01  1.86350e+01
  1.80000e+00  5.00000e-02  1.09141e+01  1.08427e+01  1.86523e+01
  1.80000e+00  1.00000e-01  1.09888e+01  1.08713e+01  1.86602e+01
  1.80000e+00  1.50000e-01  1.11147e+01  1.09058e+01  1.86842e+01
  1.80000e+00  2.00000e-01  1.12938e+01  1.09465e+01  1.87243e+01
  1.80000e+00  2.50000e-01  1.15292e+01  1.10246e+01  1.87548e+01
  1.80000e+00  3.00000e-01  1.18249e+01  1.10921e+01  1.88372e+01
  1.80000e+00  3.50000e-01  1.21860e+01  1.11994e+01  1.89096e+01
  1.80000e+00  4.00000e-01  1.26188e+01  1.13184e+01  1.90191e+01
  1.80000e+00  4.50000e-01  1.31311e+01  1.14498e+01  1.91652e+01
  1.80000e+00  5.00000e-01  1.37322e+01  1.16299e+01  1.93002e+01
  1.80000e+00  5.50000e-01  1.44334e+01  1.18054e+01  1.95757e+01
  1.80000e+00  6.00000e-01  1.52480e+01  1.20348e+01  1.98373e+01
  1.80000e+00  6.50000e-01  1.61922e+01  1.22897e+01  2.02289e+01
  1.80000e+00  7.00000e-01  1.72849e+01  1.25715e+01  2.07480e+01
  1.80000e+00  7.50000e-01  1.85489e+01  1.29243e+01  2.12450e+01
  1.80000e+00  8.00000e-01  2.00115e+01  1.32834e+01  2.23156e+01
  1.80000e+00  8.50000e-01  2.17050e+01  1.37213e+01  2.33388e+01
  1.80000e+00  9.00000e-01  2.36683e+01  1.42068e+01  2.50327e+01
  1.80000e+00  9.50000e-01  2.59481e+01  1.47399e+01  2.73695e+01
  1.80000e+00  1.00000e+00  2.86004e+01  1.53734e+01  2.95749e+01

  1.85000e+00  0.00000e+00  1.17657e+01  1.17416e+01  2.06437e+01
  1.85000e+00  5.00000e-02  1.17926e+01  1.17353e+01  2.06610e+01
  1.85000e+00  1.00000e-01  1.18739e+01  1.17639e+01  2.06689e+01
  1.85000e+00  1.50000e-01  1.20109e+01  1.17985e+01  2.06929e+01
  1.85000e+00  2.00000e-01  1.22058e+01  1.18391e+01  2.07330e+01
  1.85000e+00  2.50000e-01  1.24620e+01  1.19173e+01  2.07635e+01
  1.85000e+00  3.00000e-01  1.27837e+01  1.19847e+01  2.08459e+01
  1.85000e+00  3.50000e-01  1.31765e+01  1.20921e+01  2.09183e+01
  1.85000e+00  4.00000e-01  1.36471e+01  1.22110e+01  2.10278e+01
  1.85000e+00  4.50000e-01  1.42041e+01  1.23425e+01  2.11739e+01
  1.85000e+00  5.00000e-01  1.48574e+01  1.25225e+01  2.13089e+01
  1.85000e+00  5.50000e-01  1.56192e+01  1.26980e+01  2.15844e+01
  1.85000e+00  6.00000e-01  1.65041e+01  1.29275e+01  2.18460e+01
  1.85000e+00  6.50000e-01  1.75292e+01  1.31823e+01  2.22377e+01
  1.85000e+00  7.00000e-01  1.87153e+01  1.34641e+01  2.27568e+01
  1.85000e+00  7.50000e-01  2.00869e+01  1.38169e+01  2.32537e+01
  1.85000e+00  8.00000e-01  2.16734e+01  1.41760e+01  2.43243e+01
  1.85000e+00  8.50000e-01  2.35098e+01  1.46139e+01  2.53475e+01
  1.85000e+00  9.00000e-01  2.56381e+01  1.50995e+01  2.70415e+01
  1.85000e+00  9.50000e-01  2.81088e+01  1.56325e+01  2.93782e+01
  1.85000e+00  1.00000e+00  3.09824e+01  1.62660e+01  3.15837e+01

  1.90000e+00  0.00000e+00  1.27032e+01  1.26863e+01  2.29644e+01
  1.90000e+00  5.00000e-02  1.27325e+01  1.26800e+01  2.29817e+01
  1.90000e+00  1.00000e-01  1.28209e+01  1.27086e+01  2.29896e+01
  1.90000e+00  1.50000e-01  1.29698e+01  1.27432e+01  2.30137e+01
  1.90000e+00  2.00000e-01  1.31816e+01  1.27838e+01  2.30537e+01
  1.90000e+00  2.50000e-01  1.34600e+01  1.28620e+01  2.30843e+01
  1.90000e+00  3.00000e-01  1.38095e+01  1.29294e+01  2.31667e+01
  1.90000e+00  3.50000e-01  1.42362e+01  1.30368e+01  2.32391e+01
  1.90000e+00  4.00000e-01  1.47473e+01  1.31557e+01  2.33485e+01
  1.90000e+00  4.50000e-01  1.53521e+01  1.32872e+01  2.34946e+01
  1.90000e+00  5.00000e-01  1.60612e+01  1.34672e+01  2.36297e+01
  1.90000e+00  5.50000e-01  1.68879e+01  1.36427e+01  2.39052e+01
  1.90000e+00  6.00000e-01  1.78479e+01  1.38722e+01  2.41667e+01
  1.90000e+00  6.50000e-01  1.89597e+01  1.41270e+01  2.45584e+01
  1.90000e+00  7.00000e-01  2.02456e+01  1.44088e+01  2.50775e+01
  1.90000e+00  7.50000e-01  2.17323e+01  1.47616e+01  2.55744e+01
  1.90000e+00  8.00000e-01  2.34514e+01  1.51207e+01  2.66450e+01
  1.90000e+00  8.50000e-01  2.54407e+01  1.55586e+01  2.76682e+01
  1.90000e+00  9.00000e-01  2.77456e+01  1.60442e+01  2.93622e+01
  1.90000e+00  9.50000e-01  3.04205e+01  1.65772e+01  3.16990e+01
  1.90000e+00  1.00000e+00  3.35309e+01  1.72107e+01  3.39044e+01

  1.95000e+00  0.00000e+00  1.37059e+01  1.36847e+01  2.55978e+01
  1.95000e+00  5.00000e-02  1.37377e+01  1.36785e+01  2.56151e+01
  1.95000e+00  1.00000e-01  1.38337e+01  1.37071e+01  2.56230e+01
  1.95000e+00  1.50000e-01  1.39953e+01  1.37416e+01  2.56470e+01
  1.95000e+00  2.00000e-01  1.42253e+01  1.37823e+01  2.56871e+01
  1.95000e+00  2.50000e-01  1.45274e+01  1.38604e+01  2.57176e+01
  1.95000e+00  3.00000e-01  1.49067e+01  1.39278e+01  2.58000e+01
  1.95000e+00  3.50000e-01  1.53696e+01  1.40352e+01  2.58724e+01
  1.95000e+00  4.00000e-01  1.59241e+01  1.41541e+01  2.59819e+01
  1.95000e+00  4.50000e-01  1.65799e+01  1.42856e+01  2.61280e+01
  1.95000e+00  5.00000e-01  1.73488e+01  1.44657e+01  2.62630e+01
  1.95000e+00  5.50000e-01  1.82449e+01  1.46411e+01  2.65385e+01
  1.95000e+00  6.00000e-01  1.92851e+01  1.48706e+01  2.68001e+01
  1.95000e+00  6.50000e-01  2.04896e+01  1.51254e+01  2.71918e+01
  1.95000e+00  7.00000e-01  2.18824e+01  1.54072e+01  2.77109e+01
  1.95000e+00  7.50000e-01  2.34922e+01  1.57601e+01  2.82078e+01
  1.95000e+00  8.00000e-01  2.53531e+01  1.61191e+01  2.92784e+01
  1.95000e+00  8.50000e-01  2.75059e+01  1.65570e+01  3.03016e+01
  1.95000e+00  9.00000e-01  2.99997e+01  1.70426e+01  3.19956e+01
  1.95000e+00  9.50000e-01  3.28931e+01  1.75756e+01  3.43323e+01
  1.95000e+00  1.00000e+00  3.62566e+01  1.82091e+01  3.65378e+01

  2.00000e+00  0.00000e+00  1.47781e+01  1.47781e+01  2.82311e+01
  2.00000e+00  5.00000e-02  1.48126e+01  1.47719e+01  2.82484e+01
  2.00000e+00  1.00000e-01  1.49166e+01  1.48005e+01  2.82563e+01
  2.00000e+00  1.50000e-01  1.50919e+01  1.48350e+01  2.82803e+01
  2.00000e+00  2.00000e-01  1.53412e+01  1.48757e+01  2.83204e+01
  2.00000e+00  2.50000e-01  1.56687e+01  1.49538e+01  2.83510e+01
  2.00000e+00  3.00000e-01  1.60798e+01  1.50213e+01  2.84333e+01
  2.00000e+00  3.50000e-01  1.65815e+01  1.51286e+01  2.85058e+01
  2.00000e+00  4.00000e-01  1.71823e+01  1.52475e+01  2.86152e+01
  2.00000e+00  4.50000e-01  1.78927e+01  1.53790e+01  2.87613e+01
  2.00000e+00  5.00000e-01  1.87255e+01  1.55591e+01  2.88964e+01
  2.00000e+00  5.50000e-01  1.96958e+01  1.57345e+01  2.91718e+01
  2.00000e+00  6.00000e-01  2.08219e+01  1.59640e+01  2.94334e+01
  2.00000e+00  6.50000e-01  2.21255e+01  1.62188e+01  2.98251e+01
  2.00000e+00  7.00000e-01  2.36326e+01  1.65006e+01  3.03442e+01
  2.00000e+00  7.50000e-01  2.53739e+01  1.68535e+01  3.08411e+01
  2.00000e+00  8.00000e-01  2.73864e+01  1.72125e+01  3.19117e+01
  2.00000e+00  8.50000e-01  2.97141e+01  1.76504e+01  3.29349e+01
  2.00000e+00  9.00000e-01  3.24098e+01  1.81360e+01  3.46289e+01
  2.00000e+00  9.50000e-01  3.55368e+01  1.86690e+01  3.69657e+01
  2.00000e+00  1.00000e+00  3.91711e+01  1.93025e+01  3.91711e+01

